"pkg-config --exists sqlite3"
| pkg-config --libs sqlite3
=> "-L/data/data/com.termux/files/usr/lib -lsqlite3\n"
"aarch64-linux-android-clang -o conftest -I/data/data/com.termux/files/usr/include/ruby-2.4.0/aarch64-linux-android -I/data/data/com.termux/files/usr/include/ruby-2.4.0/ruby/backward -I/data/data/com.termux/files/usr/include/ruby-2.4.0 -I. -I/data/data/com.termux/files/usr/include -isystem /data/data/com.termux/files/usr/include/libandroid-support    -Os -fPIC conftest.c  -L. -L/data/data/com.termux/files/usr/lib -L. -L/data/data/com.termux/files/usr/lib -landroid-support -fstack-protector -rdynamic -Wl,-export-dynamic     -lruby  -lgmp -ldl -lm   -lc"
checked program was:
/* begin */
1: #include "ruby.h"
2: 
3: int main(int argc, char **argv)
4: {
5:   return 0;
6: }
/* end */

"aarch64-linux-android-clang -o conftest -I/data/data/com.termux/files/usr/include/ruby-2.4.0/aarch64-linux-android -I/data/data/com.termux/files/usr/include/ruby-2.4.0/ruby/backward -I/data/data/com.termux/files/usr/include/ruby-2.4.0 -I. -I/data/data/com.termux/files/usr/include -isystem /data/data/com.termux/files/usr/include/libandroid-support    -Os -fPIC conftest.c  -L. -L/data/data/com.termux/files/usr/lib -L. -L/data/data/com.termux/files/usr/lib -landroid-support -fstack-protector -rdynamic -Wl,-export-dynamic     -lruby -L/data/data/com.termux/files/usr/lib -lsqlite3 -lgmp -ldl -lm   -lc"
checked program was:
/* begin */
1: #include "ruby.h"
2: 
3: int main(int argc, char **argv)
4: {
5:   return 0;
6: }
/* end */

| pkg-config --cflags-only-I sqlite3
=> "-I/data/data/com.termux/files/usr/include\n"
| pkg-config --cflags-only-other sqlite3
=> "\n"
| pkg-config --libs-only-l sqlite3
=> "-lsqlite3\n"
package configuration for sqlite3
cflags: 
ldflags: -L/data/data/com.termux/files/usr/lib
libs: -lsqlite3

find_header: checking for sqlite3.h... -------------------- yes

"aarch64-linux-android-cpp -I/data/data/com.termux/files/usr/include/ruby-2.4.0/aarch64-linux-android -I/data/data/com.termux/files/usr/include/ruby-2.4.0/ruby/backward -I/data/data/com.termux/files/usr/include/ruby-2.4.0 -I. -I/data/data/com.termux/files/usr/include -I/data/data/com.termux/files/usr/include -isystem /data/data/com.termux/files/usr/include/libandroid-support    -Os -fPIC   conftest.c -o conftest.i"
checked program was:
/* begin */
1: #include "ruby.h"
2: 
3: #include <sqlite3.h>
/* end */

--------------------

find_library: checking for pthread_create() in -lpthread... -------------------- yes

"aarch64-linux-android-clang -o conftest -I/data/data/com.termux/files/usr/include/ruby-2.4.0/aarch64-linux-android -I/data/data/com.termux/files/usr/include/ruby-2.4.0/ruby/backward -I/data/data/com.termux/files/usr/include/ruby-2.4.0 -I. -I/data/data/com.termux/files/usr/include -I/data/data/com.termux/files/usr/include -isystem /data/data/com.termux/files/usr/include/libandroid-support    -Os -fPIC  conftest.c  -L. -L/data/data/com.termux/files/usr/lib -L. -L/data/data/com.termux/files/usr/lib -landroid-support -fstack-protector -rdynamic -Wl,-export-dynamic -L/data/data/com.termux/files/usr/lib     -lsqlite3 -lruby -lpthread  -lsqlite3 -lgmp -ldl -lm   -lc"
conftest.c:13:57: error: use of undeclared identifier 'pthread_create'
int t(void) { void ((*volatile p)()); p = (void ((*)()))pthread_create; return !p; }
                                                        ^
1 error generated.
checked program was:
/* begin */
 1: #include "ruby.h"
 2: 
 3: /*top*/
 4: extern int t(void);
 5: int main(int argc, char **argv)
 6: {
 7:   if (argc > 1000000) {
 8:     printf("%p", &t);
 9:   }
10: 
11:   return 0;
12: }
13: int t(void) { void ((*volatile p)()); p = (void ((*)()))pthread_create; return !p; }
/* end */

"aarch64-linux-android-clang -o conftest -I/data/data/com.termux/files/usr/include/ruby-2.4.0/aarch64-linux-android -I/data/data/com.termux/files/usr/include/ruby-2.4.0/ruby/backward -I/data/data/com.termux/files/usr/include/ruby-2.4.0 -I. -I/data/data/com.termux/files/usr/include -I/data/data/com.termux/files/usr/include -isystem /data/data/com.termux/files/usr/include/libandroid-support    -Os -fPIC  conftest.c  -L. -L/data/data/com.termux/files/usr/lib -L. -L/data/data/com.termux/files/usr/lib -landroid-support -fstack-protector -rdynamic -Wl,-export-dynamic -L/data/data/com.termux/files/usr/lib     -lsqlite3 -lruby -lpthread  -lsqlite3 -lgmp -ldl -lm   -lc"
checked program was:
/* begin */
 1: #include "ruby.h"
 2: 
 3: /*top*/
 4: extern int t(void);
 5: int main(int argc, char **argv)
 6: {
 7:   if (argc > 1000000) {
 8:     printf("%p", &t);
 9:   }
10: 
11:   return 0;
12: }
13: extern void pthread_create();
14: int t(void) { pthread_create(); return 0; }
/* end */

--------------------

find_library: checking for sqlite3_libversion_number() in -lsqlite3... -------------------- yes

"aarch64-linux-android-clang -o conftest -I/data/data/com.termux/files/usr/include/ruby-2.4.0/aarch64-linux-android -I/data/data/com.termux/files/usr/include/ruby-2.4.0/ruby/backward -I/data/data/com.termux/files/usr/include/ruby-2.4.0 -I. -I/data/data/com.termux/files/usr/include -I/data/data/com.termux/files/usr/include -isystem /data/data/com.termux/files/usr/include/libandroid-support    -Os -fPIC  conftest.c  -L. -L/data/data/com.termux/files/usr/lib -L. -L/data/data/com.termux/files/usr/lib -landroid-support -fstack-protector -rdynamic -Wl,-export-dynamic -L/data/data/com.termux/files/usr/lib    -lpthread  -lsqlite3 -lruby -lsqlite3 -lpthread  -lsqlite3 -lgmp -ldl -lm   -lc"
conftest.c:13:57: error: use of undeclared identifier 'sqlite3_libversion_number'
int t(void) { void ((*volatile p)()); p = (void ((*)()))sqlite3_libversion_number; return !p; }
                                                        ^
1 error generated.
checked program was:
/* begin */
 1: #include "ruby.h"
 2: 
 3: /*top*/
 4: extern int t(void);
 5: int main(int argc, char **argv)
 6: {
 7:   if (argc > 1000000) {
 8:     printf("%p", &t);
 9:   }
10: 
11:   return 0;
12: }
13: int t(void) { void ((*volatile p)()); p = (void ((*)()))sqlite3_libversion_number; return !p; }
/* end */

"aarch64-linux-android-clang -o conftest -I/data/data/com.termux/files/usr/include/ruby-2.4.0/aarch64-linux-android -I/data/data/com.termux/files/usr/include/ruby-2.4.0/ruby/backward -I/data/data/com.termux/files/usr/include/ruby-2.4.0 -I. -I/data/data/com.termux/files/usr/include -I/data/data/com.termux/files/usr/include -isystem /data/data/com.termux/files/usr/include/libandroid-support    -Os -fPIC  conftest.c  -L. -L/data/data/com.termux/files/usr/lib -L. -L/data/data/com.termux/files/usr/lib -landroid-support -fstack-protector -rdynamic -Wl,-export-dynamic -L/data/data/com.termux/files/usr/lib    -lpthread  -lsqlite3 -lruby -lsqlite3 -lpthread  -lsqlite3 -lgmp -ldl -lm   -lc"
checked program was:
/* begin */
 1: #include "ruby.h"
 2: 
 3: /*top*/
 4: extern int t(void);
 5: int main(int argc, char **argv)
 6: {
 7:   if (argc > 1000000) {
 8:     printf("%p", &t);
 9:   }
10: 
11:   return 0;
12: }
13: extern void sqlite3_libversion_number();
14: int t(void) { sqlite3_libversion_number(); return 0; }
/* end */

--------------------

have_func: checking for rb_proc_arity()... -------------------- yes

"aarch64-linux-android-clang -o conftest -I/data/data/com.termux/files/usr/include/ruby-2.4.0/aarch64-linux-android -I/data/data/com.termux/files/usr/include/ruby-2.4.0/ruby/backward -I/data/data/com.termux/files/usr/include/ruby-2.4.0 -I. -I/data/data/com.termux/files/usr/include -I/data/data/com.termux/files/usr/include -isystem /data/data/com.termux/files/usr/include/libandroid-support    -Os -fPIC  conftest.c  -L. -L/data/data/com.termux/files/usr/lib -L. -L/data/data/com.termux/files/usr/lib -landroid-support -fstack-protector -rdynamic -Wl,-export-dynamic -L/data/data/com.termux/files/usr/lib    -lsqlite3 -lpthread  -lsqlite3 -lruby -lsqlite3 -lpthread  -lsqlite3 -lgmp -ldl -lm   -lc"
checked program was:
/* begin */
 1: #include "ruby.h"
 2: 
 3: /*top*/
 4: extern int t(void);
 5: int main(int argc, char **argv)
 6: {
 7:   if (argc > 1000000) {
 8:     printf("%p", &t);
 9:   }
10: 
11:   return 0;
12: }
13: int t(void) { void ((*volatile p)()); p = (void ((*)()))rb_proc_arity; return !p; }
/* end */

--------------------

have_func: checking for rb_integer_pack()... -------------------- yes

"aarch64-linux-android-clang -o conftest -I/data/data/com.termux/files/usr/include/ruby-2.4.0/aarch64-linux-android -I/data/data/com.termux/files/usr/include/ruby-2.4.0/ruby/backward -I/data/data/com.termux/files/usr/include/ruby-2.4.0 -I. -I/data/data/com.termux/files/usr/include -I/data/data/com.termux/files/usr/include -isystem /data/data/com.termux/files/usr/include/libandroid-support    -Os -fPIC  conftest.c  -L. -L/data/data/com.termux/files/usr/lib -L. -L/data/data/com.termux/files/usr/lib -landroid-support -fstack-protector -rdynamic -Wl,-export-dynamic -L/data/data/com.termux/files/usr/lib    -lsqlite3 -lpthread  -lsqlite3 -lruby -lsqlite3 -lpthread  -lsqlite3 -lgmp -ldl -lm   -lc"
checked program was:
/* begin */
 1: #include "ruby.h"
 2: 
 3: /*top*/
 4: extern int t(void);
 5: int main(int argc, char **argv)
 6: {
 7:   if (argc > 1000000) {
 8:     printf("%p", &t);
 9:   }
10: 
11:   return 0;
12: }
13: int t(void) { void ((*volatile p)()); p = (void ((*)()))rb_integer_pack; return !p; }
/* end */

--------------------

have_func: checking for sqlite3_initialize()... -------------------- yes

"aarch64-linux-android-clang -o conftest -I/data/data/com.termux/files/usr/include/ruby-2.4.0/aarch64-linux-android -I/data/data/com.termux/files/usr/include/ruby-2.4.0/ruby/backward -I/data/data/com.termux/files/usr/include/ruby-2.4.0 -I. -I/data/data/com.termux/files/usr/include -I/data/data/com.termux/files/usr/include -isystem /data/data/com.termux/files/usr/include/libandroid-support    -Os -fPIC  conftest.c  -L. -L/data/data/com.termux/files/usr/lib -L. -L/data/data/com.termux/files/usr/lib -landroid-support -fstack-protector -rdynamic -Wl,-export-dynamic -L/data/data/com.termux/files/usr/lib    -lsqlite3 -lpthread  -lsqlite3 -lruby -lsqlite3 -lpthread  -lsqlite3 -lgmp -ldl -lm   -lc"
conftest.c:13:57: error: use of undeclared identifier 'sqlite3_initialize'
int t(void) { void ((*volatile p)()); p = (void ((*)()))sqlite3_initialize; return !p; }
                                                        ^
1 error generated.
checked program was:
/* begin */
 1: #include "ruby.h"
 2: 
 3: /*top*/
 4: extern int t(void);
 5: int main(int argc, char **argv)
 6: {
 7:   if (argc > 1000000) {
 8:     printf("%p", &t);
 9:   }
10: 
11:   return 0;
12: }
13: int t(void) { void ((*volatile p)()); p = (void ((*)()))sqlite3_initialize; return !p; }
/* end */

"aarch64-linux-android-clang -o conftest -I/data/data/com.termux/files/usr/include/ruby-2.4.0/aarch64-linux-android -I/data/data/com.termux/files/usr/include/ruby-2.4.0/ruby/backward -I/data/data/com.termux/files/usr/include/ruby-2.4.0 -I. -I/data/data/com.termux/files/usr/include -I/data/data/com.termux/files/usr/include -isystem /data/data/com.termux/files/usr/include/libandroid-support    -Os -fPIC  conftest.c  -L. -L/data/data/com.termux/files/usr/lib -L. -L/data/data/com.termux/files/usr/lib -landroid-support -fstack-protector -rdynamic -Wl,-export-dynamic -L/data/data/com.termux/files/usr/lib    -lsqlite3 -lpthread  -lsqlite3 -lruby -lsqlite3 -lpthread  -lsqlite3 -lgmp -ldl -lm   -lc"
checked program was:
/* begin */
 1: #include "ruby.h"
 2: 
 3: /*top*/
 4: extern int t(void);
 5: int main(int argc, char **argv)
 6: {
 7:   if (argc > 1000000) {
 8:     printf("%p", &t);
 9:   }
10: 
11:   return 0;
12: }
13: extern void sqlite3_initialize();
14: int t(void) { sqlite3_initialize(); return 0; }
/* end */

--------------------

have_func: checking for sqlite3_backup_init()... -------------------- yes

"aarch64-linux-android-clang -o conftest -I/data/data/com.termux/files/usr/include/ruby-2.4.0/aarch64-linux-android -I/data/data/com.termux/files/usr/include/ruby-2.4.0/ruby/backward -I/data/data/com.termux/files/usr/include/ruby-2.4.0 -I. -I/data/data/com.termux/files/usr/include -I/data/data/com.termux/files/usr/include -isystem /data/data/com.termux/files/usr/include/libandroid-support    -Os -fPIC  conftest.c  -L. -L/data/data/com.termux/files/usr/lib -L. -L/data/data/com.termux/files/usr/lib -landroid-support -fstack-protector -rdynamic -Wl,-export-dynamic -L/data/data/com.termux/files/usr/lib    -lsqlite3 -lpthread  -lsqlite3 -lruby -lsqlite3 -lpthread  -lsqlite3 -lgmp -ldl -lm   -lc"
conftest.c:13:57: error: use of undeclared identifier 'sqlite3_backup_init'
int t(void) { void ((*volatile p)()); p = (void ((*)()))sqlite3_backup_init; return !p; }
                                                        ^
1 error generated.
checked program was:
/* begin */
 1: #include "ruby.h"
 2: 
 3: /*top*/
 4: extern int t(void);
 5: int main(int argc, char **argv)
 6: {
 7:   if (argc > 1000000) {
 8:     printf("%p", &t);
 9:   }
10: 
11:   return 0;
12: }
13: int t(void) { void ((*volatile p)()); p = (void ((*)()))sqlite3_backup_init; return !p; }
/* end */

"aarch64-linux-android-clang -o conftest -I/data/data/com.termux/files/usr/include/ruby-2.4.0/aarch64-linux-android -I/data/data/com.termux/files/usr/include/ruby-2.4.0/ruby/backward -I/data/data/com.termux/files/usr/include/ruby-2.4.0 -I. -I/data/data/com.termux/files/usr/include -I/data/data/com.termux/files/usr/include -isystem /data/data/com.termux/files/usr/include/libandroid-support    -Os -fPIC  conftest.c  -L. -L/data/data/com.termux/files/usr/lib -L. -L/data/data/com.termux/files/usr/lib -landroid-support -fstack-protector -rdynamic -Wl,-export-dynamic -L/data/data/com.termux/files/usr/lib    -lsqlite3 -lpthread  -lsqlite3 -lruby -lsqlite3 -lpthread  -lsqlite3 -lgmp -ldl -lm   -lc"
checked program was:
/* begin */
 1: #include "ruby.h"
 2: 
 3: /*top*/
 4: extern int t(void);
 5: int main(int argc, char **argv)
 6: {
 7:   if (argc > 1000000) {
 8:     printf("%p", &t);
 9:   }
10: 
11:   return 0;
12: }
13: extern void sqlite3_backup_init();
14: int t(void) { sqlite3_backup_init(); return 0; }
/* end */

--------------------

have_func: checking for sqlite3_column_database_name()... -------------------- no

"aarch64-linux-android-clang -o conftest -I/data/data/com.termux/files/usr/include/ruby-2.4.0/aarch64-linux-android -I/data/data/com.termux/files/usr/include/ruby-2.4.0/ruby/backward -I/data/data/com.termux/files/usr/include/ruby-2.4.0 -I. -I/data/data/com.termux/files/usr/include -I/data/data/com.termux/files/usr/include -isystem /data/data/com.termux/files/usr/include/libandroid-support    -Os -fPIC  conftest.c  -L. -L/data/data/com.termux/files/usr/lib -L. -L/data/data/com.termux/files/usr/lib -landroid-support -fstack-protector -rdynamic -Wl,-export-dynamic -L/data/data/com.termux/files/usr/lib    -lsqlite3 -lpthread  -lsqlite3 -lruby -lsqlite3 -lpthread  -lsqlite3 -lgmp -ldl -lm   -lc"
conftest.c:13:57: error: use of undeclared identifier 'sqlite3_column_database_name'
int t(void) { void ((*volatile p)()); p = (void ((*)()))sqlite3_column_database_name; return !p; }
                                                        ^
1 error generated.
checked program was:
/* begin */
 1: #include "ruby.h"
 2: 
 3: /*top*/
 4: extern int t(void);
 5: int main(int argc, char **argv)
 6: {
 7:   if (argc > 1000000) {
 8:     printf("%p", &t);
 9:   }
10: 
11:   return 0;
12: }
13: int t(void) { void ((*volatile p)()); p = (void ((*)()))sqlite3_column_database_name; return !p; }
/* end */

"aarch64-linux-android-clang -o conftest -I/data/data/com.termux/files/usr/include/ruby-2.4.0/aarch64-linux-android -I/data/data/com.termux/files/usr/include/ruby-2.4.0/ruby/backward -I/data/data/com.termux/files/usr/include/ruby-2.4.0 -I. -I/data/data/com.termux/files/usr/include -I/data/data/com.termux/files/usr/include -isystem /data/data/com.termux/files/usr/include/libandroid-support    -Os -fPIC  conftest.c  -L. -L/data/data/com.termux/files/usr/lib -L. -L/data/data/com.termux/files/usr/lib -landroid-support -fstack-protector -rdynamic -Wl,-export-dynamic -L/data/data/com.termux/files/usr/lib    -lsqlite3 -lpthread  -lsqlite3 -lruby -lsqlite3 -lpthread  -lsqlite3 -lgmp -ldl -lm   -lc"
/data/data/com.termux/files/usr/tmp/conftest-ff91f1.o: In function `t':
conftest.c:(.text+0x40): undefined reference to `sqlite3_column_database_name'
clang-5.0: error: linker command failed with exit code 1 (use -v to see invocation)
checked program was:
/* begin */
 1: #include "ruby.h"
 2: 
 3: /*top*/
 4: extern int t(void);
 5: int main(int argc, char **argv)
 6: {
 7:   if (argc > 1000000) {
 8:     printf("%p", &t);
 9:   }
10: 
11:   return 0;
12: }
13: extern void sqlite3_column_database_name();
14: int t(void) { sqlite3_column_database_name(); return 0; }
/* end */

--------------------

have_func: checking for sqlite3_enable_load_extension()... -------------------- yes

"aarch64-linux-android-clang -o conftest -I/data/data/com.termux/files/usr/include/ruby-2.4.0/aarch64-linux-android -I/data/data/com.termux/files/usr/include/ruby-2.4.0/ruby/backward -I/data/data/com.termux/files/usr/include/ruby-2.4.0 -I. -I/data/data/com.termux/files/usr/include -I/data/data/com.termux/files/usr/include -isystem /data/data/com.termux/files/usr/include/libandroid-support    -Os -fPIC  conftest.c  -L. -L/data/data/com.termux/files/usr/lib -L. -L/data/data/com.termux/files/usr/lib -landroid-support -fstack-protector -rdynamic -Wl,-export-dynamic -L/data/data/com.termux/files/usr/lib    -lsqlite3 -lpthread  -lsqlite3 -lruby -lsqlite3 -lpthread  -lsqlite3 -lgmp -ldl -lm   -lc"
conftest.c:13:57: error: use of undeclared identifier 'sqlite3_enable_load_extension'
int t(void) { void ((*volatile p)()); p = (void ((*)()))sqlite3_enable_load_extension; return !p; }
                                                        ^
1 error generated.
checked program was:
/* begin */
 1: #include "ruby.h"
 2: 
 3: /*top*/
 4: extern int t(void);
 5: int main(int argc, char **argv)
 6: {
 7:   if (argc > 1000000) {
 8:     printf("%p", &t);
 9:   }
10: 
11:   return 0;
12: }
13: int t(void) { void ((*volatile p)()); p = (void ((*)()))sqlite3_enable_load_extension; return !p; }
/* end */

"aarch64-linux-android-clang -o conftest -I/data/data/com.termux/files/usr/include/ruby-2.4.0/aarch64-linux-android -I/data/data/com.termux/files/usr/include/ruby-2.4.0/ruby/backward -I/data/data/com.termux/files/usr/include/ruby-2.4.0 -I. -I/data/data/com.termux/files/usr/include -I/data/data/com.termux/files/usr/include -isystem /data/data/com.termux/files/usr/include/libandroid-support    -Os -fPIC  conftest.c  -L. -L/data/data/com.termux/files/usr/lib -L. -L/data/data/com.termux/files/usr/lib -landroid-support -fstack-protector -rdynamic -Wl,-export-dynamic -L/data/data/com.termux/files/usr/lib    -lsqlite3 -lpthread  -lsqlite3 -lruby -lsqlite3 -lpthread  -lsqlite3 -lgmp -ldl -lm   -lc"
checked program was:
/* begin */
 1: #include "ruby.h"
 2: 
 3: /*top*/
 4: extern int t(void);
 5: int main(int argc, char **argv)
 6: {
 7:   if (argc > 1000000) {
 8:     printf("%p", &t);
 9:   }
10: 
11:   return 0;
12: }
13: extern void sqlite3_enable_load_extension();
14: int t(void) { sqlite3_enable_load_extension(); return 0; }
/* end */

--------------------

have_func: checking for sqlite3_load_extension()... -------------------- yes

"aarch64-linux-android-clang -o conftest -I/data/data/com.termux/files/usr/include/ruby-2.4.0/aarch64-linux-android -I/data/data/com.termux/files/usr/include/ruby-2.4.0/ruby/backward -I/data/data/com.termux/files/usr/include/ruby-2.4.0 -I. -I/data/data/com.termux/files/usr/include -I/data/data/com.termux/files/usr/include -isystem /data/data/com.termux/files/usr/include/libandroid-support    -Os -fPIC  conftest.c  -L. -L/data/data/com.termux/files/usr/lib -L. -L/data/data/com.termux/files/usr/lib -landroid-support -fstack-protector -rdynamic -Wl,-export-dynamic -L/data/data/com.termux/files/usr/lib    -lsqlite3 -lpthread  -lsqlite3 -lruby -lsqlite3 -lpthread  -lsqlite3 -lgmp -ldl -lm   -lc"
conftest.c:13:57: error: use of undeclared identifier 'sqlite3_load_extension'
int t(void) { void ((*volatile p)()); p = (void ((*)()))sqlite3_load_extension; return !p; }
                                                        ^
1 error generated.
checked program was:
/* begin */
 1: #include "ruby.h"
 2: 
 3: /*top*/
 4: extern int t(void);
 5: int main(int argc, char **argv)
 6: {
 7:   if (argc > 1000000) {
 8:     printf("%p", &t);
 9:   }
10: 
11:   return 0;
12: }
13: int t(void) { void ((*volatile p)()); p = (void ((*)()))sqlite3_load_extension; return !p; }
/* end */

"aarch64-linux-android-clang -o conftest -I/data/data/com.termux/files/usr/include/ruby-2.4.0/aarch64-linux-android -I/data/data/com.termux/files/usr/include/ruby-2.4.0/ruby/backward -I/data/data/com.termux/files/usr/include/ruby-2.4.0 -I. -I/data/data/com.termux/files/usr/include -I/data/data/com.termux/files/usr/include -isystem /data/data/com.termux/files/usr/include/libandroid-support    -Os -fPIC  conftest.c  -L. -L/data/data/com.termux/files/usr/lib -L. -L/data/data/com.termux/files/usr/lib -landroid-support -fstack-protector -rdynamic -Wl,-export-dynamic -L/data/data/com.termux/files/usr/lib    -lsqlite3 -lpthread  -lsqlite3 -lruby -lsqlite3 -lpthread  -lsqlite3 -lgmp -ldl -lm   -lc"
checked program was:
/* begin */
 1: #include "ruby.h"
 2: 
 3: /*top*/
 4: extern int t(void);
 5: int main(int argc, char **argv)
 6: {
 7:   if (argc > 1000000) {
 8:     printf("%p", &t);
 9:   }
10: 
11:   return 0;
12: }
13: extern void sqlite3_load_extension();
14: int t(void) { sqlite3_load_extension(); return 0; }
/* end */

--------------------

have_func: checking for sqlite3_open_v2()... -------------------- yes

"aarch64-linux-android-clang -o conftest -I/data/data/com.termux/files/usr/include/ruby-2.4.0/aarch64-linux-android -I/data/data/com.termux/files/usr/include/ruby-2.4.0/ruby/backward -I/data/data/com.termux/files/usr/include/ruby-2.4.0 -I. -I/data/data/com.termux/files/usr/include -I/data/data/com.termux/files/usr/include -isystem /data/data/com.termux/files/usr/include/libandroid-support    -Os -fPIC  conftest.c  -L. -L/data/data/com.termux/files/usr/lib -L. -L/data/data/com.termux/files/usr/lib -landroid-support -fstack-protector -rdynamic -Wl,-export-dynamic -L/data/data/com.termux/files/usr/lib    -lsqlite3 -lpthread  -lsqlite3 -lruby -lsqlite3 -lpthread  -lsqlite3 -lgmp -ldl -lm   -lc"
conftest.c:13:57: error: use of undeclared identifier 'sqlite3_open_v2'
int t(void) { void ((*volatile p)()); p = (void ((*)()))sqlite3_open_v2; return !p; }
                                                        ^
1 error generated.
checked program was:
/* begin */
 1: #include "ruby.h"
 2: 
 3: /*top*/
 4: extern int t(void);
 5: int main(int argc, char **argv)
 6: {
 7:   if (argc > 1000000) {
 8:     printf("%p", &t);
 9:   }
10: 
11:   return 0;
12: }
13: int t(void) { void ((*volatile p)()); p = (void ((*)()))sqlite3_open_v2; return !p; }
/* end */

"aarch64-linux-android-clang -o conftest -I/data/data/com.termux/files/usr/include/ruby-2.4.0/aarch64-linux-android -I/data/data/com.termux/files/usr/include/ruby-2.4.0/ruby/backward -I/data/data/com.termux/files/usr/include/ruby-2.4.0 -I. -I/data/data/com.termux/files/usr/include -I/data/data/com.termux/files/usr/include -isystem /data/data/com.termux/files/usr/include/libandroid-support    -Os -fPIC  conftest.c  -L. -L/data/data/com.termux/files/usr/lib -L. -L/data/data/com.termux/files/usr/lib -landroid-support -fstack-protector -rdynamic -Wl,-export-dynamic -L/data/data/com.termux/files/usr/lib    -lsqlite3 -lpthread  -lsqlite3 -lruby -lsqlite3 -lpthread  -lsqlite3 -lgmp -ldl -lm   -lc"
checked program was:
/* begin */
 1: #include "ruby.h"
 2: 
 3: /*top*/
 4: extern int t(void);
 5: int main(int argc, char **argv)
 6: {
 7:   if (argc > 1000000) {
 8:     printf("%p", &t);
 9:   }
10: 
11:   return 0;
12: }
13: extern void sqlite3_open_v2();
14: int t(void) { sqlite3_open_v2(); return 0; }
/* end */

--------------------

have_func: checking for sqlite3_prepare_v2()... -------------------- yes

"aarch64-linux-android-clang -o conftest -I/data/data/com.termux/files/usr/include/ruby-2.4.0/aarch64-linux-android -I/data/data/com.termux/files/usr/include/ruby-2.4.0/ruby/backward -I/data/data/com.termux/files/usr/include/ruby-2.4.0 -I. -I/data/data/com.termux/files/usr/include -I/data/data/com.termux/files/usr/include -isystem /data/data/com.termux/files/usr/include/libandroid-support    -Os -fPIC  conftest.c  -L. -L/data/data/com.termux/files/usr/lib -L. -L/data/data/com.termux/files/usr/lib -landroid-support -fstack-protector -rdynamic -Wl,-export-dynamic -L/data/data/com.termux/files/usr/lib    -lsqlite3 -lpthread  -lsqlite3 -lruby -lsqlite3 -lpthread  -lsqlite3 -lgmp -ldl -lm   -lc"
conftest.c:13:57: error: use of undeclared identifier 'sqlite3_prepare_v2'
int t(void) { void ((*volatile p)()); p = (void ((*)()))sqlite3_prepare_v2; return !p; }
                                                        ^
1 error generated.
checked program was:
/* begin */
 1: #include "ruby.h"
 2: 
 3: /*top*/
 4: extern int t(void);
 5: int main(int argc, char **argv)
 6: {
 7:   if (argc > 1000000) {
 8:     printf("%p", &t);
 9:   }
10: 
11:   return 0;
12: }
13: int t(void) { void ((*volatile p)()); p = (void ((*)()))sqlite3_prepare_v2; return !p; }
/* end */

"aarch64-linux-android-clang -o conftest -I/data/data/com.termux/files/usr/include/ruby-2.4.0/aarch64-linux-android -I/data/data/com.termux/files/usr/include/ruby-2.4.0/ruby/backward -I/data/data/com.termux/files/usr/include/ruby-2.4.0 -I. -I/data/data/com.termux/files/usr/include -I/data/data/com.termux/files/usr/include -isystem /data/data/com.termux/files/usr/include/libandroid-support    -Os -fPIC  conftest.c  -L. -L/data/data/com.termux/files/usr/lib -L. -L/data/data/com.termux/files/usr/lib -landroid-support -fstack-protector -rdynamic -Wl,-export-dynamic -L/data/data/com.termux/files/usr/lib    -lsqlite3 -lpthread  -lsqlite3 -lruby -lsqlite3 -lpthread  -lsqlite3 -lgmp -ldl -lm   -lc"
checked program was:
/* begin */
 1: #include "ruby.h"
 2: 
 3: /*top*/
 4: extern int t(void);
 5: int main(int argc, char **argv)
 6: {
 7:   if (argc > 1000000) {
 8:     printf("%p", &t);
 9:   }
10: 
11:   return 0;
12: }
13: extern void sqlite3_prepare_v2();
14: int t(void) { sqlite3_prepare_v2(); return 0; }
/* end */

--------------------

have_type: checking for sqlite3_int64 in sqlite3.h... -------------------- yes

"aarch64-linux-android-clang -I/data/data/com.termux/files/usr/include/ruby-2.4.0/aarch64-linux-android -I/data/data/com.termux/files/usr/include/ruby-2.4.0/ruby/backward -I/data/data/com.termux/files/usr/include/ruby-2.4.0 -I. -I/data/data/com.termux/files/usr/include -I/data/data/com.termux/files/usr/include -isystem /data/data/com.termux/files/usr/include/libandroid-support    -Os -fPIC    -c conftest.c"
checked program was:
/* begin */
1: #include "ruby.h"
2: 
3: #include <sqlite3.h>
4: 
5: /*top*/
6: typedef sqlite3_int64 conftest_type;
7: int conftestval[sizeof(conftest_type)?1:-1];
/* end */

--------------------

have_type: checking for sqlite3_uint64 in sqlite3.h... -------------------- yes

"aarch64-linux-android-clang -I/data/data/com.termux/files/usr/include/ruby-2.4.0/aarch64-linux-android -I/data/data/com.termux/files/usr/include/ruby-2.4.0/ruby/backward -I/data/data/com.termux/files/usr/include/ruby-2.4.0 -I. -I/data/data/com.termux/files/usr/include -I/data/data/com.termux/files/usr/include -isystem /data/data/com.termux/files/usr/include/libandroid-support    -Os -fPIC    -c conftest.c"
checked program was:
/* begin */
1: #include "ruby.h"
2: 
3: #include <sqlite3.h>
4: 
5: /*top*/
6: typedef sqlite3_uint64 conftest_type;
7: int conftestval[sizeof(conftest_type)?1:-1];
/* end */

--------------------

