=== OpenSSL for Ruby configurator ===
"aarch64-linux-android-clang -o conftest -I/data/data/com.termux/files/usr/include/ruby-2.4.0/aarch64-linux-android -I/data/data/com.termux/files/usr/include/ruby-2.4.0/ruby/backward -I/data/data/com.termux/files/usr/include/ruby-2.4.0 -I. -I/data/data/com.termux/files/usr/include -isystem /data/data/com.termux/files/usr/include/libandroid-support    -Os -fPIC conftest.c  -L. -L/data/data/com.termux/files/usr/lib -L. -L/data/data/com.termux/files/usr/lib -landroid-support -fstack-protector -rdynamic -Wl,-export-dynamic     -lruby  -lgmp -ldl -lm   -lc"
checked program was:
/* begin */
1: #include "ruby.h"
2: 
3: int main(int argc, char **argv)
4: {
5:   return 0;
6: }
/* end */

"aarch64-linux-android-clang -I/data/data/com.termux/files/usr/include/ruby-2.4.0/aarch64-linux-android -I/data/data/com.termux/files/usr/include/ruby-2.4.0/ruby/backward -I/data/data/com.termux/files/usr/include/ruby-2.4.0 -I. -I/data/data/com.termux/files/usr/include -isystem /data/data/com.termux/files/usr/include/libandroid-support    -Os -fPIC  -Werror=deprecated-declarations -c conftest.c"
checked program was:
/* begin */
1: #include "ruby.h"
/* end */

=== Checking for system dependent stuff... ===
have_library: checking for t_open() in -lnsl... -------------------- no

"aarch64-linux-android-clang -o conftest -I/data/data/com.termux/files/usr/include/ruby-2.4.0/aarch64-linux-android -I/data/data/com.termux/files/usr/include/ruby-2.4.0/ruby/backward -I/data/data/com.termux/files/usr/include/ruby-2.4.0 -I. -I/data/data/com.termux/files/usr/include -isystem /data/data/com.termux/files/usr/include/libandroid-support    -Os -fPIC conftest.c  -L. -L/data/data/com.termux/files/usr/lib -L. -L/data/data/com.termux/files/usr/lib -landroid-support -fstack-protector -rdynamic -Wl,-export-dynamic     -lruby -lnsl  -lgmp -ldl -lm   -lc"
conftest.c:13:57: error: use of undeclared identifier 't_open'
int t(void) { void ((*volatile p)()); p = (void ((*)()))t_open; return !p; }
                                                        ^
1 error generated.
checked program was:
/* begin */
 1: #include "ruby.h"
 2: 
 3: /*top*/
 4: extern int t(void);
 5: int main(int argc, char **argv)
 6: {
 7:   if (argc > 1000000) {
 8:     printf("%p", &t);
 9:   }
10: 
11:   return 0;
12: }
13: int t(void) { void ((*volatile p)()); p = (void ((*)()))t_open; return !p; }
/* end */

"aarch64-linux-android-clang -o conftest -I/data/data/com.termux/files/usr/include/ruby-2.4.0/aarch64-linux-android -I/data/data/com.termux/files/usr/include/ruby-2.4.0/ruby/backward -I/data/data/com.termux/files/usr/include/ruby-2.4.0 -I. -I/data/data/com.termux/files/usr/include -isystem /data/data/com.termux/files/usr/include/libandroid-support    -Os -fPIC conftest.c  -L. -L/data/data/com.termux/files/usr/lib -L. -L/data/data/com.termux/files/usr/lib -landroid-support -fstack-protector -rdynamic -Wl,-export-dynamic     -lruby -lnsl  -lgmp -ldl -lm   -lc"
/data/data/com.termux/files/usr/bin/aarch64-linux-android-ld: cannot find -lnsl
clang-5.0: error: linker command failed with exit code 1 (use -v to see invocation)
checked program was:
/* begin */
 1: #include "ruby.h"
 2: 
 3: /*top*/
 4: extern int t(void);
 5: int main(int argc, char **argv)
 6: {
 7:   if (argc > 1000000) {
 8:     printf("%p", &t);
 9:   }
10: 
11:   return 0;
12: }
13: extern void t_open();
14: int t(void) { t_open(); return 0; }
/* end */

--------------------

have_library: checking for socket() in -lsocket... -------------------- no

"aarch64-linux-android-clang -o conftest -I/data/data/com.termux/files/usr/include/ruby-2.4.0/aarch64-linux-android -I/data/data/com.termux/files/usr/include/ruby-2.4.0/ruby/backward -I/data/data/com.termux/files/usr/include/ruby-2.4.0 -I. -I/data/data/com.termux/files/usr/include -isystem /data/data/com.termux/files/usr/include/libandroid-support    -Os -fPIC conftest.c  -L. -L/data/data/com.termux/files/usr/lib -L. -L/data/data/com.termux/files/usr/lib -landroid-support -fstack-protector -rdynamic -Wl,-export-dynamic     -lruby -lsocket  -lgmp -ldl -lm   -lc"
conftest.c:13:57: error: use of undeclared identifier 'socket'
int t(void) { void ((*volatile p)()); p = (void ((*)()))socket; return !p; }
                                                        ^
1 error generated.
checked program was:
/* begin */
 1: #include "ruby.h"
 2: 
 3: /*top*/
 4: extern int t(void);
 5: int main(int argc, char **argv)
 6: {
 7:   if (argc > 1000000) {
 8:     printf("%p", &t);
 9:   }
10: 
11:   return 0;
12: }
13: int t(void) { void ((*volatile p)()); p = (void ((*)()))socket; return !p; }
/* end */

"aarch64-linux-android-clang -o conftest -I/data/data/com.termux/files/usr/include/ruby-2.4.0/aarch64-linux-android -I/data/data/com.termux/files/usr/include/ruby-2.4.0/ruby/backward -I/data/data/com.termux/files/usr/include/ruby-2.4.0 -I. -I/data/data/com.termux/files/usr/include -isystem /data/data/com.termux/files/usr/include/libandroid-support    -Os -fPIC conftest.c  -L. -L/data/data/com.termux/files/usr/lib -L. -L/data/data/com.termux/files/usr/lib -landroid-support -fstack-protector -rdynamic -Wl,-export-dynamic     -lruby -lsocket  -lgmp -ldl -lm   -lc"
/data/data/com.termux/files/usr/bin/aarch64-linux-android-ld: cannot find -lsocket
clang-5.0: error: linker command failed with exit code 1 (use -v to see invocation)
checked program was:
/* begin */
 1: #include "ruby.h"
 2: 
 3: /*top*/
 4: extern int t(void);
 5: int main(int argc, char **argv)
 6: {
 7:   if (argc > 1000000) {
 8:     printf("%p", &t);
 9:   }
10: 
11:   return 0;
12: }
13: extern void socket();
14: int t(void) { socket(); return 0; }
/* end */

--------------------

=== Checking for required stuff... ===
"pkg-config --exists openssl"
| pkg-config --libs openssl
=> "-L/data/data/com.termux/files/usr/lib -lssl -lcrypto\n"
"aarch64-linux-android-clang -o conftest -I/data/data/com.termux/files/usr/include/ruby-2.4.0/aarch64-linux-android -I/data/data/com.termux/files/usr/include/ruby-2.4.0/ruby/backward -I/data/data/com.termux/files/usr/include/ruby-2.4.0 -I. -I/data/data/com.termux/files/usr/include -isystem /data/data/com.termux/files/usr/include/libandroid-support    -Os -fPIC conftest.c  -L. -L/data/data/com.termux/files/usr/lib -L. -L/data/data/com.termux/files/usr/lib -landroid-support -fstack-protector -rdynamic -Wl,-export-dynamic     -lruby -L/data/data/com.termux/files/usr/lib -lssl -lcrypto -lgmp -ldl -lm   -lc"
checked program was:
/* begin */
1: #include "ruby.h"
2: 
3: int main(int argc, char **argv)
4: {
5:   return 0;
6: }
/* end */

| pkg-config --cflags-only-I openssl
=> "-I/data/data/com.termux/files/usr/include\n"
| pkg-config --cflags-only-other openssl
=> "\n"
| pkg-config --libs-only-l openssl
=> "-lssl -lcrypto\n"
package configuration for openssl
cflags: 
ldflags: -L/data/data/com.termux/files/usr/lib
libs: -lssl -lcrypto

have_header: checking for openssl/ssl.h... -------------------- yes

"aarch64-linux-android-cpp -I/data/data/com.termux/files/usr/include/ruby-2.4.0/aarch64-linux-android -I/data/data/com.termux/files/usr/include/ruby-2.4.0/ruby/backward -I/data/data/com.termux/files/usr/include/ruby-2.4.0 -I. -I/data/data/com.termux/files/usr/include -I/data/data/com.termux/files/usr/include -isystem /data/data/com.termux/files/usr/include/libandroid-support    -Os -fPIC   conftest.c -o conftest.i"
checked program was:
/* begin */
1: #include "ruby.h"
2: 
3: #include <openssl/ssl.h>
/* end */

--------------------

checking for OpenSSL version is 0.9.8 or later... -------------------- yes

"aarch64-linux-android-clang -I/data/data/com.termux/files/usr/include/ruby-2.4.0/aarch64-linux-android -I/data/data/com.termux/files/usr/include/ruby-2.4.0/ruby/backward -I/data/data/com.termux/files/usr/include/ruby-2.4.0 -I. -I/data/data/com.termux/files/usr/include -I/data/data/com.termux/files/usr/include -isystem /data/data/com.termux/files/usr/include/libandroid-support    -Os -fPIC    -c conftest.c"
checked program was:
/* begin */
1: #include "ruby.h"
2: 
3: #include <openssl/opensslv.h>
4: 
5: /*top*/
6: int conftest_const[(OPENSSL_VERSION_NUMBER >= 0x00908000L) ? 1 : -1];
/* end */

--------------------

have_func: checking for SSL_library_init() in openssl/ssl.h with -Werror=deprecated-declarations... -------------------- yes

"aarch64-linux-android-clang -o conftest -I/data/data/com.termux/files/usr/include/ruby-2.4.0/aarch64-linux-android -I/data/data/com.termux/files/usr/include/ruby-2.4.0/ruby/backward -I/data/data/com.termux/files/usr/include/ruby-2.4.0 -I. -I/data/data/com.termux/files/usr/include -I/data/data/com.termux/files/usr/include -isystem /data/data/com.termux/files/usr/include/libandroid-support    -Os -fPIC  conftest.c  -L. -L/data/data/com.termux/files/usr/lib -L. -L/data/data/com.termux/files/usr/lib -landroid-support -fstack-protector -rdynamic -Wl,-export-dynamic -L/data/data/com.termux/files/usr/lib     -lssl -lcrypto -lruby -Werror=deprecated-declarations  -lssl -lcrypto -lgmp -ldl -lm   -lc"
checked program was:
/* begin */
 1: #include "ruby.h"
 2: 
 3: #include <openssl/ssl.h>
 4: 
 5: /*top*/
 6: extern int t(void);
 7: int main(int argc, char **argv)
 8: {
 9:   if (argc > 1000000) {
10:     printf("%p", &t);
11:   }
12: 
13:   return 0;
14: }
15: 
16: int t(void) { SSL_library_init(); return 0; }
/* end */

--------------------

=== Checking for OpenSSL features... ===
have_macro: checking for OPENSSL_NO_SSL2 in openssl/opensslconf.h... -------------------- yes

"aarch64-linux-android-clang -I/data/data/com.termux/files/usr/include/ruby-2.4.0/aarch64-linux-android -I/data/data/com.termux/files/usr/include/ruby-2.4.0/ruby/backward -I/data/data/com.termux/files/usr/include/ruby-2.4.0 -I. -I/data/data/com.termux/files/usr/include -I/data/data/com.termux/files/usr/include -isystem /data/data/com.termux/files/usr/include/libandroid-support    -Os -fPIC    -c conftest.c"
checked program was:
/* begin */
1: #include "ruby.h"
2: 
3: #include <openssl/opensslconf.h>
4: /*top*/
5: #ifndef OPENSSL_NO_SSL2
6: # error
7: |:/ === OPENSSL_NO_SSL2 undefined === /:|
8: #endif
/* end */

--------------------

have_macro: checking for OPENSSL_NO_SSL3_METHOD in openssl/opensslconf.h... -------------------- no

"aarch64-linux-android-clang -I/data/data/com.termux/files/usr/include/ruby-2.4.0/aarch64-linux-android -I/data/data/com.termux/files/usr/include/ruby-2.4.0/ruby/backward -I/data/data/com.termux/files/usr/include/ruby-2.4.0 -I. -I/data/data/com.termux/files/usr/include -I/data/data/com.termux/files/usr/include -isystem /data/data/com.termux/files/usr/include/libandroid-support    -Os -fPIC    -c conftest.c"
conftest.c:6:3: error: 
# error
  ^
conftest.c:7:1: error: expected identifier or '('
|:/ === OPENSSL_NO_SSL3_METHOD undefined === /:|
^
2 errors generated.
checked program was:
/* begin */
1: #include "ruby.h"
2: 
3: #include <openssl/opensslconf.h>
4: /*top*/
5: #ifndef OPENSSL_NO_SSL3_METHOD
6: # error
7: |:/ === OPENSSL_NO_SSL3_METHOD undefined === /:|
8: #endif
/* end */

--------------------

have_func: checking for SSLv3_method()... -------------------- yes

"aarch64-linux-android-clang -o conftest -I/data/data/com.termux/files/usr/include/ruby-2.4.0/aarch64-linux-android -I/data/data/com.termux/files/usr/include/ruby-2.4.0/ruby/backward -I/data/data/com.termux/files/usr/include/ruby-2.4.0 -I. -I/data/data/com.termux/files/usr/include -I/data/data/com.termux/files/usr/include -isystem /data/data/com.termux/files/usr/include/libandroid-support    -Os -fPIC  conftest.c  -L. -L/data/data/com.termux/files/usr/lib -L. -L/data/data/com.termux/files/usr/lib -landroid-support -fstack-protector -rdynamic -Wl,-export-dynamic -L/data/data/com.termux/files/usr/lib     -lssl -lcrypto -lruby  -lssl -lcrypto -lgmp -ldl -lm   -lc"
conftest.c:13:57: error: use of undeclared identifier 'SSLv3_method'
int t(void) { void ((*volatile p)()); p = (void ((*)()))SSLv3_method; return !p; }
                                                        ^
1 error generated.
checked program was:
/* begin */
 1: #include "ruby.h"
 2: 
 3: /*top*/
 4: extern int t(void);
 5: int main(int argc, char **argv)
 6: {
 7:   if (argc > 1000000) {
 8:     printf("%p", &t);
 9:   }
10: 
11:   return 0;
12: }
13: int t(void) { void ((*volatile p)()); p = (void ((*)()))SSLv3_method; return !p; }
/* end */

"aarch64-linux-android-clang -o conftest -I/data/data/com.termux/files/usr/include/ruby-2.4.0/aarch64-linux-android -I/data/data/com.termux/files/usr/include/ruby-2.4.0/ruby/backward -I/data/data/com.termux/files/usr/include/ruby-2.4.0 -I. -I/data/data/com.termux/files/usr/include -I/data/data/com.termux/files/usr/include -isystem /data/data/com.termux/files/usr/include/libandroid-support    -Os -fPIC  conftest.c  -L. -L/data/data/com.termux/files/usr/lib -L. -L/data/data/com.termux/files/usr/lib -landroid-support -fstack-protector -rdynamic -Wl,-export-dynamic -L/data/data/com.termux/files/usr/lib     -lssl -lcrypto -lruby  -lssl -lcrypto -lgmp -ldl -lm   -lc"
checked program was:
/* begin */
 1: #include "ruby.h"
 2: 
 3: /*top*/
 4: extern int t(void);
 5: int main(int argc, char **argv)
 6: {
 7:   if (argc > 1000000) {
 8:     printf("%p", &t);
 9:   }
10: 
11:   return 0;
12: }
13: extern void SSLv3_method();
14: int t(void) { SSLv3_method(); return 0; }
/* end */

--------------------

have_func: checking for TLSv1_1_method()... -------------------- yes

"aarch64-linux-android-clang -o conftest -I/data/data/com.termux/files/usr/include/ruby-2.4.0/aarch64-linux-android -I/data/data/com.termux/files/usr/include/ruby-2.4.0/ruby/backward -I/data/data/com.termux/files/usr/include/ruby-2.4.0 -I. -I/data/data/com.termux/files/usr/include -I/data/data/com.termux/files/usr/include -isystem /data/data/com.termux/files/usr/include/libandroid-support    -Os -fPIC  conftest.c  -L. -L/data/data/com.termux/files/usr/lib -L. -L/data/data/com.termux/files/usr/lib -landroid-support -fstack-protector -rdynamic -Wl,-export-dynamic -L/data/data/com.termux/files/usr/lib     -lssl -lcrypto -lruby  -lssl -lcrypto -lgmp -ldl -lm   -lc"
conftest.c:13:57: error: use of undeclared identifier 'TLSv1_1_method'
int t(void) { void ((*volatile p)()); p = (void ((*)()))TLSv1_1_method; return !p; }
                                                        ^
1 error generated.
checked program was:
/* begin */
 1: #include "ruby.h"
 2: 
 3: /*top*/
 4: extern int t(void);
 5: int main(int argc, char **argv)
 6: {
 7:   if (argc > 1000000) {
 8:     printf("%p", &t);
 9:   }
10: 
11:   return 0;
12: }
13: int t(void) { void ((*volatile p)()); p = (void ((*)()))TLSv1_1_method; return !p; }
/* end */

"aarch64-linux-android-clang -o conftest -I/data/data/com.termux/files/usr/include/ruby-2.4.0/aarch64-linux-android -I/data/data/com.termux/files/usr/include/ruby-2.4.0/ruby/backward -I/data/data/com.termux/files/usr/include/ruby-2.4.0 -I. -I/data/data/com.termux/files/usr/include -I/data/data/com.termux/files/usr/include -isystem /data/data/com.termux/files/usr/include/libandroid-support    -Os -fPIC  conftest.c  -L. -L/data/data/com.termux/files/usr/lib -L. -L/data/data/com.termux/files/usr/lib -landroid-support -fstack-protector -rdynamic -Wl,-export-dynamic -L/data/data/com.termux/files/usr/lib     -lssl -lcrypto -lruby  -lssl -lcrypto -lgmp -ldl -lm   -lc"
checked program was:
/* begin */
 1: #include "ruby.h"
 2: 
 3: /*top*/
 4: extern int t(void);
 5: int main(int argc, char **argv)
 6: {
 7:   if (argc > 1000000) {
 8:     printf("%p", &t);
 9:   }
10: 
11:   return 0;
12: }
13: extern void TLSv1_1_method();
14: int t(void) { TLSv1_1_method(); return 0; }
/* end */

--------------------

have_func: checking for TLSv1_2_method()... -------------------- yes

"aarch64-linux-android-clang -o conftest -I/data/data/com.termux/files/usr/include/ruby-2.4.0/aarch64-linux-android -I/data/data/com.termux/files/usr/include/ruby-2.4.0/ruby/backward -I/data/data/com.termux/files/usr/include/ruby-2.4.0 -I. -I/data/data/com.termux/files/usr/include -I/data/data/com.termux/files/usr/include -isystem /data/data/com.termux/files/usr/include/libandroid-support    -Os -fPIC  conftest.c  -L. -L/data/data/com.termux/files/usr/lib -L. -L/data/data/com.termux/files/usr/lib -landroid-support -fstack-protector -rdynamic -Wl,-export-dynamic -L/data/data/com.termux/files/usr/lib     -lssl -lcrypto -lruby  -lssl -lcrypto -lgmp -ldl -lm   -lc"
conftest.c:13:57: error: use of undeclared identifier 'TLSv1_2_method'
int t(void) { void ((*volatile p)()); p = (void ((*)()))TLSv1_2_method; return !p; }
                                                        ^
1 error generated.
checked program was:
/* begin */
 1: #include "ruby.h"
 2: 
 3: /*top*/
 4: extern int t(void);
 5: int main(int argc, char **argv)
 6: {
 7:   if (argc > 1000000) {
 8:     printf("%p", &t);
 9:   }
10: 
11:   return 0;
12: }
13: int t(void) { void ((*volatile p)()); p = (void ((*)()))TLSv1_2_method; return !p; }
/* end */

"aarch64-linux-android-clang -o conftest -I/data/data/com.termux/files/usr/include/ruby-2.4.0/aarch64-linux-android -I/data/data/com.termux/files/usr/include/ruby-2.4.0/ruby/backward -I/data/data/com.termux/files/usr/include/ruby-2.4.0 -I. -I/data/data/com.termux/files/usr/include -I/data/data/com.termux/files/usr/include -isystem /data/data/com.termux/files/usr/include/libandroid-support    -Os -fPIC  conftest.c  -L. -L/data/data/com.termux/files/usr/lib -L. -L/data/data/com.termux/files/usr/lib -landroid-support -fstack-protector -rdynamic -Wl,-export-dynamic -L/data/data/com.termux/files/usr/lib     -lssl -lcrypto -lruby  -lssl -lcrypto -lgmp -ldl -lm   -lc"
checked program was:
/* begin */
 1: #include "ruby.h"
 2: 
 3: /*top*/
 4: extern int t(void);
 5: int main(int argc, char **argv)
 6: {
 7:   if (argc > 1000000) {
 8:     printf("%p", &t);
 9:   }
10: 
11:   return 0;
12: }
13: extern void TLSv1_2_method();
14: int t(void) { TLSv1_2_method(); return 0; }
/* end */

--------------------

have_func: checking for RAND_egd()... -------------------- yes

"aarch64-linux-android-clang -o conftest -I/data/data/com.termux/files/usr/include/ruby-2.4.0/aarch64-linux-android -I/data/data/com.termux/files/usr/include/ruby-2.4.0/ruby/backward -I/data/data/com.termux/files/usr/include/ruby-2.4.0 -I. -I/data/data/com.termux/files/usr/include -I/data/data/com.termux/files/usr/include -isystem /data/data/com.termux/files/usr/include/libandroid-support    -Os -fPIC  conftest.c  -L. -L/data/data/com.termux/files/usr/lib -L. -L/data/data/com.termux/files/usr/lib -landroid-support -fstack-protector -rdynamic -Wl,-export-dynamic -L/data/data/com.termux/files/usr/lib     -lssl -lcrypto -lruby  -lssl -lcrypto -lgmp -ldl -lm   -lc"
conftest.c:13:57: error: use of undeclared identifier 'RAND_egd'
int t(void) { void ((*volatile p)()); p = (void ((*)()))RAND_egd; return !p; }
                                                        ^
1 error generated.
checked program was:
/* begin */
 1: #include "ruby.h"
 2: 
 3: /*top*/
 4: extern int t(void);
 5: int main(int argc, char **argv)
 6: {
 7:   if (argc > 1000000) {
 8:     printf("%p", &t);
 9:   }
10: 
11:   return 0;
12: }
13: int t(void) { void ((*volatile p)()); p = (void ((*)()))RAND_egd; return !p; }
/* end */

"aarch64-linux-android-clang -o conftest -I/data/data/com.termux/files/usr/include/ruby-2.4.0/aarch64-linux-android -I/data/data/com.termux/files/usr/include/ruby-2.4.0/ruby/backward -I/data/data/com.termux/files/usr/include/ruby-2.4.0 -I. -I/data/data/com.termux/files/usr/include -I/data/data/com.termux/files/usr/include -isystem /data/data/com.termux/files/usr/include/libandroid-support    -Os -fPIC  conftest.c  -L. -L/data/data/com.termux/files/usr/lib -L. -L/data/data/com.termux/files/usr/lib -landroid-support -fstack-protector -rdynamic -Wl,-export-dynamic -L/data/data/com.termux/files/usr/lib     -lssl -lcrypto -lruby  -lssl -lcrypto -lgmp -ldl -lm   -lc"
checked program was:
/* begin */
 1: #include "ruby.h"
 2: 
 3: /*top*/
 4: extern int t(void);
 5: int main(int argc, char **argv)
 6: {
 7:   if (argc > 1000000) {
 8:     printf("%p", &t);
 9:   }
10: 
11:   return 0;
12: }
13: extern void RAND_egd();
14: int t(void) { RAND_egd(); return 0; }
/* end */

--------------------

have_func: checking for ENGINE_load_builtin_engines() in openssl/engine.h with -Werror=deprecated-declarations... -------------------- yes

"aarch64-linux-android-clang -o conftest -I/data/data/com.termux/files/usr/include/ruby-2.4.0/aarch64-linux-android -I/data/data/com.termux/files/usr/include/ruby-2.4.0/ruby/backward -I/data/data/com.termux/files/usr/include/ruby-2.4.0 -I. -I/data/data/com.termux/files/usr/include -I/data/data/com.termux/files/usr/include -isystem /data/data/com.termux/files/usr/include/libandroid-support    -Os -fPIC  conftest.c  -L. -L/data/data/com.termux/files/usr/lib -L. -L/data/data/com.termux/files/usr/lib -landroid-support -fstack-protector -rdynamic -Wl,-export-dynamic -L/data/data/com.termux/files/usr/lib     -lssl -lcrypto -lruby -Werror=deprecated-declarations  -lssl -lcrypto -lgmp -ldl -lm   -lc"
checked program was:
/* begin */
 1: #include "ruby.h"
 2: 
 3: #include <openssl/engine.h>
 4: 
 5: /*top*/
 6: extern int t(void);
 7: int main(int argc, char **argv)
 8: {
 9:   if (argc > 1000000) {
10:     printf("%p", &t);
11:   }
12: 
13:   return 0;
14: }
15: int t(void) { void ((*volatile p)()); p = (void ((*)()))ENGINE_load_builtin_engines; return !p; }
/* end */

--------------------

have_func: checking for ENGINE_load_openbsd_dev_crypto() in openssl/engine.h with -Werror=deprecated-declarations... -------------------- no

"aarch64-linux-android-clang -o conftest -I/data/data/com.termux/files/usr/include/ruby-2.4.0/aarch64-linux-android -I/data/data/com.termux/files/usr/include/ruby-2.4.0/ruby/backward -I/data/data/com.termux/files/usr/include/ruby-2.4.0 -I. -I/data/data/com.termux/files/usr/include -I/data/data/com.termux/files/usr/include -isystem /data/data/com.termux/files/usr/include/libandroid-support    -Os -fPIC  conftest.c  -L. -L/data/data/com.termux/files/usr/lib -L. -L/data/data/com.termux/files/usr/lib -landroid-support -fstack-protector -rdynamic -Wl,-export-dynamic -L/data/data/com.termux/files/usr/lib     -lssl -lcrypto -lruby -Werror=deprecated-declarations  -lssl -lcrypto -lgmp -ldl -lm   -lc"
conftest.c:15:57: error: use of undeclared identifier 'ENGINE_load_openbsd_dev_crypto'
int t(void) { void ((*volatile p)()); p = (void ((*)()))ENGINE_load_openbsd_dev_crypto; return !p; }
                                                        ^
1 error generated.
checked program was:
/* begin */
 1: #include "ruby.h"
 2: 
 3: #include <openssl/engine.h>
 4: 
 5: /*top*/
 6: extern int t(void);
 7: int main(int argc, char **argv)
 8: {
 9:   if (argc > 1000000) {
10:     printf("%p", &t);
11:   }
12: 
13:   return 0;
14: }
15: int t(void) { void ((*volatile p)()); p = (void ((*)()))ENGINE_load_openbsd_dev_crypto; return !p; }
/* end */

"aarch64-linux-android-clang -o conftest -I/data/data/com.termux/files/usr/include/ruby-2.4.0/aarch64-linux-android -I/data/data/com.termux/files/usr/include/ruby-2.4.0/ruby/backward -I/data/data/com.termux/files/usr/include/ruby-2.4.0 -I. -I/data/data/com.termux/files/usr/include -I/data/data/com.termux/files/usr/include -isystem /data/data/com.termux/files/usr/include/libandroid-support    -Os -fPIC  conftest.c  -L. -L/data/data/com.termux/files/usr/lib -L. -L/data/data/com.termux/files/usr/lib -landroid-support -fstack-protector -rdynamic -Wl,-export-dynamic -L/data/data/com.termux/files/usr/lib     -lssl -lcrypto -lruby -Werror=deprecated-declarations  -lssl -lcrypto -lgmp -ldl -lm   -lc"
/data/data/com.termux/files/usr/tmp/conftest-318f85.o: In function `t':
conftest.c:(.text+0x40): undefined reference to `ENGINE_load_openbsd_dev_crypto'
clang-5.0: error: linker command failed with exit code 1 (use -v to see invocation)
checked program was:
/* begin */
 1: #include "ruby.h"
 2: 
 3: #include <openssl/engine.h>
 4: 
 5: /*top*/
 6: extern int t(void);
 7: int main(int argc, char **argv)
 8: {
 9:   if (argc > 1000000) {
10:     printf("%p", &t);
11:   }
12: 
13:   return 0;
14: }
15: extern void ENGINE_load_openbsd_dev_crypto();
16: int t(void) { ENGINE_load_openbsd_dev_crypto(); return 0; }
/* end */

--------------------

have_macro: checking for ENGINE_load_openbsd_dev_crypto in openssl/engine.h... -------------------- no

"aarch64-linux-android-clang -I/data/data/com.termux/files/usr/include/ruby-2.4.0/aarch64-linux-android -I/data/data/com.termux/files/usr/include/ruby-2.4.0/ruby/backward -I/data/data/com.termux/files/usr/include/ruby-2.4.0 -I. -I/data/data/com.termux/files/usr/include -I/data/data/com.termux/files/usr/include -isystem /data/data/com.termux/files/usr/include/libandroid-support    -Os -fPIC    -c conftest.c"
conftest.c:6:3: error: 
# error
  ^
conftest.c:7:1: error: expected identifier or '('
|:/ === ENGINE_load_openbsd_dev_crypto undefined === /:|
^
2 errors generated.
checked program was:
/* begin */
1: #include "ruby.h"
2: 
3: #include <openssl/engine.h>
4: /*top*/
5: #ifndef ENGINE_load_openbsd_dev_crypto
6: # error
7: |:/ === ENGINE_load_openbsd_dev_crypto undefined === /:|
8: #endif
/* end */

--------------------

have_func: checking for ENGINE_load_dynamic() in openssl/engine.h with -Werror=deprecated-declarations... -------------------- yes

"aarch64-linux-android-clang -o conftest -I/data/data/com.termux/files/usr/include/ruby-2.4.0/aarch64-linux-android -I/data/data/com.termux/files/usr/include/ruby-2.4.0/ruby/backward -I/data/data/com.termux/files/usr/include/ruby-2.4.0 -I. -I/data/data/com.termux/files/usr/include -I/data/data/com.termux/files/usr/include -isystem /data/data/com.termux/files/usr/include/libandroid-support    -Os -fPIC  conftest.c  -L. -L/data/data/com.termux/files/usr/lib -L. -L/data/data/com.termux/files/usr/lib -landroid-support -fstack-protector -rdynamic -Wl,-export-dynamic -L/data/data/com.termux/files/usr/lib     -lssl -lcrypto -lruby -Werror=deprecated-declarations  -lssl -lcrypto -lgmp -ldl -lm   -lc"
checked program was:
/* begin */
 1: #include "ruby.h"
 2: 
 3: #include <openssl/engine.h>
 4: 
 5: /*top*/
 6: extern int t(void);
 7: int main(int argc, char **argv)
 8: {
 9:   if (argc > 1000000) {
10:     printf("%p", &t);
11:   }
12: 
13:   return 0;
14: }
15: int t(void) { void ((*volatile p)()); p = (void ((*)()))ENGINE_load_dynamic; return !p; }
/* end */

--------------------

have_func: checking for ENGINE_load_4758cca() in openssl/engine.h with -Werror=deprecated-declarations... -------------------- no

"aarch64-linux-android-clang -o conftest -I/data/data/com.termux/files/usr/include/ruby-2.4.0/aarch64-linux-android -I/data/data/com.termux/files/usr/include/ruby-2.4.0/ruby/backward -I/data/data/com.termux/files/usr/include/ruby-2.4.0 -I. -I/data/data/com.termux/files/usr/include -I/data/data/com.termux/files/usr/include -isystem /data/data/com.termux/files/usr/include/libandroid-support    -Os -fPIC  conftest.c  -L. -L/data/data/com.termux/files/usr/lib -L. -L/data/data/com.termux/files/usr/lib -landroid-support -fstack-protector -rdynamic -Wl,-export-dynamic -L/data/data/com.termux/files/usr/lib     -lssl -lcrypto -lruby -Werror=deprecated-declarations  -lssl -lcrypto -lgmp -ldl -lm   -lc"
conftest.c:15:57: error: use of undeclared identifier 'ENGINE_load_4758cca'
int t(void) { void ((*volatile p)()); p = (void ((*)()))ENGINE_load_4758cca; return !p; }
                                                        ^
1 error generated.
checked program was:
/* begin */
 1: #include "ruby.h"
 2: 
 3: #include <openssl/engine.h>
 4: 
 5: /*top*/
 6: extern int t(void);
 7: int main(int argc, char **argv)
 8: {
 9:   if (argc > 1000000) {
10:     printf("%p", &t);
11:   }
12: 
13:   return 0;
14: }
15: int t(void) { void ((*volatile p)()); p = (void ((*)()))ENGINE_load_4758cca; return !p; }
/* end */

"aarch64-linux-android-clang -o conftest -I/data/data/com.termux/files/usr/include/ruby-2.4.0/aarch64-linux-android -I/data/data/com.termux/files/usr/include/ruby-2.4.0/ruby/backward -I/data/data/com.termux/files/usr/include/ruby-2.4.0 -I. -I/data/data/com.termux/files/usr/include -I/data/data/com.termux/files/usr/include -isystem /data/data/com.termux/files/usr/include/libandroid-support    -Os -fPIC  conftest.c  -L. -L/data/data/com.termux/files/usr/lib -L. -L/data/data/com.termux/files/usr/lib -landroid-support -fstack-protector -rdynamic -Wl,-export-dynamic -L/data/data/com.termux/files/usr/lib     -lssl -lcrypto -lruby -Werror=deprecated-declarations  -lssl -lcrypto -lgmp -ldl -lm   -lc"
/data/data/com.termux/files/usr/tmp/conftest-09d4ff.o: In function `t':
conftest.c:(.text+0x40): undefined reference to `ENGINE_load_4758cca'
clang-5.0: error: linker command failed with exit code 1 (use -v to see invocation)
checked program was:
/* begin */
 1: #include "ruby.h"
 2: 
 3: #include <openssl/engine.h>
 4: 
 5: /*top*/
 6: extern int t(void);
 7: int main(int argc, char **argv)
 8: {
 9:   if (argc > 1000000) {
10:     printf("%p", &t);
11:   }
12: 
13:   return 0;
14: }
15: extern void ENGINE_load_4758cca();
16: int t(void) { ENGINE_load_4758cca(); return 0; }
/* end */

--------------------

have_macro: checking for ENGINE_load_4758cca in openssl/engine.h... -------------------- no

"aarch64-linux-android-clang -I/data/data/com.termux/files/usr/include/ruby-2.4.0/aarch64-linux-android -I/data/data/com.termux/files/usr/include/ruby-2.4.0/ruby/backward -I/data/data/com.termux/files/usr/include/ruby-2.4.0 -I. -I/data/data/com.termux/files/usr/include -I/data/data/com.termux/files/usr/include -isystem /data/data/com.termux/files/usr/include/libandroid-support    -Os -fPIC    -c conftest.c"
conftest.c:6:3: error: 
# error
  ^
conftest.c:7:1: error: expected identifier or '('
|:/ === ENGINE_load_4758cca undefined === /:|
^
2 errors generated.
checked program was:
/* begin */
1: #include "ruby.h"
2: 
3: #include <openssl/engine.h>
4: /*top*/
5: #ifndef ENGINE_load_4758cca
6: # error
7: |:/ === ENGINE_load_4758cca undefined === /:|
8: #endif
/* end */

--------------------

have_func: checking for ENGINE_load_aep() in openssl/engine.h with -Werror=deprecated-declarations... -------------------- no

"aarch64-linux-android-clang -o conftest -I/data/data/com.termux/files/usr/include/ruby-2.4.0/aarch64-linux-android -I/data/data/com.termux/files/usr/include/ruby-2.4.0/ruby/backward -I/data/data/com.termux/files/usr/include/ruby-2.4.0 -I. -I/data/data/com.termux/files/usr/include -I/data/data/com.termux/files/usr/include -isystem /data/data/com.termux/files/usr/include/libandroid-support    -Os -fPIC  conftest.c  -L. -L/data/data/com.termux/files/usr/lib -L. -L/data/data/com.termux/files/usr/lib -landroid-support -fstack-protector -rdynamic -Wl,-export-dynamic -L/data/data/com.termux/files/usr/lib     -lssl -lcrypto -lruby -Werror=deprecated-declarations  -lssl -lcrypto -lgmp -ldl -lm   -lc"
conftest.c:15:57: error: use of undeclared identifier 'ENGINE_load_aep'
int t(void) { void ((*volatile p)()); p = (void ((*)()))ENGINE_load_aep; return !p; }
                                                        ^
1 error generated.
checked program was:
/* begin */
 1: #include "ruby.h"
 2: 
 3: #include <openssl/engine.h>
 4: 
 5: /*top*/
 6: extern int t(void);
 7: int main(int argc, char **argv)
 8: {
 9:   if (argc > 1000000) {
10:     printf("%p", &t);
11:   }
12: 
13:   return 0;
14: }
15: int t(void) { void ((*volatile p)()); p = (void ((*)()))ENGINE_load_aep; return !p; }
/* end */

"aarch64-linux-android-clang -o conftest -I/data/data/com.termux/files/usr/include/ruby-2.4.0/aarch64-linux-android -I/data/data/com.termux/files/usr/include/ruby-2.4.0/ruby/backward -I/data/data/com.termux/files/usr/include/ruby-2.4.0 -I. -I/data/data/com.termux/files/usr/include -I/data/data/com.termux/files/usr/include -isystem /data/data/com.termux/files/usr/include/libandroid-support    -Os -fPIC  conftest.c  -L. -L/data/data/com.termux/files/usr/lib -L. -L/data/data/com.termux/files/usr/lib -landroid-support -fstack-protector -rdynamic -Wl,-export-dynamic -L/data/data/com.termux/files/usr/lib     -lssl -lcrypto -lruby -Werror=deprecated-declarations  -lssl -lcrypto -lgmp -ldl -lm   -lc"
/data/data/com.termux/files/usr/tmp/conftest-0472a1.o: In function `t':
conftest.c:(.text+0x40): undefined reference to `ENGINE_load_aep'
clang-5.0: error: linker command failed with exit code 1 (use -v to see invocation)
checked program was:
/* begin */
 1: #include "ruby.h"
 2: 
 3: #include <openssl/engine.h>
 4: 
 5: /*top*/
 6: extern int t(void);
 7: int main(int argc, char **argv)
 8: {
 9:   if (argc > 1000000) {
10:     printf("%p", &t);
11:   }
12: 
13:   return 0;
14: }
15: extern void ENGINE_load_aep();
16: int t(void) { ENGINE_load_aep(); return 0; }
/* end */

--------------------

have_macro: checking for ENGINE_load_aep in openssl/engine.h... -------------------- no

"aarch64-linux-android-clang -I/data/data/com.termux/files/usr/include/ruby-2.4.0/aarch64-linux-android -I/data/data/com.termux/files/usr/include/ruby-2.4.0/ruby/backward -I/data/data/com.termux/files/usr/include/ruby-2.4.0 -I. -I/data/data/com.termux/files/usr/include -I/data/data/com.termux/files/usr/include -isystem /data/data/com.termux/files/usr/include/libandroid-support    -Os -fPIC    -c conftest.c"
conftest.c:6:3: error: 
# error
  ^
conftest.c:7:1: error: expected identifier or '('
|:/ === ENGINE_load_aep undefined === /:|
^
2 errors generated.
checked program was:
/* begin */
1: #include "ruby.h"
2: 
3: #include <openssl/engine.h>
4: /*top*/
5: #ifndef ENGINE_load_aep
6: # error
7: |:/ === ENGINE_load_aep undefined === /:|
8: #endif
/* end */

--------------------

have_func: checking for ENGINE_load_atalla() in openssl/engine.h with -Werror=deprecated-declarations... -------------------- no

"aarch64-linux-android-clang -o conftest -I/data/data/com.termux/files/usr/include/ruby-2.4.0/aarch64-linux-android -I/data/data/com.termux/files/usr/include/ruby-2.4.0/ruby/backward -I/data/data/com.termux/files/usr/include/ruby-2.4.0 -I. -I/data/data/com.termux/files/usr/include -I/data/data/com.termux/files/usr/include -isystem /data/data/com.termux/files/usr/include/libandroid-support    -Os -fPIC  conftest.c  -L. -L/data/data/com.termux/files/usr/lib -L. -L/data/data/com.termux/files/usr/lib -landroid-support -fstack-protector -rdynamic -Wl,-export-dynamic -L/data/data/com.termux/files/usr/lib     -lssl -lcrypto -lruby -Werror=deprecated-declarations  -lssl -lcrypto -lgmp -ldl -lm   -lc"
conftest.c:15:57: error: use of undeclared identifier 'ENGINE_load_atalla'
int t(void) { void ((*volatile p)()); p = (void ((*)()))ENGINE_load_atalla; return !p; }
                                                        ^
1 error generated.
checked program was:
/* begin */
 1: #include "ruby.h"
 2: 
 3: #include <openssl/engine.h>
 4: 
 5: /*top*/
 6: extern int t(void);
 7: int main(int argc, char **argv)
 8: {
 9:   if (argc > 1000000) {
10:     printf("%p", &t);
11:   }
12: 
13:   return 0;
14: }
15: int t(void) { void ((*volatile p)()); p = (void ((*)()))ENGINE_load_atalla; return !p; }
/* end */

"aarch64-linux-android-clang -o conftest -I/data/data/com.termux/files/usr/include/ruby-2.4.0/aarch64-linux-android -I/data/data/com.termux/files/usr/include/ruby-2.4.0/ruby/backward -I/data/data/com.termux/files/usr/include/ruby-2.4.0 -I. -I/data/data/com.termux/files/usr/include -I/data/data/com.termux/files/usr/include -isystem /data/data/com.termux/files/usr/include/libandroid-support    -Os -fPIC  conftest.c  -L. -L/data/data/com.termux/files/usr/lib -L. -L/data/data/com.termux/files/usr/lib -landroid-support -fstack-protector -rdynamic -Wl,-export-dynamic -L/data/data/com.termux/files/usr/lib     -lssl -lcrypto -lruby -Werror=deprecated-declarations  -lssl -lcrypto -lgmp -ldl -lm   -lc"
/data/data/com.termux/files/usr/tmp/conftest-39c8bd.o: In function `t':
conftest.c:(.text+0x40): undefined reference to `ENGINE_load_atalla'
clang-5.0: error: linker command failed with exit code 1 (use -v to see invocation)
checked program was:
/* begin */
 1: #include "ruby.h"
 2: 
 3: #include <openssl/engine.h>
 4: 
 5: /*top*/
 6: extern int t(void);
 7: int main(int argc, char **argv)
 8: {
 9:   if (argc > 1000000) {
10:     printf("%p", &t);
11:   }
12: 
13:   return 0;
14: }
15: extern void ENGINE_load_atalla();
16: int t(void) { ENGINE_load_atalla(); return 0; }
/* end */

--------------------

have_macro: checking for ENGINE_load_atalla in openssl/engine.h... -------------------- no

"aarch64-linux-android-clang -I/data/data/com.termux/files/usr/include/ruby-2.4.0/aarch64-linux-android -I/data/data/com.termux/files/usr/include/ruby-2.4.0/ruby/backward -I/data/data/com.termux/files/usr/include/ruby-2.4.0 -I. -I/data/data/com.termux/files/usr/include -I/data/data/com.termux/files/usr/include -isystem /data/data/com.termux/files/usr/include/libandroid-support    -Os -fPIC    -c conftest.c"
conftest.c:6:3: error: 
# error
  ^
conftest.c:7:1: error: expected identifier or '('
|:/ === ENGINE_load_atalla undefined === /:|
^
2 errors generated.
checked program was:
/* begin */
1: #include "ruby.h"
2: 
3: #include <openssl/engine.h>
4: /*top*/
5: #ifndef ENGINE_load_atalla
6: # error
7: |:/ === ENGINE_load_atalla undefined === /:|
8: #endif
/* end */

--------------------

have_func: checking for ENGINE_load_chil() in openssl/engine.h with -Werror=deprecated-declarations... -------------------- no

"aarch64-linux-android-clang -o conftest -I/data/data/com.termux/files/usr/include/ruby-2.4.0/aarch64-linux-android -I/data/data/com.termux/files/usr/include/ruby-2.4.0/ruby/backward -I/data/data/com.termux/files/usr/include/ruby-2.4.0 -I. -I/data/data/com.termux/files/usr/include -I/data/data/com.termux/files/usr/include -isystem /data/data/com.termux/files/usr/include/libandroid-support    -Os -fPIC  conftest.c  -L. -L/data/data/com.termux/files/usr/lib -L. -L/data/data/com.termux/files/usr/lib -landroid-support -fstack-protector -rdynamic -Wl,-export-dynamic -L/data/data/com.termux/files/usr/lib     -lssl -lcrypto -lruby -Werror=deprecated-declarations  -lssl -lcrypto -lgmp -ldl -lm   -lc"
conftest.c:15:57: error: use of undeclared identifier 'ENGINE_load_chil'
int t(void) { void ((*volatile p)()); p = (void ((*)()))ENGINE_load_chil; return !p; }
                                                        ^
1 error generated.
checked program was:
/* begin */
 1: #include "ruby.h"
 2: 
 3: #include <openssl/engine.h>
 4: 
 5: /*top*/
 6: extern int t(void);
 7: int main(int argc, char **argv)
 8: {
 9:   if (argc > 1000000) {
10:     printf("%p", &t);
11:   }
12: 
13:   return 0;
14: }
15: int t(void) { void ((*volatile p)()); p = (void ((*)()))ENGINE_load_chil; return !p; }
/* end */

"aarch64-linux-android-clang -o conftest -I/data/data/com.termux/files/usr/include/ruby-2.4.0/aarch64-linux-android -I/data/data/com.termux/files/usr/include/ruby-2.4.0/ruby/backward -I/data/data/com.termux/files/usr/include/ruby-2.4.0 -I. -I/data/data/com.termux/files/usr/include -I/data/data/com.termux/files/usr/include -isystem /data/data/com.termux/files/usr/include/libandroid-support    -Os -fPIC  conftest.c  -L. -L/data/data/com.termux/files/usr/lib -L. -L/data/data/com.termux/files/usr/lib -landroid-support -fstack-protector -rdynamic -Wl,-export-dynamic -L/data/data/com.termux/files/usr/lib     -lssl -lcrypto -lruby -Werror=deprecated-declarations  -lssl -lcrypto -lgmp -ldl -lm   -lc"
/data/data/com.termux/files/usr/tmp/conftest-0e9021.o: In function `t':
conftest.c:(.text+0x40): undefined reference to `ENGINE_load_chil'
clang-5.0: error: linker command failed with exit code 1 (use -v to see invocation)
checked program was:
/* begin */
 1: #include "ruby.h"
 2: 
 3: #include <openssl/engine.h>
 4: 
 5: /*top*/
 6: extern int t(void);
 7: int main(int argc, char **argv)
 8: {
 9:   if (argc > 1000000) {
10:     printf("%p", &t);
11:   }
12: 
13:   return 0;
14: }
15: extern void ENGINE_load_chil();
16: int t(void) { ENGINE_load_chil(); return 0; }
/* end */

--------------------

have_macro: checking for ENGINE_load_chil in openssl/engine.h... -------------------- no

"aarch64-linux-android-clang -I/data/data/com.termux/files/usr/include/ruby-2.4.0/aarch64-linux-android -I/data/data/com.termux/files/usr/include/ruby-2.4.0/ruby/backward -I/data/data/com.termux/files/usr/include/ruby-2.4.0 -I. -I/data/data/com.termux/files/usr/include -I/data/data/com.termux/files/usr/include -isystem /data/data/com.termux/files/usr/include/libandroid-support    -Os -fPIC    -c conftest.c"
conftest.c:6:3: error: 
# error
  ^
conftest.c:7:1: error: expected identifier or '('
|:/ === ENGINE_load_chil undefined === /:|
^
2 errors generated.
checked program was:
/* begin */
1: #include "ruby.h"
2: 
3: #include <openssl/engine.h>
4: /*top*/
5: #ifndef ENGINE_load_chil
6: # error
7: |:/ === ENGINE_load_chil undefined === /:|
8: #endif
/* end */

--------------------

have_func: checking for ENGINE_load_cswift() in openssl/engine.h with -Werror=deprecated-declarations... -------------------- no

"aarch64-linux-android-clang -o conftest -I/data/data/com.termux/files/usr/include/ruby-2.4.0/aarch64-linux-android -I/data/data/com.termux/files/usr/include/ruby-2.4.0/ruby/backward -I/data/data/com.termux/files/usr/include/ruby-2.4.0 -I. -I/data/data/com.termux/files/usr/include -I/data/data/com.termux/files/usr/include -isystem /data/data/com.termux/files/usr/include/libandroid-support    -Os -fPIC  conftest.c  -L. -L/data/data/com.termux/files/usr/lib -L. -L/data/data/com.termux/files/usr/lib -landroid-support -fstack-protector -rdynamic -Wl,-export-dynamic -L/data/data/com.termux/files/usr/lib     -lssl -lcrypto -lruby -Werror=deprecated-declarations  -lssl -lcrypto -lgmp -ldl -lm   -lc"
conftest.c:15:57: error: use of undeclared identifier 'ENGINE_load_cswift'
int t(void) { void ((*volatile p)()); p = (void ((*)()))ENGINE_load_cswift; return !p; }
                                                        ^
1 error generated.
checked program was:
/* begin */
 1: #include "ruby.h"
 2: 
 3: #include <openssl/engine.h>
 4: 
 5: /*top*/
 6: extern int t(void);
 7: int main(int argc, char **argv)
 8: {
 9:   if (argc > 1000000) {
10:     printf("%p", &t);
11:   }
12: 
13:   return 0;
14: }
15: int t(void) { void ((*volatile p)()); p = (void ((*)()))ENGINE_load_cswift; return !p; }
/* end */

"aarch64-linux-android-clang -o conftest -I/data/data/com.termux/files/usr/include/ruby-2.4.0/aarch64-linux-android -I/data/data/com.termux/files/usr/include/ruby-2.4.0/ruby/backward -I/data/data/com.termux/files/usr/include/ruby-2.4.0 -I. -I/data/data/com.termux/files/usr/include -I/data/data/com.termux/files/usr/include -isystem /data/data/com.termux/files/usr/include/libandroid-support    -Os -fPIC  conftest.c  -L. -L/data/data/com.termux/files/usr/lib -L. -L/data/data/com.termux/files/usr/lib -landroid-support -fstack-protector -rdynamic -Wl,-export-dynamic -L/data/data/com.termux/files/usr/lib     -lssl -lcrypto -lruby -Werror=deprecated-declarations  -lssl -lcrypto -lgmp -ldl -lm   -lc"
/data/data/com.termux/files/usr/tmp/conftest-de54e6.o: In function `t':
conftest.c:(.text+0x40): undefined reference to `ENGINE_load_cswift'
clang-5.0: error: linker command failed with exit code 1 (use -v to see invocation)
checked program was:
/* begin */
 1: #include "ruby.h"
 2: 
 3: #include <openssl/engine.h>
 4: 
 5: /*top*/
 6: extern int t(void);
 7: int main(int argc, char **argv)
 8: {
 9:   if (argc > 1000000) {
10:     printf("%p", &t);
11:   }
12: 
13:   return 0;
14: }
15: extern void ENGINE_load_cswift();
16: int t(void) { ENGINE_load_cswift(); return 0; }
/* end */

--------------------

have_macro: checking for ENGINE_load_cswift in openssl/engine.h... -------------------- no

"aarch64-linux-android-clang -I/data/data/com.termux/files/usr/include/ruby-2.4.0/aarch64-linux-android -I/data/data/com.termux/files/usr/include/ruby-2.4.0/ruby/backward -I/data/data/com.termux/files/usr/include/ruby-2.4.0 -I. -I/data/data/com.termux/files/usr/include -I/data/data/com.termux/files/usr/include -isystem /data/data/com.termux/files/usr/include/libandroid-support    -Os -fPIC    -c conftest.c"
conftest.c:6:3: error: 
# error
  ^
conftest.c:7:1: error: expected identifier or '('
|:/ === ENGINE_load_cswift undefined === /:|
^
2 errors generated.
checked program was:
/* begin */
1: #include "ruby.h"
2: 
3: #include <openssl/engine.h>
4: /*top*/
5: #ifndef ENGINE_load_cswift
6: # error
7: |:/ === ENGINE_load_cswift undefined === /:|
8: #endif
/* end */

--------------------

have_func: checking for ENGINE_load_nuron() in openssl/engine.h with -Werror=deprecated-declarations... -------------------- no

"aarch64-linux-android-clang -o conftest -I/data/data/com.termux/files/usr/include/ruby-2.4.0/aarch64-linux-android -I/data/data/com.termux/files/usr/include/ruby-2.4.0/ruby/backward -I/data/data/com.termux/files/usr/include/ruby-2.4.0 -I. -I/data/data/com.termux/files/usr/include -I/data/data/com.termux/files/usr/include -isystem /data/data/com.termux/files/usr/include/libandroid-support    -Os -fPIC  conftest.c  -L. -L/data/data/com.termux/files/usr/lib -L. -L/data/data/com.termux/files/usr/lib -landroid-support -fstack-protector -rdynamic -Wl,-export-dynamic -L/data/data/com.termux/files/usr/lib     -lssl -lcrypto -lruby -Werror=deprecated-declarations  -lssl -lcrypto -lgmp -ldl -lm   -lc"
conftest.c:15:57: error: use of undeclared identifier 'ENGINE_load_nuron'
int t(void) { void ((*volatile p)()); p = (void ((*)()))ENGINE_load_nuron; return !p; }
                                                        ^
1 error generated.
checked program was:
/* begin */
 1: #include "ruby.h"
 2: 
 3: #include <openssl/engine.h>
 4: 
 5: /*top*/
 6: extern int t(void);
 7: int main(int argc, char **argv)
 8: {
 9:   if (argc > 1000000) {
10:     printf("%p", &t);
11:   }
12: 
13:   return 0;
14: }
15: int t(void) { void ((*volatile p)()); p = (void ((*)()))ENGINE_load_nuron; return !p; }
/* end */

"aarch64-linux-android-clang -o conftest -I/data/data/com.termux/files/usr/include/ruby-2.4.0/aarch64-linux-android -I/data/data/com.termux/files/usr/include/ruby-2.4.0/ruby/backward -I/data/data/com.termux/files/usr/include/ruby-2.4.0 -I. -I/data/data/com.termux/files/usr/include -I/data/data/com.termux/files/usr/include -isystem /data/data/com.termux/files/usr/include/libandroid-support    -Os -fPIC  conftest.c  -L. -L/data/data/com.termux/files/usr/lib -L. -L/data/data/com.termux/files/usr/lib -landroid-support -fstack-protector -rdynamic -Wl,-export-dynamic -L/data/data/com.termux/files/usr/lib     -lssl -lcrypto -lruby -Werror=deprecated-declarations  -lssl -lcrypto -lgmp -ldl -lm   -lc"
/data/data/com.termux/files/usr/tmp/conftest-6c5468.o: In function `t':
conftest.c:(.text+0x40): undefined reference to `ENGINE_load_nuron'
clang-5.0: error: linker command failed with exit code 1 (use -v to see invocation)
checked program was:
/* begin */
 1: #include "ruby.h"
 2: 
 3: #include <openssl/engine.h>
 4: 
 5: /*top*/
 6: extern int t(void);
 7: int main(int argc, char **argv)
 8: {
 9:   if (argc > 1000000) {
10:     printf("%p", &t);
11:   }
12: 
13:   return 0;
14: }
15: extern void ENGINE_load_nuron();
16: int t(void) { ENGINE_load_nuron(); return 0; }
/* end */

--------------------

have_macro: checking for ENGINE_load_nuron in openssl/engine.h... -------------------- no

"aarch64-linux-android-clang -I/data/data/com.termux/files/usr/include/ruby-2.4.0/aarch64-linux-android -I/data/data/com.termux/files/usr/include/ruby-2.4.0/ruby/backward -I/data/data/com.termux/files/usr/include/ruby-2.4.0 -I. -I/data/data/com.termux/files/usr/include -I/data/data/com.termux/files/usr/include -isystem /data/data/com.termux/files/usr/include/libandroid-support    -Os -fPIC    -c conftest.c"
conftest.c:6:3: error: 
# error
  ^
conftest.c:7:1: error: expected identifier or '('
|:/ === ENGINE_load_nuron undefined === /:|
^
2 errors generated.
checked program was:
/* begin */
1: #include "ruby.h"
2: 
3: #include <openssl/engine.h>
4: /*top*/
5: #ifndef ENGINE_load_nuron
6: # error
7: |:/ === ENGINE_load_nuron undefined === /:|
8: #endif
/* end */

--------------------

have_func: checking for ENGINE_load_sureware() in openssl/engine.h with -Werror=deprecated-declarations... -------------------- no

"aarch64-linux-android-clang -o conftest -I/data/data/com.termux/files/usr/include/ruby-2.4.0/aarch64-linux-android -I/data/data/com.termux/files/usr/include/ruby-2.4.0/ruby/backward -I/data/data/com.termux/files/usr/include/ruby-2.4.0 -I. -I/data/data/com.termux/files/usr/include -I/data/data/com.termux/files/usr/include -isystem /data/data/com.termux/files/usr/include/libandroid-support    -Os -fPIC  conftest.c  -L. -L/data/data/com.termux/files/usr/lib -L. -L/data/data/com.termux/files/usr/lib -landroid-support -fstack-protector -rdynamic -Wl,-export-dynamic -L/data/data/com.termux/files/usr/lib     -lssl -lcrypto -lruby -Werror=deprecated-declarations  -lssl -lcrypto -lgmp -ldl -lm   -lc"
conftest.c:15:57: error: use of undeclared identifier 'ENGINE_load_sureware'
int t(void) { void ((*volatile p)()); p = (void ((*)()))ENGINE_load_sureware; return !p; }
                                                        ^
1 error generated.
checked program was:
/* begin */
 1: #include "ruby.h"
 2: 
 3: #include <openssl/engine.h>
 4: 
 5: /*top*/
 6: extern int t(void);
 7: int main(int argc, char **argv)
 8: {
 9:   if (argc > 1000000) {
10:     printf("%p", &t);
11:   }
12: 
13:   return 0;
14: }
15: int t(void) { void ((*volatile p)()); p = (void ((*)()))ENGINE_load_sureware; return !p; }
/* end */

"aarch64-linux-android-clang -o conftest -I/data/data/com.termux/files/usr/include/ruby-2.4.0/aarch64-linux-android -I/data/data/com.termux/files/usr/include/ruby-2.4.0/ruby/backward -I/data/data/com.termux/files/usr/include/ruby-2.4.0 -I. -I/data/data/com.termux/files/usr/include -I/data/data/com.termux/files/usr/include -isystem /data/data/com.termux/files/usr/include/libandroid-support    -Os -fPIC  conftest.c  -L. -L/data/data/com.termux/files/usr/lib -L. -L/data/data/com.termux/files/usr/lib -landroid-support -fstack-protector -rdynamic -Wl,-export-dynamic -L/data/data/com.termux/files/usr/lib     -lssl -lcrypto -lruby -Werror=deprecated-declarations  -lssl -lcrypto -lgmp -ldl -lm   -lc"
/data/data/com.termux/files/usr/tmp/conftest-2b7490.o: In function `t':
conftest.c:(.text+0x40): undefined reference to `ENGINE_load_sureware'
clang-5.0: error: linker command failed with exit code 1 (use -v to see invocation)
checked program was:
/* begin */
 1: #include "ruby.h"
 2: 
 3: #include <openssl/engine.h>
 4: 
 5: /*top*/
 6: extern int t(void);
 7: int main(int argc, char **argv)
 8: {
 9:   if (argc > 1000000) {
10:     printf("%p", &t);
11:   }
12: 
13:   return 0;
14: }
15: extern void ENGINE_load_sureware();
16: int t(void) { ENGINE_load_sureware(); return 0; }
/* end */

--------------------

have_macro: checking for ENGINE_load_sureware in openssl/engine.h... -------------------- no

"aarch64-linux-android-clang -I/data/data/com.termux/files/usr/include/ruby-2.4.0/aarch64-linux-android -I/data/data/com.termux/files/usr/include/ruby-2.4.0/ruby/backward -I/data/data/com.termux/files/usr/include/ruby-2.4.0 -I. -I/data/data/com.termux/files/usr/include -I/data/data/com.termux/files/usr/include -isystem /data/data/com.termux/files/usr/include/libandroid-support    -Os -fPIC    -c conftest.c"
conftest.c:6:3: error: 
# error
  ^
conftest.c:7:1: error: expected identifier or '('
|:/ === ENGINE_load_sureware undefined === /:|
^
2 errors generated.
checked program was:
/* begin */
1: #include "ruby.h"
2: 
3: #include <openssl/engine.h>
4: /*top*/
5: #ifndef ENGINE_load_sureware
6: # error
7: |:/ === ENGINE_load_sureware undefined === /:|
8: #endif
/* end */

--------------------

have_func: checking for ENGINE_load_ubsec() in openssl/engine.h with -Werror=deprecated-declarations... -------------------- no

"aarch64-linux-android-clang -o conftest -I/data/data/com.termux/files/usr/include/ruby-2.4.0/aarch64-linux-android -I/data/data/com.termux/files/usr/include/ruby-2.4.0/ruby/backward -I/data/data/com.termux/files/usr/include/ruby-2.4.0 -I. -I/data/data/com.termux/files/usr/include -I/data/data/com.termux/files/usr/include -isystem /data/data/com.termux/files/usr/include/libandroid-support    -Os -fPIC  conftest.c  -L. -L/data/data/com.termux/files/usr/lib -L. -L/data/data/com.termux/files/usr/lib -landroid-support -fstack-protector -rdynamic -Wl,-export-dynamic -L/data/data/com.termux/files/usr/lib     -lssl -lcrypto -lruby -Werror=deprecated-declarations  -lssl -lcrypto -lgmp -ldl -lm   -lc"
conftest.c:15:57: error: use of undeclared identifier 'ENGINE_load_ubsec'
int t(void) { void ((*volatile p)()); p = (void ((*)()))ENGINE_load_ubsec; return !p; }
                                                        ^
1 error generated.
checked program was:
/* begin */
 1: #include "ruby.h"
 2: 
 3: #include <openssl/engine.h>
 4: 
 5: /*top*/
 6: extern int t(void);
 7: int main(int argc, char **argv)
 8: {
 9:   if (argc > 1000000) {
10:     printf("%p", &t);
11:   }
12: 
13:   return 0;
14: }
15: int t(void) { void ((*volatile p)()); p = (void ((*)()))ENGINE_load_ubsec; return !p; }
/* end */

"aarch64-linux-android-clang -o conftest -I/data/data/com.termux/files/usr/include/ruby-2.4.0/aarch64-linux-android -I/data/data/com.termux/files/usr/include/ruby-2.4.0/ruby/backward -I/data/data/com.termux/files/usr/include/ruby-2.4.0 -I. -I/data/data/com.termux/files/usr/include -I/data/data/com.termux/files/usr/include -isystem /data/data/com.termux/files/usr/include/libandroid-support    -Os -fPIC  conftest.c  -L. -L/data/data/com.termux/files/usr/lib -L. -L/data/data/com.termux/files/usr/lib -landroid-support -fstack-protector -rdynamic -Wl,-export-dynamic -L/data/data/com.termux/files/usr/lib     -lssl -lcrypto -lruby -Werror=deprecated-declarations  -lssl -lcrypto -lgmp -ldl -lm   -lc"
/data/data/com.termux/files/usr/tmp/conftest-1ffead.o: In function `t':
conftest.c:(.text+0x40): undefined reference to `ENGINE_load_ubsec'
clang-5.0: error: linker command failed with exit code 1 (use -v to see invocation)
checked program was:
/* begin */
 1: #include "ruby.h"
 2: 
 3: #include <openssl/engine.h>
 4: 
 5: /*top*/
 6: extern int t(void);
 7: int main(int argc, char **argv)
 8: {
 9:   if (argc > 1000000) {
10:     printf("%p", &t);
11:   }
12: 
13:   return 0;
14: }
15: extern void ENGINE_load_ubsec();
16: int t(void) { ENGINE_load_ubsec(); return 0; }
/* end */

--------------------

have_macro: checking for ENGINE_load_ubsec in openssl/engine.h... -------------------- no

"aarch64-linux-android-clang -I/data/data/com.termux/files/usr/include/ruby-2.4.0/aarch64-linux-android -I/data/data/com.termux/files/usr/include/ruby-2.4.0/ruby/backward -I/data/data/com.termux/files/usr/include/ruby-2.4.0 -I. -I/data/data/com.termux/files/usr/include -I/data/data/com.termux/files/usr/include -isystem /data/data/com.termux/files/usr/include/libandroid-support    -Os -fPIC    -c conftest.c"
conftest.c:6:3: error: 
# error
  ^
conftest.c:7:1: error: expected identifier or '('
|:/ === ENGINE_load_ubsec undefined === /:|
^
2 errors generated.
checked program was:
/* begin */
1: #include "ruby.h"
2: 
3: #include <openssl/engine.h>
4: /*top*/
5: #ifndef ENGINE_load_ubsec
6: # error
7: |:/ === ENGINE_load_ubsec undefined === /:|
8: #endif
/* end */

--------------------

have_func: checking for ENGINE_load_padlock() in openssl/engine.h with -Werror=deprecated-declarations... -------------------- no

"aarch64-linux-android-clang -o conftest -I/data/data/com.termux/files/usr/include/ruby-2.4.0/aarch64-linux-android -I/data/data/com.termux/files/usr/include/ruby-2.4.0/ruby/backward -I/data/data/com.termux/files/usr/include/ruby-2.4.0 -I. -I/data/data/com.termux/files/usr/include -I/data/data/com.termux/files/usr/include -isystem /data/data/com.termux/files/usr/include/libandroid-support    -Os -fPIC  conftest.c  -L. -L/data/data/com.termux/files/usr/lib -L. -L/data/data/com.termux/files/usr/lib -landroid-support -fstack-protector -rdynamic -Wl,-export-dynamic -L/data/data/com.termux/files/usr/lib     -lssl -lcrypto -lruby -Werror=deprecated-declarations  -lssl -lcrypto -lgmp -ldl -lm   -lc"
conftest.c:15:57: error: use of undeclared identifier 'ENGINE_load_padlock'
int t(void) { void ((*volatile p)()); p = (void ((*)()))ENGINE_load_padlock; return !p; }
                                                        ^
1 error generated.
checked program was:
/* begin */
 1: #include "ruby.h"
 2: 
 3: #include <openssl/engine.h>
 4: 
 5: /*top*/
 6: extern int t(void);
 7: int main(int argc, char **argv)
 8: {
 9:   if (argc > 1000000) {
10:     printf("%p", &t);
11:   }
12: 
13:   return 0;
14: }
15: int t(void) { void ((*volatile p)()); p = (void ((*)()))ENGINE_load_padlock; return !p; }
/* end */

"aarch64-linux-android-clang -o conftest -I/data/data/com.termux/files/usr/include/ruby-2.4.0/aarch64-linux-android -I/data/data/com.termux/files/usr/include/ruby-2.4.0/ruby/backward -I/data/data/com.termux/files/usr/include/ruby-2.4.0 -I. -I/data/data/com.termux/files/usr/include -I/data/data/com.termux/files/usr/include -isystem /data/data/com.termux/files/usr/include/libandroid-support    -Os -fPIC  conftest.c  -L. -L/data/data/com.termux/files/usr/lib -L. -L/data/data/com.termux/files/usr/lib -landroid-support -fstack-protector -rdynamic -Wl,-export-dynamic -L/data/data/com.termux/files/usr/lib     -lssl -lcrypto -lruby -Werror=deprecated-declarations  -lssl -lcrypto -lgmp -ldl -lm   -lc"
/data/data/com.termux/files/usr/tmp/conftest-74964d.o: In function `t':
conftest.c:(.text+0x40): undefined reference to `ENGINE_load_padlock'
clang-5.0: error: linker command failed with exit code 1 (use -v to see invocation)
checked program was:
/* begin */
 1: #include "ruby.h"
 2: 
 3: #include <openssl/engine.h>
 4: 
 5: /*top*/
 6: extern int t(void);
 7: int main(int argc, char **argv)
 8: {
 9:   if (argc > 1000000) {
10:     printf("%p", &t);
11:   }
12: 
13:   return 0;
14: }
15: extern void ENGINE_load_padlock();
16: int t(void) { ENGINE_load_padlock(); return 0; }
/* end */

--------------------

have_macro: checking for ENGINE_load_padlock in openssl/engine.h... -------------------- no

"aarch64-linux-android-clang -I/data/data/com.termux/files/usr/include/ruby-2.4.0/aarch64-linux-android -I/data/data/com.termux/files/usr/include/ruby-2.4.0/ruby/backward -I/data/data/com.termux/files/usr/include/ruby-2.4.0 -I. -I/data/data/com.termux/files/usr/include -I/data/data/com.termux/files/usr/include -isystem /data/data/com.termux/files/usr/include/libandroid-support    -Os -fPIC    -c conftest.c"
conftest.c:6:3: error: 
# error
  ^
conftest.c:7:1: error: expected identifier or '('
|:/ === ENGINE_load_padlock undefined === /:|
^
2 errors generated.
checked program was:
/* begin */
1: #include "ruby.h"
2: 
3: #include <openssl/engine.h>
4: /*top*/
5: #ifndef ENGINE_load_padlock
6: # error
7: |:/ === ENGINE_load_padlock undefined === /:|
8: #endif
/* end */

--------------------

have_func: checking for ENGINE_load_capi() in openssl/engine.h with -Werror=deprecated-declarations... -------------------- no

"aarch64-linux-android-clang -o conftest -I/data/data/com.termux/files/usr/include/ruby-2.4.0/aarch64-linux-android -I/data/data/com.termux/files/usr/include/ruby-2.4.0/ruby/backward -I/data/data/com.termux/files/usr/include/ruby-2.4.0 -I. -I/data/data/com.termux/files/usr/include -I/data/data/com.termux/files/usr/include -isystem /data/data/com.termux/files/usr/include/libandroid-support    -Os -fPIC  conftest.c  -L. -L/data/data/com.termux/files/usr/lib -L. -L/data/data/com.termux/files/usr/lib -landroid-support -fstack-protector -rdynamic -Wl,-export-dynamic -L/data/data/com.termux/files/usr/lib     -lssl -lcrypto -lruby -Werror=deprecated-declarations  -lssl -lcrypto -lgmp -ldl -lm   -lc"
conftest.c:15:57: error: use of undeclared identifier 'ENGINE_load_capi'
int t(void) { void ((*volatile p)()); p = (void ((*)()))ENGINE_load_capi; return !p; }
                                                        ^
1 error generated.
checked program was:
/* begin */
 1: #include "ruby.h"
 2: 
 3: #include <openssl/engine.h>
 4: 
 5: /*top*/
 6: extern int t(void);
 7: int main(int argc, char **argv)
 8: {
 9:   if (argc > 1000000) {
10:     printf("%p", &t);
11:   }
12: 
13:   return 0;
14: }
15: int t(void) { void ((*volatile p)()); p = (void ((*)()))ENGINE_load_capi; return !p; }
/* end */

"aarch64-linux-android-clang -o conftest -I/data/data/com.termux/files/usr/include/ruby-2.4.0/aarch64-linux-android -I/data/data/com.termux/files/usr/include/ruby-2.4.0/ruby/backward -I/data/data/com.termux/files/usr/include/ruby-2.4.0 -I. -I/data/data/com.termux/files/usr/include -I/data/data/com.termux/files/usr/include -isystem /data/data/com.termux/files/usr/include/libandroid-support    -Os -fPIC  conftest.c  -L. -L/data/data/com.termux/files/usr/lib -L. -L/data/data/com.termux/files/usr/lib -landroid-support -fstack-protector -rdynamic -Wl,-export-dynamic -L/data/data/com.termux/files/usr/lib     -lssl -lcrypto -lruby -Werror=deprecated-declarations  -lssl -lcrypto -lgmp -ldl -lm   -lc"
/data/data/com.termux/files/usr/tmp/conftest-579079.o: In function `t':
conftest.c:(.text+0x40): undefined reference to `ENGINE_load_capi'
clang-5.0: error: linker command failed with exit code 1 (use -v to see invocation)
checked program was:
/* begin */
 1: #include "ruby.h"
 2: 
 3: #include <openssl/engine.h>
 4: 
 5: /*top*/
 6: extern int t(void);
 7: int main(int argc, char **argv)
 8: {
 9:   if (argc > 1000000) {
10:     printf("%p", &t);
11:   }
12: 
13:   return 0;
14: }
15: extern void ENGINE_load_capi();
16: int t(void) { ENGINE_load_capi(); return 0; }
/* end */

--------------------

have_macro: checking for ENGINE_load_capi in openssl/engine.h... -------------------- no

"aarch64-linux-android-clang -I/data/data/com.termux/files/usr/include/ruby-2.4.0/aarch64-linux-android -I/data/data/com.termux/files/usr/include/ruby-2.4.0/ruby/backward -I/data/data/com.termux/files/usr/include/ruby-2.4.0 -I. -I/data/data/com.termux/files/usr/include -I/data/data/com.termux/files/usr/include -isystem /data/data/com.termux/files/usr/include/libandroid-support    -Os -fPIC    -c conftest.c"
conftest.c:6:3: error: 
# error
  ^
conftest.c:7:1: error: expected identifier or '('
|:/ === ENGINE_load_capi undefined === /:|
^
2 errors generated.
checked program was:
/* begin */
1: #include "ruby.h"
2: 
3: #include <openssl/engine.h>
4: /*top*/
5: #ifndef ENGINE_load_capi
6: # error
7: |:/ === ENGINE_load_capi undefined === /:|
8: #endif
/* end */

--------------------

have_func: checking for ENGINE_load_gmp() in openssl/engine.h with -Werror=deprecated-declarations... -------------------- no

"aarch64-linux-android-clang -o conftest -I/data/data/com.termux/files/usr/include/ruby-2.4.0/aarch64-linux-android -I/data/data/com.termux/files/usr/include/ruby-2.4.0/ruby/backward -I/data/data/com.termux/files/usr/include/ruby-2.4.0 -I. -I/data/data/com.termux/files/usr/include -I/data/data/com.termux/files/usr/include -isystem /data/data/com.termux/files/usr/include/libandroid-support    -Os -fPIC  conftest.c  -L. -L/data/data/com.termux/files/usr/lib -L. -L/data/data/com.termux/files/usr/lib -landroid-support -fstack-protector -rdynamic -Wl,-export-dynamic -L/data/data/com.termux/files/usr/lib     -lssl -lcrypto -lruby -Werror=deprecated-declarations  -lssl -lcrypto -lgmp -ldl -lm   -lc"
conftest.c:15:57: error: use of undeclared identifier 'ENGINE_load_gmp'
int t(void) { void ((*volatile p)()); p = (void ((*)()))ENGINE_load_gmp; return !p; }
                                                        ^
1 error generated.
checked program was:
/* begin */
 1: #include "ruby.h"
 2: 
 3: #include <openssl/engine.h>
 4: 
 5: /*top*/
 6: extern int t(void);
 7: int main(int argc, char **argv)
 8: {
 9:   if (argc > 1000000) {
10:     printf("%p", &t);
11:   }
12: 
13:   return 0;
14: }
15: int t(void) { void ((*volatile p)()); p = (void ((*)()))ENGINE_load_gmp; return !p; }
/* end */

"aarch64-linux-android-clang -o conftest -I/data/data/com.termux/files/usr/include/ruby-2.4.0/aarch64-linux-android -I/data/data/com.termux/files/usr/include/ruby-2.4.0/ruby/backward -I/data/data/com.termux/files/usr/include/ruby-2.4.0 -I. -I/data/data/com.termux/files/usr/include -I/data/data/com.termux/files/usr/include -isystem /data/data/com.termux/files/usr/include/libandroid-support    -Os -fPIC  conftest.c  -L. -L/data/data/com.termux/files/usr/lib -L. -L/data/data/com.termux/files/usr/lib -landroid-support -fstack-protector -rdynamic -Wl,-export-dynamic -L/data/data/com.termux/files/usr/lib     -lssl -lcrypto -lruby -Werror=deprecated-declarations  -lssl -lcrypto -lgmp -ldl -lm   -lc"
/data/data/com.termux/files/usr/tmp/conftest-10aa4b.o: In function `t':
conftest.c:(.text+0x40): undefined reference to `ENGINE_load_gmp'
clang-5.0: error: linker command failed with exit code 1 (use -v to see invocation)
checked program was:
/* begin */
 1: #include "ruby.h"
 2: 
 3: #include <openssl/engine.h>
 4: 
 5: /*top*/
 6: extern int t(void);
 7: int main(int argc, char **argv)
 8: {
 9:   if (argc > 1000000) {
10:     printf("%p", &t);
11:   }
12: 
13:   return 0;
14: }
15: extern void ENGINE_load_gmp();
16: int t(void) { ENGINE_load_gmp(); return 0; }
/* end */

--------------------

have_macro: checking for ENGINE_load_gmp in openssl/engine.h... -------------------- no

"aarch64-linux-android-clang -I/data/data/com.termux/files/usr/include/ruby-2.4.0/aarch64-linux-android -I/data/data/com.termux/files/usr/include/ruby-2.4.0/ruby/backward -I/data/data/com.termux/files/usr/include/ruby-2.4.0 -I. -I/data/data/com.termux/files/usr/include -I/data/data/com.termux/files/usr/include -isystem /data/data/com.termux/files/usr/include/libandroid-support    -Os -fPIC    -c conftest.c"
conftest.c:6:3: error: 
# error
  ^
conftest.c:7:1: error: expected identifier or '('
|:/ === ENGINE_load_gmp undefined === /:|
^
2 errors generated.
checked program was:
/* begin */
1: #include "ruby.h"
2: 
3: #include <openssl/engine.h>
4: /*top*/
5: #ifndef ENGINE_load_gmp
6: # error
7: |:/ === ENGINE_load_gmp undefined === /:|
8: #endif
/* end */

--------------------

have_func: checking for ENGINE_load_gost() in openssl/engine.h with -Werror=deprecated-declarations... -------------------- no

"aarch64-linux-android-clang -o conftest -I/data/data/com.termux/files/usr/include/ruby-2.4.0/aarch64-linux-android -I/data/data/com.termux/files/usr/include/ruby-2.4.0/ruby/backward -I/data/data/com.termux/files/usr/include/ruby-2.4.0 -I. -I/data/data/com.termux/files/usr/include -I/data/data/com.termux/files/usr/include -isystem /data/data/com.termux/files/usr/include/libandroid-support    -Os -fPIC  conftest.c  -L. -L/data/data/com.termux/files/usr/lib -L. -L/data/data/com.termux/files/usr/lib -landroid-support -fstack-protector -rdynamic -Wl,-export-dynamic -L/data/data/com.termux/files/usr/lib     -lssl -lcrypto -lruby -Werror=deprecated-declarations  -lssl -lcrypto -lgmp -ldl -lm   -lc"
conftest.c:15:57: error: use of undeclared identifier 'ENGINE_load_gost'
int t(void) { void ((*volatile p)()); p = (void ((*)()))ENGINE_load_gost; return !p; }
                                                        ^
1 error generated.
checked program was:
/* begin */
 1: #include "ruby.h"
 2: 
 3: #include <openssl/engine.h>
 4: 
 5: /*top*/
 6: extern int t(void);
 7: int main(int argc, char **argv)
 8: {
 9:   if (argc > 1000000) {
10:     printf("%p", &t);
11:   }
12: 
13:   return 0;
14: }
15: int t(void) { void ((*volatile p)()); p = (void ((*)()))ENGINE_load_gost; return !p; }
/* end */

"aarch64-linux-android-clang -o conftest -I/data/data/com.termux/files/usr/include/ruby-2.4.0/aarch64-linux-android -I/data/data/com.termux/files/usr/include/ruby-2.4.0/ruby/backward -I/data/data/com.termux/files/usr/include/ruby-2.4.0 -I. -I/data/data/com.termux/files/usr/include -I/data/data/com.termux/files/usr/include -isystem /data/data/com.termux/files/usr/include/libandroid-support    -Os -fPIC  conftest.c  -L. -L/data/data/com.termux/files/usr/lib -L. -L/data/data/com.termux/files/usr/lib -landroid-support -fstack-protector -rdynamic -Wl,-export-dynamic -L/data/data/com.termux/files/usr/lib     -lssl -lcrypto -lruby -Werror=deprecated-declarations  -lssl -lcrypto -lgmp -ldl -lm   -lc"
/data/data/com.termux/files/usr/tmp/conftest-0fddee.o: In function `t':
conftest.c:(.text+0x40): undefined reference to `ENGINE_load_gost'
clang-5.0: error: linker command failed with exit code 1 (use -v to see invocation)
checked program was:
/* begin */
 1: #include "ruby.h"
 2: 
 3: #include <openssl/engine.h>
 4: 
 5: /*top*/
 6: extern int t(void);
 7: int main(int argc, char **argv)
 8: {
 9:   if (argc > 1000000) {
10:     printf("%p", &t);
11:   }
12: 
13:   return 0;
14: }
15: extern void ENGINE_load_gost();
16: int t(void) { ENGINE_load_gost(); return 0; }
/* end */

--------------------

have_macro: checking for ENGINE_load_gost in openssl/engine.h... -------------------- no

"aarch64-linux-android-clang -I/data/data/com.termux/files/usr/include/ruby-2.4.0/aarch64-linux-android -I/data/data/com.termux/files/usr/include/ruby-2.4.0/ruby/backward -I/data/data/com.termux/files/usr/include/ruby-2.4.0 -I. -I/data/data/com.termux/files/usr/include -I/data/data/com.termux/files/usr/include -isystem /data/data/com.termux/files/usr/include/libandroid-support    -Os -fPIC    -c conftest.c"
conftest.c:6:3: error: 
# error
  ^
conftest.c:7:1: error: expected identifier or '('
|:/ === ENGINE_load_gost undefined === /:|
^
2 errors generated.
checked program was:
/* begin */
1: #include "ruby.h"
2: 
3: #include <openssl/engine.h>
4: /*top*/
5: #ifndef ENGINE_load_gost
6: # error
7: |:/ === ENGINE_load_gost undefined === /:|
8: #endif
/* end */

--------------------

have_func: checking for ENGINE_load_cryptodev() in openssl/engine.h with -Werror=deprecated-declarations... -------------------- yes

"aarch64-linux-android-clang -o conftest -I/data/data/com.termux/files/usr/include/ruby-2.4.0/aarch64-linux-android -I/data/data/com.termux/files/usr/include/ruby-2.4.0/ruby/backward -I/data/data/com.termux/files/usr/include/ruby-2.4.0 -I. -I/data/data/com.termux/files/usr/include -I/data/data/com.termux/files/usr/include -isystem /data/data/com.termux/files/usr/include/libandroid-support    -Os -fPIC  conftest.c  -L. -L/data/data/com.termux/files/usr/lib -L. -L/data/data/com.termux/files/usr/lib -landroid-support -fstack-protector -rdynamic -Wl,-export-dynamic -L/data/data/com.termux/files/usr/lib     -lssl -lcrypto -lruby -Werror=deprecated-declarations  -lssl -lcrypto -lgmp -ldl -lm   -lc"
checked program was:
/* begin */
 1: #include "ruby.h"
 2: 
 3: #include <openssl/engine.h>
 4: 
 5: /*top*/
 6: extern int t(void);
 7: int main(int argc, char **argv)
 8: {
 9:   if (argc > 1000000) {
10:     printf("%p", &t);
11:   }
12: 
13:   return 0;
14: }
15: int t(void) { void ((*volatile p)()); p = (void ((*)()))ENGINE_load_cryptodev; return !p; }
/* end */

--------------------

have_func: checking for ENGINE_load_aesni() in openssl/engine.h with -Werror=deprecated-declarations... -------------------- no

"aarch64-linux-android-clang -o conftest -I/data/data/com.termux/files/usr/include/ruby-2.4.0/aarch64-linux-android -I/data/data/com.termux/files/usr/include/ruby-2.4.0/ruby/backward -I/data/data/com.termux/files/usr/include/ruby-2.4.0 -I. -I/data/data/com.termux/files/usr/include -I/data/data/com.termux/files/usr/include -isystem /data/data/com.termux/files/usr/include/libandroid-support    -Os -fPIC  conftest.c  -L. -L/data/data/com.termux/files/usr/lib -L. -L/data/data/com.termux/files/usr/lib -landroid-support -fstack-protector -rdynamic -Wl,-export-dynamic -L/data/data/com.termux/files/usr/lib     -lssl -lcrypto -lruby -Werror=deprecated-declarations  -lssl -lcrypto -lgmp -ldl -lm   -lc"
conftest.c:15:57: error: use of undeclared identifier 'ENGINE_load_aesni'
int t(void) { void ((*volatile p)()); p = (void ((*)()))ENGINE_load_aesni; return !p; }
                                                        ^
1 error generated.
checked program was:
/* begin */
 1: #include "ruby.h"
 2: 
 3: #include <openssl/engine.h>
 4: 
 5: /*top*/
 6: extern int t(void);
 7: int main(int argc, char **argv)
 8: {
 9:   if (argc > 1000000) {
10:     printf("%p", &t);
11:   }
12: 
13:   return 0;
14: }
15: int t(void) { void ((*volatile p)()); p = (void ((*)()))ENGINE_load_aesni; return !p; }
/* end */

"aarch64-linux-android-clang -o conftest -I/data/data/com.termux/files/usr/include/ruby-2.4.0/aarch64-linux-android -I/data/data/com.termux/files/usr/include/ruby-2.4.0/ruby/backward -I/data/data/com.termux/files/usr/include/ruby-2.4.0 -I. -I/data/data/com.termux/files/usr/include -I/data/data/com.termux/files/usr/include -isystem /data/data/com.termux/files/usr/include/libandroid-support    -Os -fPIC  conftest.c  -L. -L/data/data/com.termux/files/usr/lib -L. -L/data/data/com.termux/files/usr/lib -landroid-support -fstack-protector -rdynamic -Wl,-export-dynamic -L/data/data/com.termux/files/usr/lib     -lssl -lcrypto -lruby -Werror=deprecated-declarations  -lssl -lcrypto -lgmp -ldl -lm   -lc"
/data/data/com.termux/files/usr/tmp/conftest-883620.o: In function `t':
conftest.c:(.text+0x40): undefined reference to `ENGINE_load_aesni'
clang-5.0: error: linker command failed with exit code 1 (use -v to see invocation)
checked program was:
/* begin */
 1: #include "ruby.h"
 2: 
 3: #include <openssl/engine.h>
 4: 
 5: /*top*/
 6: extern int t(void);
 7: int main(int argc, char **argv)
 8: {
 9:   if (argc > 1000000) {
10:     printf("%p", &t);
11:   }
12: 
13:   return 0;
14: }
15: extern void ENGINE_load_aesni();
16: int t(void) { ENGINE_load_aesni(); return 0; }
/* end */

--------------------

have_macro: checking for ENGINE_load_aesni in openssl/engine.h... -------------------- no

"aarch64-linux-android-clang -I/data/data/com.termux/files/usr/include/ruby-2.4.0/aarch64-linux-android -I/data/data/com.termux/files/usr/include/ruby-2.4.0/ruby/backward -I/data/data/com.termux/files/usr/include/ruby-2.4.0 -I. -I/data/data/com.termux/files/usr/include -I/data/data/com.termux/files/usr/include -isystem /data/data/com.termux/files/usr/include/libandroid-support    -Os -fPIC    -c conftest.c"
conftest.c:6:3: error: 
# error
  ^
conftest.c:7:1: error: expected identifier or '('
|:/ === ENGINE_load_aesni undefined === /:|
^
2 errors generated.
checked program was:
/* begin */
1: #include "ruby.h"
2: 
3: #include <openssl/engine.h>
4: /*top*/
5: #ifndef ENGINE_load_aesni
6: # error
7: |:/ === ENGINE_load_aesni undefined === /:|
8: #endif
/* end */

--------------------

have_func: checking for EVP_CIPHER_CTX_new()... -------------------- yes

"aarch64-linux-android-clang -o conftest -I/data/data/com.termux/files/usr/include/ruby-2.4.0/aarch64-linux-android -I/data/data/com.termux/files/usr/include/ruby-2.4.0/ruby/backward -I/data/data/com.termux/files/usr/include/ruby-2.4.0 -I. -I/data/data/com.termux/files/usr/include -I/data/data/com.termux/files/usr/include -isystem /data/data/com.termux/files/usr/include/libandroid-support    -Os -fPIC  conftest.c  -L. -L/data/data/com.termux/files/usr/lib -L. -L/data/data/com.termux/files/usr/lib -landroid-support -fstack-protector -rdynamic -Wl,-export-dynamic -L/data/data/com.termux/files/usr/lib     -lssl -lcrypto -lruby  -lssl -lcrypto -lgmp -ldl -lm   -lc"
conftest.c:13:57: error: use of undeclared identifier 'EVP_CIPHER_CTX_new'
int t(void) { void ((*volatile p)()); p = (void ((*)()))EVP_CIPHER_CTX_new; return !p; }
                                                        ^
1 error generated.
checked program was:
/* begin */
 1: #include "ruby.h"
 2: 
 3: /*top*/
 4: extern int t(void);
 5: int main(int argc, char **argv)
 6: {
 7:   if (argc > 1000000) {
 8:     printf("%p", &t);
 9:   }
10: 
11:   return 0;
12: }
13: int t(void) { void ((*volatile p)()); p = (void ((*)()))EVP_CIPHER_CTX_new; return !p; }
/* end */

"aarch64-linux-android-clang -o conftest -I/data/data/com.termux/files/usr/include/ruby-2.4.0/aarch64-linux-android -I/data/data/com.termux/files/usr/include/ruby-2.4.0/ruby/backward -I/data/data/com.termux/files/usr/include/ruby-2.4.0 -I. -I/data/data/com.termux/files/usr/include -I/data/data/com.termux/files/usr/include -isystem /data/data/com.termux/files/usr/include/libandroid-support    -Os -fPIC  conftest.c  -L. -L/data/data/com.termux/files/usr/lib -L. -L/data/data/com.termux/files/usr/lib -landroid-support -fstack-protector -rdynamic -Wl,-export-dynamic -L/data/data/com.termux/files/usr/lib     -lssl -lcrypto -lruby  -lssl -lcrypto -lgmp -ldl -lm   -lc"
checked program was:
/* begin */
 1: #include "ruby.h"
 2: 
 3: /*top*/
 4: extern int t(void);
 5: int main(int argc, char **argv)
 6: {
 7:   if (argc > 1000000) {
 8:     printf("%p", &t);
 9:   }
10: 
11:   return 0;
12: }
13: extern void EVP_CIPHER_CTX_new();
14: int t(void) { EVP_CIPHER_CTX_new(); return 0; }
/* end */

--------------------

have_func: checking for EVP_CIPHER_CTX_free()... -------------------- yes

"aarch64-linux-android-clang -o conftest -I/data/data/com.termux/files/usr/include/ruby-2.4.0/aarch64-linux-android -I/data/data/com.termux/files/usr/include/ruby-2.4.0/ruby/backward -I/data/data/com.termux/files/usr/include/ruby-2.4.0 -I. -I/data/data/com.termux/files/usr/include -I/data/data/com.termux/files/usr/include -isystem /data/data/com.termux/files/usr/include/libandroid-support    -Os -fPIC  conftest.c  -L. -L/data/data/com.termux/files/usr/lib -L. -L/data/data/com.termux/files/usr/lib -landroid-support -fstack-protector -rdynamic -Wl,-export-dynamic -L/data/data/com.termux/files/usr/lib     -lssl -lcrypto -lruby  -lssl -lcrypto -lgmp -ldl -lm   -lc"
conftest.c:13:57: error: use of undeclared identifier 'EVP_CIPHER_CTX_free'
int t(void) { void ((*volatile p)()); p = (void ((*)()))EVP_CIPHER_CTX_free; return !p; }
                                                        ^
1 error generated.
checked program was:
/* begin */
 1: #include "ruby.h"
 2: 
 3: /*top*/
 4: extern int t(void);
 5: int main(int argc, char **argv)
 6: {
 7:   if (argc > 1000000) {
 8:     printf("%p", &t);
 9:   }
10: 
11:   return 0;
12: }
13: int t(void) { void ((*volatile p)()); p = (void ((*)()))EVP_CIPHER_CTX_free; return !p; }
/* end */

"aarch64-linux-android-clang -o conftest -I/data/data/com.termux/files/usr/include/ruby-2.4.0/aarch64-linux-android -I/data/data/com.termux/files/usr/include/ruby-2.4.0/ruby/backward -I/data/data/com.termux/files/usr/include/ruby-2.4.0 -I. -I/data/data/com.termux/files/usr/include -I/data/data/com.termux/files/usr/include -isystem /data/data/com.termux/files/usr/include/libandroid-support    -Os -fPIC  conftest.c  -L. -L/data/data/com.termux/files/usr/lib -L. -L/data/data/com.termux/files/usr/lib -landroid-support -fstack-protector -rdynamic -Wl,-export-dynamic -L/data/data/com.termux/files/usr/lib     -lssl -lcrypto -lruby  -lssl -lcrypto -lgmp -ldl -lm   -lc"
checked program was:
/* begin */
 1: #include "ruby.h"
 2: 
 3: /*top*/
 4: extern int t(void);
 5: int main(int argc, char **argv)
 6: {
 7:   if (argc > 1000000) {
 8:     printf("%p", &t);
 9:   }
10: 
11:   return 0;
12: }
13: extern void EVP_CIPHER_CTX_free();
14: int t(void) { EVP_CIPHER_CTX_free(); return 0; }
/* end */

--------------------

have_func: checking for SSL_CTX_clear_options() in openssl/ssl.h with -Werror=deprecated-declarations... -------------------- no

"aarch64-linux-android-clang -o conftest -I/data/data/com.termux/files/usr/include/ruby-2.4.0/aarch64-linux-android -I/data/data/com.termux/files/usr/include/ruby-2.4.0/ruby/backward -I/data/data/com.termux/files/usr/include/ruby-2.4.0 -I. -I/data/data/com.termux/files/usr/include -I/data/data/com.termux/files/usr/include -isystem /data/data/com.termux/files/usr/include/libandroid-support    -Os -fPIC  conftest.c  -L. -L/data/data/com.termux/files/usr/lib -L. -L/data/data/com.termux/files/usr/lib -landroid-support -fstack-protector -rdynamic -Wl,-export-dynamic -L/data/data/com.termux/files/usr/lib     -lssl -lcrypto -lruby -Werror=deprecated-declarations  -lssl -lcrypto -lgmp -ldl -lm   -lc"
conftest.c:15:57: error: use of undeclared identifier 'SSL_CTX_clear_options'
int t(void) { void ((*volatile p)()); p = (void ((*)()))SSL_CTX_clear_options; return !p; }
                                                        ^
1 error generated.
checked program was:
/* begin */
 1: #include "ruby.h"
 2: 
 3: #include <openssl/ssl.h>
 4: 
 5: /*top*/
 6: extern int t(void);
 7: int main(int argc, char **argv)
 8: {
 9:   if (argc > 1000000) {
10:     printf("%p", &t);
11:   }
12: 
13:   return 0;
14: }
15: int t(void) { void ((*volatile p)()); p = (void ((*)()))SSL_CTX_clear_options; return !p; }
/* end */

"aarch64-linux-android-clang -o conftest -I/data/data/com.termux/files/usr/include/ruby-2.4.0/aarch64-linux-android -I/data/data/com.termux/files/usr/include/ruby-2.4.0/ruby/backward -I/data/data/com.termux/files/usr/include/ruby-2.4.0 -I. -I/data/data/com.termux/files/usr/include -I/data/data/com.termux/files/usr/include -isystem /data/data/com.termux/files/usr/include/libandroid-support    -Os -fPIC  conftest.c  -L. -L/data/data/com.termux/files/usr/lib -L. -L/data/data/com.termux/files/usr/lib -landroid-support -fstack-protector -rdynamic -Wl,-export-dynamic -L/data/data/com.termux/files/usr/lib     -lssl -lcrypto -lruby -Werror=deprecated-declarations  -lssl -lcrypto -lgmp -ldl -lm   -lc"
conftest.c:15:35: error: too few arguments provided to function-like macro invocation
extern void SSL_CTX_clear_options();
                                  ^
/data/data/com.termux/files/usr/include/openssl/ssl.h:787:10: note: macro 'SSL_CTX_clear_options' defined here
# define SSL_CTX_clear_options(ctx,op) \
         ^
conftest.c:16:37: error: too few arguments provided to function-like macro invocation
int t(void) { SSL_CTX_clear_options(); return 0; }
                                    ^
/data/data/com.termux/files/usr/include/openssl/ssl.h:787:10: note: macro 'SSL_CTX_clear_options' defined here
# define SSL_CTX_clear_options(ctx,op) \
         ^
2 errors generated.
checked program was:
/* begin */
 1: #include "ruby.h"
 2: 
 3: #include <openssl/ssl.h>
 4: 
 5: /*top*/
 6: extern int t(void);
 7: int main(int argc, char **argv)
 8: {
 9:   if (argc > 1000000) {
10:     printf("%p", &t);
11:   }
12: 
13:   return 0;
14: }
15: extern void SSL_CTX_clear_options();
16: int t(void) { SSL_CTX_clear_options(); return 0; }
/* end */

--------------------

have_macro: checking for SSL_CTX_clear_options in openssl/ssl.h... -------------------- yes

"aarch64-linux-android-clang -I/data/data/com.termux/files/usr/include/ruby-2.4.0/aarch64-linux-android -I/data/data/com.termux/files/usr/include/ruby-2.4.0/ruby/backward -I/data/data/com.termux/files/usr/include/ruby-2.4.0 -I. -I/data/data/com.termux/files/usr/include -I/data/data/com.termux/files/usr/include -isystem /data/data/com.termux/files/usr/include/libandroid-support    -Os -fPIC    -c conftest.c"
checked program was:
/* begin */
1: #include "ruby.h"
2: 
3: #include <openssl/ssl.h>
4: /*top*/
5: #ifndef SSL_CTX_clear_options
6: # error
7: |:/ === SSL_CTX_clear_options undefined === /:|
8: #endif
/* end */

--------------------

have_func: checking for ASN1_TIME_adj()... -------------------- yes

"aarch64-linux-android-clang -o conftest -I/data/data/com.termux/files/usr/include/ruby-2.4.0/aarch64-linux-android -I/data/data/com.termux/files/usr/include/ruby-2.4.0/ruby/backward -I/data/data/com.termux/files/usr/include/ruby-2.4.0 -I. -I/data/data/com.termux/files/usr/include -I/data/data/com.termux/files/usr/include -isystem /data/data/com.termux/files/usr/include/libandroid-support    -Os -fPIC  conftest.c  -L. -L/data/data/com.termux/files/usr/lib -L. -L/data/data/com.termux/files/usr/lib -landroid-support -fstack-protector -rdynamic -Wl,-export-dynamic -L/data/data/com.termux/files/usr/lib     -lssl -lcrypto -lruby  -lssl -lcrypto -lgmp -ldl -lm   -lc"
conftest.c:13:57: error: use of undeclared identifier 'ASN1_TIME_adj'
int t(void) { void ((*volatile p)()); p = (void ((*)()))ASN1_TIME_adj; return !p; }
                                                        ^
1 error generated.
checked program was:
/* begin */
 1: #include "ruby.h"
 2: 
 3: /*top*/
 4: extern int t(void);
 5: int main(int argc, char **argv)
 6: {
 7:   if (argc > 1000000) {
 8:     printf("%p", &t);
 9:   }
10: 
11:   return 0;
12: }
13: int t(void) { void ((*volatile p)()); p = (void ((*)()))ASN1_TIME_adj; return !p; }
/* end */

"aarch64-linux-android-clang -o conftest -I/data/data/com.termux/files/usr/include/ruby-2.4.0/aarch64-linux-android -I/data/data/com.termux/files/usr/include/ruby-2.4.0/ruby/backward -I/data/data/com.termux/files/usr/include/ruby-2.4.0 -I. -I/data/data/com.termux/files/usr/include -I/data/data/com.termux/files/usr/include -isystem /data/data/com.termux/files/usr/include/libandroid-support    -Os -fPIC  conftest.c  -L. -L/data/data/com.termux/files/usr/lib -L. -L/data/data/com.termux/files/usr/lib -landroid-support -fstack-protector -rdynamic -Wl,-export-dynamic -L/data/data/com.termux/files/usr/lib     -lssl -lcrypto -lruby  -lssl -lcrypto -lgmp -ldl -lm   -lc"
checked program was:
/* begin */
 1: #include "ruby.h"
 2: 
 3: /*top*/
 4: extern int t(void);
 5: int main(int argc, char **argv)
 6: {
 7:   if (argc > 1000000) {
 8:     printf("%p", &t);
 9:   }
10: 
11:   return 0;
12: }
13: extern void ASN1_TIME_adj();
14: int t(void) { ASN1_TIME_adj(); return 0; }
/* end */

--------------------

have_func: checking for EVP_CIPHER_CTX_copy()... -------------------- yes

"aarch64-linux-android-clang -o conftest -I/data/data/com.termux/files/usr/include/ruby-2.4.0/aarch64-linux-android -I/data/data/com.termux/files/usr/include/ruby-2.4.0/ruby/backward -I/data/data/com.termux/files/usr/include/ruby-2.4.0 -I. -I/data/data/com.termux/files/usr/include -I/data/data/com.termux/files/usr/include -isystem /data/data/com.termux/files/usr/include/libandroid-support    -Os -fPIC  conftest.c  -L. -L/data/data/com.termux/files/usr/lib -L. -L/data/data/com.termux/files/usr/lib -landroid-support -fstack-protector -rdynamic -Wl,-export-dynamic -L/data/data/com.termux/files/usr/lib     -lssl -lcrypto -lruby  -lssl -lcrypto -lgmp -ldl -lm   -lc"
conftest.c:13:57: error: use of undeclared identifier 'EVP_CIPHER_CTX_copy'
int t(void) { void ((*volatile p)()); p = (void ((*)()))EVP_CIPHER_CTX_copy; return !p; }
                                                        ^
1 error generated.
checked program was:
/* begin */
 1: #include "ruby.h"
 2: 
 3: /*top*/
 4: extern int t(void);
 5: int main(int argc, char **argv)
 6: {
 7:   if (argc > 1000000) {
 8:     printf("%p", &t);
 9:   }
10: 
11:   return 0;
12: }
13: int t(void) { void ((*volatile p)()); p = (void ((*)()))EVP_CIPHER_CTX_copy; return !p; }
/* end */

"aarch64-linux-android-clang -o conftest -I/data/data/com.termux/files/usr/include/ruby-2.4.0/aarch64-linux-android -I/data/data/com.termux/files/usr/include/ruby-2.4.0/ruby/backward -I/data/data/com.termux/files/usr/include/ruby-2.4.0 -I. -I/data/data/com.termux/files/usr/include -I/data/data/com.termux/files/usr/include -isystem /data/data/com.termux/files/usr/include/libandroid-support    -Os -fPIC  conftest.c  -L. -L/data/data/com.termux/files/usr/lib -L. -L/data/data/com.termux/files/usr/lib -landroid-support -fstack-protector -rdynamic -Wl,-export-dynamic -L/data/data/com.termux/files/usr/lib     -lssl -lcrypto -lruby  -lssl -lcrypto -lgmp -ldl -lm   -lc"
checked program was:
/* begin */
 1: #include "ruby.h"
 2: 
 3: /*top*/
 4: extern int t(void);
 5: int main(int argc, char **argv)
 6: {
 7:   if (argc > 1000000) {
 8:     printf("%p", &t);
 9:   }
10: 
11:   return 0;
12: }
13: extern void EVP_CIPHER_CTX_copy();
14: int t(void) { EVP_CIPHER_CTX_copy(); return 0; }
/* end */

--------------------

have_func: checking for EVP_PKEY_base_id()... -------------------- yes

"aarch64-linux-android-clang -o conftest -I/data/data/com.termux/files/usr/include/ruby-2.4.0/aarch64-linux-android -I/data/data/com.termux/files/usr/include/ruby-2.4.0/ruby/backward -I/data/data/com.termux/files/usr/include/ruby-2.4.0 -I. -I/data/data/com.termux/files/usr/include -I/data/data/com.termux/files/usr/include -isystem /data/data/com.termux/files/usr/include/libandroid-support    -Os -fPIC  conftest.c  -L. -L/data/data/com.termux/files/usr/lib -L. -L/data/data/com.termux/files/usr/lib -landroid-support -fstack-protector -rdynamic -Wl,-export-dynamic -L/data/data/com.termux/files/usr/lib     -lssl -lcrypto -lruby  -lssl -lcrypto -lgmp -ldl -lm   -lc"
conftest.c:13:57: error: use of undeclared identifier 'EVP_PKEY_base_id'
int t(void) { void ((*volatile p)()); p = (void ((*)()))EVP_PKEY_base_id; return !p; }
                                                        ^
1 error generated.
checked program was:
/* begin */
 1: #include "ruby.h"
 2: 
 3: /*top*/
 4: extern int t(void);
 5: int main(int argc, char **argv)
 6: {
 7:   if (argc > 1000000) {
 8:     printf("%p", &t);
 9:   }
10: 
11:   return 0;
12: }
13: int t(void) { void ((*volatile p)()); p = (void ((*)()))EVP_PKEY_base_id; return !p; }
/* end */

"aarch64-linux-android-clang -o conftest -I/data/data/com.termux/files/usr/include/ruby-2.4.0/aarch64-linux-android -I/data/data/com.termux/files/usr/include/ruby-2.4.0/ruby/backward -I/data/data/com.termux/files/usr/include/ruby-2.4.0 -I. -I/data/data/com.termux/files/usr/include -I/data/data/com.termux/files/usr/include -isystem /data/data/com.termux/files/usr/include/libandroid-support    -Os -fPIC  conftest.c  -L. -L/data/data/com.termux/files/usr/lib -L. -L/data/data/com.termux/files/usr/lib -landroid-support -fstack-protector -rdynamic -Wl,-export-dynamic -L/data/data/com.termux/files/usr/lib     -lssl -lcrypto -lruby  -lssl -lcrypto -lgmp -ldl -lm   -lc"
checked program was:
/* begin */
 1: #include "ruby.h"
 2: 
 3: /*top*/
 4: extern int t(void);
 5: int main(int argc, char **argv)
 6: {
 7:   if (argc > 1000000) {
 8:     printf("%p", &t);
 9:   }
10: 
11:   return 0;
12: }
13: extern void EVP_PKEY_base_id();
14: int t(void) { EVP_PKEY_base_id(); return 0; }
/* end */

--------------------

have_func: checking for HMAC_CTX_copy()... -------------------- yes

"aarch64-linux-android-clang -o conftest -I/data/data/com.termux/files/usr/include/ruby-2.4.0/aarch64-linux-android -I/data/data/com.termux/files/usr/include/ruby-2.4.0/ruby/backward -I/data/data/com.termux/files/usr/include/ruby-2.4.0 -I. -I/data/data/com.termux/files/usr/include -I/data/data/com.termux/files/usr/include -isystem /data/data/com.termux/files/usr/include/libandroid-support    -Os -fPIC  conftest.c  -L. -L/data/data/com.termux/files/usr/lib -L. -L/data/data/com.termux/files/usr/lib -landroid-support -fstack-protector -rdynamic -Wl,-export-dynamic -L/data/data/com.termux/files/usr/lib     -lssl -lcrypto -lruby  -lssl -lcrypto -lgmp -ldl -lm   -lc"
conftest.c:13:57: error: use of undeclared identifier 'HMAC_CTX_copy'
int t(void) { void ((*volatile p)()); p = (void ((*)()))HMAC_CTX_copy; return !p; }
                                                        ^
1 error generated.
checked program was:
/* begin */
 1: #include "ruby.h"
 2: 
 3: /*top*/
 4: extern int t(void);
 5: int main(int argc, char **argv)
 6: {
 7:   if (argc > 1000000) {
 8:     printf("%p", &t);
 9:   }
10: 
11:   return 0;
12: }
13: int t(void) { void ((*volatile p)()); p = (void ((*)()))HMAC_CTX_copy; return !p; }
/* end */

"aarch64-linux-android-clang -o conftest -I/data/data/com.termux/files/usr/include/ruby-2.4.0/aarch64-linux-android -I/data/data/com.termux/files/usr/include/ruby-2.4.0/ruby/backward -I/data/data/com.termux/files/usr/include/ruby-2.4.0 -I. -I/data/data/com.termux/files/usr/include -I/data/data/com.termux/files/usr/include -isystem /data/data/com.termux/files/usr/include/libandroid-support    -Os -fPIC  conftest.c  -L. -L/data/data/com.termux/files/usr/lib -L. -L/data/data/com.termux/files/usr/lib -landroid-support -fstack-protector -rdynamic -Wl,-export-dynamic -L/data/data/com.termux/files/usr/lib     -lssl -lcrypto -lruby  -lssl -lcrypto -lgmp -ldl -lm   -lc"
checked program was:
/* begin */
 1: #include "ruby.h"
 2: 
 3: /*top*/
 4: extern int t(void);
 5: int main(int argc, char **argv)
 6: {
 7:   if (argc > 1000000) {
 8:     printf("%p", &t);
 9:   }
10: 
11:   return 0;
12: }
13: extern void HMAC_CTX_copy();
14: int t(void) { HMAC_CTX_copy(); return 0; }
/* end */

--------------------

have_func: checking for PKCS5_PBKDF2_HMAC()... -------------------- yes

"aarch64-linux-android-clang -o conftest -I/data/data/com.termux/files/usr/include/ruby-2.4.0/aarch64-linux-android -I/data/data/com.termux/files/usr/include/ruby-2.4.0/ruby/backward -I/data/data/com.termux/files/usr/include/ruby-2.4.0 -I. -I/data/data/com.termux/files/usr/include -I/data/data/com.termux/files/usr/include -isystem /data/data/com.termux/files/usr/include/libandroid-support    -Os -fPIC  conftest.c  -L. -L/data/data/com.termux/files/usr/lib -L. -L/data/data/com.termux/files/usr/lib -landroid-support -fstack-protector -rdynamic -Wl,-export-dynamic -L/data/data/com.termux/files/usr/lib     -lssl -lcrypto -lruby  -lssl -lcrypto -lgmp -ldl -lm   -lc"
conftest.c:13:57: error: use of undeclared identifier 'PKCS5_PBKDF2_HMAC'
int t(void) { void ((*volatile p)()); p = (void ((*)()))PKCS5_PBKDF2_HMAC; return !p; }
                                                        ^
1 error generated.
checked program was:
/* begin */
 1: #include "ruby.h"
 2: 
 3: /*top*/
 4: extern int t(void);
 5: int main(int argc, char **argv)
 6: {
 7:   if (argc > 1000000) {
 8:     printf("%p", &t);
 9:   }
10: 
11:   return 0;
12: }
13: int t(void) { void ((*volatile p)()); p = (void ((*)()))PKCS5_PBKDF2_HMAC; return !p; }
/* end */

"aarch64-linux-android-clang -o conftest -I/data/data/com.termux/files/usr/include/ruby-2.4.0/aarch64-linux-android -I/data/data/com.termux/files/usr/include/ruby-2.4.0/ruby/backward -I/data/data/com.termux/files/usr/include/ruby-2.4.0 -I. -I/data/data/com.termux/files/usr/include -I/data/data/com.termux/files/usr/include -isystem /data/data/com.termux/files/usr/include/libandroid-support    -Os -fPIC  conftest.c  -L. -L/data/data/com.termux/files/usr/lib -L. -L/data/data/com.termux/files/usr/lib -landroid-support -fstack-protector -rdynamic -Wl,-export-dynamic -L/data/data/com.termux/files/usr/lib     -lssl -lcrypto -lruby  -lssl -lcrypto -lgmp -ldl -lm   -lc"
checked program was:
/* begin */
 1: #include "ruby.h"
 2: 
 3: /*top*/
 4: extern int t(void);
 5: int main(int argc, char **argv)
 6: {
 7:   if (argc > 1000000) {
 8:     printf("%p", &t);
 9:   }
10: 
11:   return 0;
12: }
13: extern void PKCS5_PBKDF2_HMAC();
14: int t(void) { PKCS5_PBKDF2_HMAC(); return 0; }
/* end */

--------------------

have_func: checking for X509_NAME_hash_old()... -------------------- yes

"aarch64-linux-android-clang -o conftest -I/data/data/com.termux/files/usr/include/ruby-2.4.0/aarch64-linux-android -I/data/data/com.termux/files/usr/include/ruby-2.4.0/ruby/backward -I/data/data/com.termux/files/usr/include/ruby-2.4.0 -I. -I/data/data/com.termux/files/usr/include -I/data/data/com.termux/files/usr/include -isystem /data/data/com.termux/files/usr/include/libandroid-support    -Os -fPIC  conftest.c  -L. -L/data/data/com.termux/files/usr/lib -L. -L/data/data/com.termux/files/usr/lib -landroid-support -fstack-protector -rdynamic -Wl,-export-dynamic -L/data/data/com.termux/files/usr/lib     -lssl -lcrypto -lruby  -lssl -lcrypto -lgmp -ldl -lm   -lc"
conftest.c:13:57: error: use of undeclared identifier 'X509_NAME_hash_old'
int t(void) { void ((*volatile p)()); p = (void ((*)()))X509_NAME_hash_old; return !p; }
                                                        ^
1 error generated.
checked program was:
/* begin */
 1: #include "ruby.h"
 2: 
 3: /*top*/
 4: extern int t(void);
 5: int main(int argc, char **argv)
 6: {
 7:   if (argc > 1000000) {
 8:     printf("%p", &t);
 9:   }
10: 
11:   return 0;
12: }
13: int t(void) { void ((*volatile p)()); p = (void ((*)()))X509_NAME_hash_old; return !p; }
/* end */

"aarch64-linux-android-clang -o conftest -I/data/data/com.termux/files/usr/include/ruby-2.4.0/aarch64-linux-android -I/data/data/com.termux/files/usr/include/ruby-2.4.0/ruby/backward -I/data/data/com.termux/files/usr/include/ruby-2.4.0 -I. -I/data/data/com.termux/files/usr/include -I/data/data/com.termux/files/usr/include -isystem /data/data/com.termux/files/usr/include/libandroid-support    -Os -fPIC  conftest.c  -L. -L/data/data/com.termux/files/usr/lib -L. -L/data/data/com.termux/files/usr/lib -landroid-support -fstack-protector -rdynamic -Wl,-export-dynamic -L/data/data/com.termux/files/usr/lib     -lssl -lcrypto -lruby  -lssl -lcrypto -lgmp -ldl -lm   -lc"
checked program was:
/* begin */
 1: #include "ruby.h"
 2: 
 3: /*top*/
 4: extern int t(void);
 5: int main(int argc, char **argv)
 6: {
 7:   if (argc > 1000000) {
 8:     printf("%p", &t);
 9:   }
10: 
11:   return 0;
12: }
13: extern void X509_NAME_hash_old();
14: int t(void) { X509_NAME_hash_old(); return 0; }
/* end */

--------------------

have_func: checking for X509_STORE_CTX_get0_current_crl()... -------------------- yes

"aarch64-linux-android-clang -o conftest -I/data/data/com.termux/files/usr/include/ruby-2.4.0/aarch64-linux-android -I/data/data/com.termux/files/usr/include/ruby-2.4.0/ruby/backward -I/data/data/com.termux/files/usr/include/ruby-2.4.0 -I. -I/data/data/com.termux/files/usr/include -I/data/data/com.termux/files/usr/include -isystem /data/data/com.termux/files/usr/include/libandroid-support    -Os -fPIC  conftest.c  -L. -L/data/data/com.termux/files/usr/lib -L. -L/data/data/com.termux/files/usr/lib -landroid-support -fstack-protector -rdynamic -Wl,-export-dynamic -L/data/data/com.termux/files/usr/lib     -lssl -lcrypto -lruby  -lssl -lcrypto -lgmp -ldl -lm   -lc"
conftest.c:13:57: error: use of undeclared identifier 'X509_STORE_CTX_get0_current_crl'
int t(void) { void ((*volatile p)()); p = (void ((*)()))X509_STORE_CTX_get0_current_crl; return !p; }
                                                        ^
1 error generated.
checked program was:
/* begin */
 1: #include "ruby.h"
 2: 
 3: /*top*/
 4: extern int t(void);
 5: int main(int argc, char **argv)
 6: {
 7:   if (argc > 1000000) {
 8:     printf("%p", &t);
 9:   }
10: 
11:   return 0;
12: }
13: int t(void) { void ((*volatile p)()); p = (void ((*)()))X509_STORE_CTX_get0_current_crl; return !p; }
/* end */

"aarch64-linux-android-clang -o conftest -I/data/data/com.termux/files/usr/include/ruby-2.4.0/aarch64-linux-android -I/data/data/com.termux/files/usr/include/ruby-2.4.0/ruby/backward -I/data/data/com.termux/files/usr/include/ruby-2.4.0 -I. -I/data/data/com.termux/files/usr/include -I/data/data/com.termux/files/usr/include -isystem /data/data/com.termux/files/usr/include/libandroid-support    -Os -fPIC  conftest.c  -L. -L/data/data/com.termux/files/usr/lib -L. -L/data/data/com.termux/files/usr/lib -landroid-support -fstack-protector -rdynamic -Wl,-export-dynamic -L/data/data/com.termux/files/usr/lib     -lssl -lcrypto -lruby  -lssl -lcrypto -lgmp -ldl -lm   -lc"
checked program was:
/* begin */
 1: #include "ruby.h"
 2: 
 3: /*top*/
 4: extern int t(void);
 5: int main(int argc, char **argv)
 6: {
 7:   if (argc > 1000000) {
 8:     printf("%p", &t);
 9:   }
10: 
11:   return 0;
12: }
13: extern void X509_STORE_CTX_get0_current_crl();
14: int t(void) { X509_STORE_CTX_get0_current_crl(); return 0; }
/* end */

--------------------

have_func: checking for X509_STORE_set_verify_cb()... -------------------- yes

"aarch64-linux-android-clang -o conftest -I/data/data/com.termux/files/usr/include/ruby-2.4.0/aarch64-linux-android -I/data/data/com.termux/files/usr/include/ruby-2.4.0/ruby/backward -I/data/data/com.termux/files/usr/include/ruby-2.4.0 -I. -I/data/data/com.termux/files/usr/include -I/data/data/com.termux/files/usr/include -isystem /data/data/com.termux/files/usr/include/libandroid-support    -Os -fPIC  conftest.c  -L. -L/data/data/com.termux/files/usr/lib -L. -L/data/data/com.termux/files/usr/lib -landroid-support -fstack-protector -rdynamic -Wl,-export-dynamic -L/data/data/com.termux/files/usr/lib     -lssl -lcrypto -lruby  -lssl -lcrypto -lgmp -ldl -lm   -lc"
conftest.c:13:57: error: use of undeclared identifier 'X509_STORE_set_verify_cb'
int t(void) { void ((*volatile p)()); p = (void ((*)()))X509_STORE_set_verify_cb; return !p; }
                                                        ^
1 error generated.
checked program was:
/* begin */
 1: #include "ruby.h"
 2: 
 3: /*top*/
 4: extern int t(void);
 5: int main(int argc, char **argv)
 6: {
 7:   if (argc > 1000000) {
 8:     printf("%p", &t);
 9:   }
10: 
11:   return 0;
12: }
13: int t(void) { void ((*volatile p)()); p = (void ((*)()))X509_STORE_set_verify_cb; return !p; }
/* end */

"aarch64-linux-android-clang -o conftest -I/data/data/com.termux/files/usr/include/ruby-2.4.0/aarch64-linux-android -I/data/data/com.termux/files/usr/include/ruby-2.4.0/ruby/backward -I/data/data/com.termux/files/usr/include/ruby-2.4.0 -I. -I/data/data/com.termux/files/usr/include -I/data/data/com.termux/files/usr/include -isystem /data/data/com.termux/files/usr/include/libandroid-support    -Os -fPIC  conftest.c  -L. -L/data/data/com.termux/files/usr/lib -L. -L/data/data/com.termux/files/usr/lib -landroid-support -fstack-protector -rdynamic -Wl,-export-dynamic -L/data/data/com.termux/files/usr/lib     -lssl -lcrypto -lruby  -lssl -lcrypto -lgmp -ldl -lm   -lc"
checked program was:
/* begin */
 1: #include "ruby.h"
 2: 
 3: /*top*/
 4: extern int t(void);
 5: int main(int argc, char **argv)
 6: {
 7:   if (argc > 1000000) {
 8:     printf("%p", &t);
 9:   }
10: 
11:   return 0;
12: }
13: extern void X509_STORE_set_verify_cb();
14: int t(void) { X509_STORE_set_verify_cb(); return 0; }
/* end */

--------------------

have_func: checking for i2d_ASN1_SET_ANY()... -------------------- yes

"aarch64-linux-android-clang -o conftest -I/data/data/com.termux/files/usr/include/ruby-2.4.0/aarch64-linux-android -I/data/data/com.termux/files/usr/include/ruby-2.4.0/ruby/backward -I/data/data/com.termux/files/usr/include/ruby-2.4.0 -I. -I/data/data/com.termux/files/usr/include -I/data/data/com.termux/files/usr/include -isystem /data/data/com.termux/files/usr/include/libandroid-support    -Os -fPIC  conftest.c  -L. -L/data/data/com.termux/files/usr/lib -L. -L/data/data/com.termux/files/usr/lib -landroid-support -fstack-protector -rdynamic -Wl,-export-dynamic -L/data/data/com.termux/files/usr/lib     -lssl -lcrypto -lruby  -lssl -lcrypto -lgmp -ldl -lm   -lc"
conftest.c:13:57: error: use of undeclared identifier 'i2d_ASN1_SET_ANY'
int t(void) { void ((*volatile p)()); p = (void ((*)()))i2d_ASN1_SET_ANY; return !p; }
                                                        ^
1 error generated.
checked program was:
/* begin */
 1: #include "ruby.h"
 2: 
 3: /*top*/
 4: extern int t(void);
 5: int main(int argc, char **argv)
 6: {
 7:   if (argc > 1000000) {
 8:     printf("%p", &t);
 9:   }
10: 
11:   return 0;
12: }
13: int t(void) { void ((*volatile p)()); p = (void ((*)()))i2d_ASN1_SET_ANY; return !p; }
/* end */

"aarch64-linux-android-clang -o conftest -I/data/data/com.termux/files/usr/include/ruby-2.4.0/aarch64-linux-android -I/data/data/com.termux/files/usr/include/ruby-2.4.0/ruby/backward -I/data/data/com.termux/files/usr/include/ruby-2.4.0 -I. -I/data/data/com.termux/files/usr/include -I/data/data/com.termux/files/usr/include -isystem /data/data/com.termux/files/usr/include/libandroid-support    -Os -fPIC  conftest.c  -L. -L/data/data/com.termux/files/usr/lib -L. -L/data/data/com.termux/files/usr/lib -landroid-support -fstack-protector -rdynamic -Wl,-export-dynamic -L/data/data/com.termux/files/usr/lib     -lssl -lcrypto -lruby  -lssl -lcrypto -lgmp -ldl -lm   -lc"
checked program was:
/* begin */
 1: #include "ruby.h"
 2: 
 3: /*top*/
 4: extern int t(void);
 5: int main(int argc, char **argv)
 6: {
 7:   if (argc > 1000000) {
 8:     printf("%p", &t);
 9:   }
10: 
11:   return 0;
12: }
13: extern void i2d_ASN1_SET_ANY();
14: int t(void) { i2d_ASN1_SET_ANY(); return 0; }
/* end */

--------------------

have_func: checking for SSL_SESSION_cmp()... -------------------- no

"aarch64-linux-android-clang -o conftest -I/data/data/com.termux/files/usr/include/ruby-2.4.0/aarch64-linux-android -I/data/data/com.termux/files/usr/include/ruby-2.4.0/ruby/backward -I/data/data/com.termux/files/usr/include/ruby-2.4.0 -I. -I/data/data/com.termux/files/usr/include -I/data/data/com.termux/files/usr/include -isystem /data/data/com.termux/files/usr/include/libandroid-support    -Os -fPIC  conftest.c  -L. -L/data/data/com.termux/files/usr/lib -L. -L/data/data/com.termux/files/usr/lib -landroid-support -fstack-protector -rdynamic -Wl,-export-dynamic -L/data/data/com.termux/files/usr/lib     -lssl -lcrypto -lruby  -lssl -lcrypto -lgmp -ldl -lm   -lc"
conftest.c:13:57: error: use of undeclared identifier 'SSL_SESSION_cmp'
int t(void) { void ((*volatile p)()); p = (void ((*)()))SSL_SESSION_cmp; return !p; }
                                                        ^
1 error generated.
checked program was:
/* begin */
 1: #include "ruby.h"
 2: 
 3: /*top*/
 4: extern int t(void);
 5: int main(int argc, char **argv)
 6: {
 7:   if (argc > 1000000) {
 8:     printf("%p", &t);
 9:   }
10: 
11:   return 0;
12: }
13: int t(void) { void ((*volatile p)()); p = (void ((*)()))SSL_SESSION_cmp; return !p; }
/* end */

"aarch64-linux-android-clang -o conftest -I/data/data/com.termux/files/usr/include/ruby-2.4.0/aarch64-linux-android -I/data/data/com.termux/files/usr/include/ruby-2.4.0/ruby/backward -I/data/data/com.termux/files/usr/include/ruby-2.4.0 -I. -I/data/data/com.termux/files/usr/include -I/data/data/com.termux/files/usr/include -isystem /data/data/com.termux/files/usr/include/libandroid-support    -Os -fPIC  conftest.c  -L. -L/data/data/com.termux/files/usr/lib -L. -L/data/data/com.termux/files/usr/lib -landroid-support -fstack-protector -rdynamic -Wl,-export-dynamic -L/data/data/com.termux/files/usr/lib     -lssl -lcrypto -lruby  -lssl -lcrypto -lgmp -ldl -lm   -lc"
/data/data/com.termux/files/usr/tmp/conftest-0a7729.o: In function `t':
conftest.c:(.text+0x40): undefined reference to `SSL_SESSION_cmp'
clang-5.0: error: linker command failed with exit code 1 (use -v to see invocation)
checked program was:
/* begin */
 1: #include "ruby.h"
 2: 
 3: /*top*/
 4: extern int t(void);
 5: int main(int argc, char **argv)
 6: {
 7:   if (argc > 1000000) {
 8:     printf("%p", &t);
 9:   }
10: 
11:   return 0;
12: }
13: extern void SSL_SESSION_cmp();
14: int t(void) { SSL_SESSION_cmp(); return 0; }
/* end */

--------------------

have_func: checking for SSL_set_tlsext_host_name() in openssl/ssl.h with -Werror=deprecated-declarations... -------------------- no

"aarch64-linux-android-clang -o conftest -I/data/data/com.termux/files/usr/include/ruby-2.4.0/aarch64-linux-android -I/data/data/com.termux/files/usr/include/ruby-2.4.0/ruby/backward -I/data/data/com.termux/files/usr/include/ruby-2.4.0 -I. -I/data/data/com.termux/files/usr/include -I/data/data/com.termux/files/usr/include -isystem /data/data/com.termux/files/usr/include/libandroid-support    -Os -fPIC  conftest.c  -L. -L/data/data/com.termux/files/usr/lib -L. -L/data/data/com.termux/files/usr/lib -landroid-support -fstack-protector -rdynamic -Wl,-export-dynamic -L/data/data/com.termux/files/usr/lib     -lssl -lcrypto -lruby -Werror=deprecated-declarations  -lssl -lcrypto -lgmp -ldl -lm   -lc"
conftest.c:15:57: error: use of undeclared identifier 'SSL_set_tlsext_host_name'
int t(void) { void ((*volatile p)()); p = (void ((*)()))SSL_set_tlsext_host_name; return !p; }
                                                        ^
1 error generated.
checked program was:
/* begin */
 1: #include "ruby.h"
 2: 
 3: #include <openssl/ssl.h>
 4: 
 5: /*top*/
 6: extern int t(void);
 7: int main(int argc, char **argv)
 8: {
 9:   if (argc > 1000000) {
10:     printf("%p", &t);
11:   }
12: 
13:   return 0;
14: }
15: int t(void) { void ((*volatile p)()); p = (void ((*)()))SSL_set_tlsext_host_name; return !p; }
/* end */

"aarch64-linux-android-clang -o conftest -I/data/data/com.termux/files/usr/include/ruby-2.4.0/aarch64-linux-android -I/data/data/com.termux/files/usr/include/ruby-2.4.0/ruby/backward -I/data/data/com.termux/files/usr/include/ruby-2.4.0 -I. -I/data/data/com.termux/files/usr/include -I/data/data/com.termux/files/usr/include -isystem /data/data/com.termux/files/usr/include/libandroid-support    -Os -fPIC  conftest.c  -L. -L/data/data/com.termux/files/usr/lib -L. -L/data/data/com.termux/files/usr/lib -landroid-support -fstack-protector -rdynamic -Wl,-export-dynamic -L/data/data/com.termux/files/usr/lib     -lssl -lcrypto -lruby -Werror=deprecated-declarations  -lssl -lcrypto -lgmp -ldl -lm   -lc"
conftest.c:15:38: error: too few arguments provided to function-like macro invocation
extern void SSL_set_tlsext_host_name();
                                     ^
/data/data/com.termux/files/usr/include/openssl/tls1.h:333:11: note: macro 'SSL_set_tlsext_host_name' defined here
#  define SSL_set_tlsext_host_name(s,name) \
          ^
conftest.c:16:40: error: too few arguments provided to function-like macro invocation
int t(void) { SSL_set_tlsext_host_name(); return 0; }
                                       ^
/data/data/com.termux/files/usr/include/openssl/tls1.h:333:11: note: macro 'SSL_set_tlsext_host_name' defined here
#  define SSL_set_tlsext_host_name(s,name) \
          ^
2 errors generated.
checked program was:
/* begin */
 1: #include "ruby.h"
 2: 
 3: #include <openssl/ssl.h>
 4: 
 5: /*top*/
 6: extern int t(void);
 7: int main(int argc, char **argv)
 8: {
 9:   if (argc > 1000000) {
10:     printf("%p", &t);
11:   }
12: 
13:   return 0;
14: }
15: extern void SSL_set_tlsext_host_name();
16: int t(void) { SSL_set_tlsext_host_name(); return 0; }
/* end */

--------------------

have_macro: checking for SSL_set_tlsext_host_name in openssl/ssl.h... -------------------- yes

"aarch64-linux-android-clang -I/data/data/com.termux/files/usr/include/ruby-2.4.0/aarch64-linux-android -I/data/data/com.termux/files/usr/include/ruby-2.4.0/ruby/backward -I/data/data/com.termux/files/usr/include/ruby-2.4.0 -I. -I/data/data/com.termux/files/usr/include -I/data/data/com.termux/files/usr/include -isystem /data/data/com.termux/files/usr/include/libandroid-support    -Os -fPIC    -c conftest.c"
checked program was:
/* begin */
1: #include "ruby.h"
2: 
3: #include <openssl/ssl.h>
4: /*top*/
5: #ifndef SSL_set_tlsext_host_name
6: # error
7: |:/ === SSL_set_tlsext_host_name undefined === /:|
8: #endif
/* end */

--------------------

have_struct_member: checking for CRYPTO_THREADID.ptr in openssl/crypto.h... -------------------- yes

"aarch64-linux-android-clang -I/data/data/com.termux/files/usr/include/ruby-2.4.0/aarch64-linux-android -I/data/data/com.termux/files/usr/include/ruby-2.4.0/ruby/backward -I/data/data/com.termux/files/usr/include/ruby-2.4.0 -I. -I/data/data/com.termux/files/usr/include -I/data/data/com.termux/files/usr/include -isystem /data/data/com.termux/files/usr/include/libandroid-support    -Os -fPIC    -c conftest.c"
checked program was:
/* begin */
 1: #include "ruby.h"
 2: 
 3: #include <openssl/crypto.h>
 4: 
 5: /*top*/
 6: int s = (char *)&((CRYPTO_THREADID*)0)->ptr - (char *)0;
 7: int main(int argc, char **argv)
 8: {
 9:   return 0;
10: }
/* end */

--------------------

have_func: checking for EVP_PKEY_get0()... -------------------- yes

"aarch64-linux-android-clang -o conftest -I/data/data/com.termux/files/usr/include/ruby-2.4.0/aarch64-linux-android -I/data/data/com.termux/files/usr/include/ruby-2.4.0/ruby/backward -I/data/data/com.termux/files/usr/include/ruby-2.4.0 -I. -I/data/data/com.termux/files/usr/include -I/data/data/com.termux/files/usr/include -isystem /data/data/com.termux/files/usr/include/libandroid-support    -Os -fPIC  conftest.c  -L. -L/data/data/com.termux/files/usr/lib -L. -L/data/data/com.termux/files/usr/lib -landroid-support -fstack-protector -rdynamic -Wl,-export-dynamic -L/data/data/com.termux/files/usr/lib     -lssl -lcrypto -lruby  -lssl -lcrypto -lgmp -ldl -lm   -lc"
conftest.c:13:57: error: use of undeclared identifier 'EVP_PKEY_get0'
int t(void) { void ((*volatile p)()); p = (void ((*)()))EVP_PKEY_get0; return !p; }
                                                        ^
1 error generated.
checked program was:
/* begin */
 1: #include "ruby.h"
 2: 
 3: /*top*/
 4: extern int t(void);
 5: int main(int argc, char **argv)
 6: {
 7:   if (argc > 1000000) {
 8:     printf("%p", &t);
 9:   }
10: 
11:   return 0;
12: }
13: int t(void) { void ((*volatile p)()); p = (void ((*)()))EVP_PKEY_get0; return !p; }
/* end */

"aarch64-linux-android-clang -o conftest -I/data/data/com.termux/files/usr/include/ruby-2.4.0/aarch64-linux-android -I/data/data/com.termux/files/usr/include/ruby-2.4.0/ruby/backward -I/data/data/com.termux/files/usr/include/ruby-2.4.0 -I. -I/data/data/com.termux/files/usr/include -I/data/data/com.termux/files/usr/include -isystem /data/data/com.termux/files/usr/include/libandroid-support    -Os -fPIC  conftest.c  -L. -L/data/data/com.termux/files/usr/lib -L. -L/data/data/com.termux/files/usr/lib -landroid-support -fstack-protector -rdynamic -Wl,-export-dynamic -L/data/data/com.termux/files/usr/lib     -lssl -lcrypto -lruby  -lssl -lcrypto -lgmp -ldl -lm   -lc"
checked program was:
/* begin */
 1: #include "ruby.h"
 2: 
 3: /*top*/
 4: extern int t(void);
 5: int main(int argc, char **argv)
 6: {
 7:   if (argc > 1000000) {
 8:     printf("%p", &t);
 9:   }
10: 
11:   return 0;
12: }
13: extern void EVP_PKEY_get0();
14: int t(void) { EVP_PKEY_get0(); return 0; }
/* end */

--------------------

have_func: checking for SSL_CTX_set_next_proto_select_cb()... -------------------- yes

"aarch64-linux-android-clang -o conftest -I/data/data/com.termux/files/usr/include/ruby-2.4.0/aarch64-linux-android -I/data/data/com.termux/files/usr/include/ruby-2.4.0/ruby/backward -I/data/data/com.termux/files/usr/include/ruby-2.4.0 -I. -I/data/data/com.termux/files/usr/include -I/data/data/com.termux/files/usr/include -isystem /data/data/com.termux/files/usr/include/libandroid-support    -Os -fPIC  conftest.c  -L. -L/data/data/com.termux/files/usr/lib -L. -L/data/data/com.termux/files/usr/lib -landroid-support -fstack-protector -rdynamic -Wl,-export-dynamic -L/data/data/com.termux/files/usr/lib     -lssl -lcrypto -lruby  -lssl -lcrypto -lgmp -ldl -lm   -lc"
conftest.c:13:57: error: use of undeclared identifier 'SSL_CTX_set_next_proto_select_cb'
int t(void) { void ((*volatile p)()); p = (void ((*)()))SSL_CTX_set_next_proto_select_cb; return !p; }
                                                        ^
1 error generated.
checked program was:
/* begin */
 1: #include "ruby.h"
 2: 
 3: /*top*/
 4: extern int t(void);
 5: int main(int argc, char **argv)
 6: {
 7:   if (argc > 1000000) {
 8:     printf("%p", &t);
 9:   }
10: 
11:   return 0;
12: }
13: int t(void) { void ((*volatile p)()); p = (void ((*)()))SSL_CTX_set_next_proto_select_cb; return !p; }
/* end */

"aarch64-linux-android-clang -o conftest -I/data/data/com.termux/files/usr/include/ruby-2.4.0/aarch64-linux-android -I/data/data/com.termux/files/usr/include/ruby-2.4.0/ruby/backward -I/data/data/com.termux/files/usr/include/ruby-2.4.0 -I. -I/data/data/com.termux/files/usr/include -I/data/data/com.termux/files/usr/include -isystem /data/data/com.termux/files/usr/include/libandroid-support    -Os -fPIC  conftest.c  -L. -L/data/data/com.termux/files/usr/lib -L. -L/data/data/com.termux/files/usr/lib -landroid-support -fstack-protector -rdynamic -Wl,-export-dynamic -L/data/data/com.termux/files/usr/lib     -lssl -lcrypto -lruby  -lssl -lcrypto -lgmp -ldl -lm   -lc"
checked program was:
/* begin */
 1: #include "ruby.h"
 2: 
 3: /*top*/
 4: extern int t(void);
 5: int main(int argc, char **argv)
 6: {
 7:   if (argc > 1000000) {
 8:     printf("%p", &t);
 9:   }
10: 
11:   return 0;
12: }
13: extern void SSL_CTX_set_next_proto_select_cb();
14: int t(void) { SSL_CTX_set_next_proto_select_cb(); return 0; }
/* end */

--------------------

have_macro: checking for EVP_CTRL_GCM_GET_TAG in openssl/evp.h... -------------------- yes

"aarch64-linux-android-clang -I/data/data/com.termux/files/usr/include/ruby-2.4.0/aarch64-linux-android -I/data/data/com.termux/files/usr/include/ruby-2.4.0/ruby/backward -I/data/data/com.termux/files/usr/include/ruby-2.4.0 -I. -I/data/data/com.termux/files/usr/include -I/data/data/com.termux/files/usr/include -isystem /data/data/com.termux/files/usr/include/libandroid-support    -Os -fPIC    -c conftest.c"
checked program was:
/* begin */
1: #include "ruby.h"
2: 
3: #include <openssl/evp.h>
4: /*top*/
5: #ifndef EVP_CTRL_GCM_GET_TAG
6: # error
7: |:/ === EVP_CTRL_GCM_GET_TAG undefined === /:|
8: #endif
/* end */

--------------------

have_func: checking for EC_curve_nist2nid()... -------------------- yes

"aarch64-linux-android-clang -o conftest -I/data/data/com.termux/files/usr/include/ruby-2.4.0/aarch64-linux-android -I/data/data/com.termux/files/usr/include/ruby-2.4.0/ruby/backward -I/data/data/com.termux/files/usr/include/ruby-2.4.0 -I. -I/data/data/com.termux/files/usr/include -I/data/data/com.termux/files/usr/include -isystem /data/data/com.termux/files/usr/include/libandroid-support    -Os -fPIC  conftest.c  -L. -L/data/data/com.termux/files/usr/lib -L. -L/data/data/com.termux/files/usr/lib -landroid-support -fstack-protector -rdynamic -Wl,-export-dynamic -L/data/data/com.termux/files/usr/lib     -lssl -lcrypto -lruby  -lssl -lcrypto -lgmp -ldl -lm   -lc"
conftest.c:13:57: error: use of undeclared identifier 'EC_curve_nist2nid'
int t(void) { void ((*volatile p)()); p = (void ((*)()))EC_curve_nist2nid; return !p; }
                                                        ^
1 error generated.
checked program was:
/* begin */
 1: #include "ruby.h"
 2: 
 3: /*top*/
 4: extern int t(void);
 5: int main(int argc, char **argv)
 6: {
 7:   if (argc > 1000000) {
 8:     printf("%p", &t);
 9:   }
10: 
11:   return 0;
12: }
13: int t(void) { void ((*volatile p)()); p = (void ((*)()))EC_curve_nist2nid; return !p; }
/* end */

"aarch64-linux-android-clang -o conftest -I/data/data/com.termux/files/usr/include/ruby-2.4.0/aarch64-linux-android -I/data/data/com.termux/files/usr/include/ruby-2.4.0/ruby/backward -I/data/data/com.termux/files/usr/include/ruby-2.4.0 -I. -I/data/data/com.termux/files/usr/include -I/data/data/com.termux/files/usr/include -isystem /data/data/com.termux/files/usr/include/libandroid-support    -Os -fPIC  conftest.c  -L. -L/data/data/com.termux/files/usr/lib -L. -L/data/data/com.termux/files/usr/lib -landroid-support -fstack-protector -rdynamic -Wl,-export-dynamic -L/data/data/com.termux/files/usr/lib     -lssl -lcrypto -lruby  -lssl -lcrypto -lgmp -ldl -lm   -lc"
checked program was:
/* begin */
 1: #include "ruby.h"
 2: 
 3: /*top*/
 4: extern int t(void);
 5: int main(int argc, char **argv)
 6: {
 7:   if (argc > 1000000) {
 8:     printf("%p", &t);
 9:   }
10: 
11:   return 0;
12: }
13: extern void EC_curve_nist2nid();
14: int t(void) { EC_curve_nist2nid(); return 0; }
/* end */

--------------------

have_func: checking for X509_REVOKED_dup()... -------------------- yes

"aarch64-linux-android-clang -o conftest -I/data/data/com.termux/files/usr/include/ruby-2.4.0/aarch64-linux-android -I/data/data/com.termux/files/usr/include/ruby-2.4.0/ruby/backward -I/data/data/com.termux/files/usr/include/ruby-2.4.0 -I. -I/data/data/com.termux/files/usr/include -I/data/data/com.termux/files/usr/include -isystem /data/data/com.termux/files/usr/include/libandroid-support    -Os -fPIC  conftest.c  -L. -L/data/data/com.termux/files/usr/lib -L. -L/data/data/com.termux/files/usr/lib -landroid-support -fstack-protector -rdynamic -Wl,-export-dynamic -L/data/data/com.termux/files/usr/lib     -lssl -lcrypto -lruby  -lssl -lcrypto -lgmp -ldl -lm   -lc"
conftest.c:13:57: error: use of undeclared identifier 'X509_REVOKED_dup'
int t(void) { void ((*volatile p)()); p = (void ((*)()))X509_REVOKED_dup; return !p; }
                                                        ^
1 error generated.
checked program was:
/* begin */
 1: #include "ruby.h"
 2: 
 3: /*top*/
 4: extern int t(void);
 5: int main(int argc, char **argv)
 6: {
 7:   if (argc > 1000000) {
 8:     printf("%p", &t);
 9:   }
10: 
11:   return 0;
12: }
13: int t(void) { void ((*volatile p)()); p = (void ((*)()))X509_REVOKED_dup; return !p; }
/* end */

"aarch64-linux-android-clang -o conftest -I/data/data/com.termux/files/usr/include/ruby-2.4.0/aarch64-linux-android -I/data/data/com.termux/files/usr/include/ruby-2.4.0/ruby/backward -I/data/data/com.termux/files/usr/include/ruby-2.4.0 -I. -I/data/data/com.termux/files/usr/include -I/data/data/com.termux/files/usr/include -isystem /data/data/com.termux/files/usr/include/libandroid-support    -Os -fPIC  conftest.c  -L. -L/data/data/com.termux/files/usr/lib -L. -L/data/data/com.termux/files/usr/lib -landroid-support -fstack-protector -rdynamic -Wl,-export-dynamic -L/data/data/com.termux/files/usr/lib     -lssl -lcrypto -lruby  -lssl -lcrypto -lgmp -ldl -lm   -lc"
checked program was:
/* begin */
 1: #include "ruby.h"
 2: 
 3: /*top*/
 4: extern int t(void);
 5: int main(int argc, char **argv)
 6: {
 7:   if (argc > 1000000) {
 8:     printf("%p", &t);
 9:   }
10: 
11:   return 0;
12: }
13: extern void X509_REVOKED_dup();
14: int t(void) { X509_REVOKED_dup(); return 0; }
/* end */

--------------------

have_func: checking for X509_STORE_CTX_get0_store()... -------------------- yes

"aarch64-linux-android-clang -o conftest -I/data/data/com.termux/files/usr/include/ruby-2.4.0/aarch64-linux-android -I/data/data/com.termux/files/usr/include/ruby-2.4.0/ruby/backward -I/data/data/com.termux/files/usr/include/ruby-2.4.0 -I. -I/data/data/com.termux/files/usr/include -I/data/data/com.termux/files/usr/include -isystem /data/data/com.termux/files/usr/include/libandroid-support    -Os -fPIC  conftest.c  -L. -L/data/data/com.termux/files/usr/lib -L. -L/data/data/com.termux/files/usr/lib -landroid-support -fstack-protector -rdynamic -Wl,-export-dynamic -L/data/data/com.termux/files/usr/lib     -lssl -lcrypto -lruby  -lssl -lcrypto -lgmp -ldl -lm   -lc"
conftest.c:13:57: error: use of undeclared identifier 'X509_STORE_CTX_get0_store'
int t(void) { void ((*volatile p)()); p = (void ((*)()))X509_STORE_CTX_get0_store; return !p; }
                                                        ^
1 error generated.
checked program was:
/* begin */
 1: #include "ruby.h"
 2: 
 3: /*top*/
 4: extern int t(void);
 5: int main(int argc, char **argv)
 6: {
 7:   if (argc > 1000000) {
 8:     printf("%p", &t);
 9:   }
10: 
11:   return 0;
12: }
13: int t(void) { void ((*volatile p)()); p = (void ((*)()))X509_STORE_CTX_get0_store; return !p; }
/* end */

"aarch64-linux-android-clang -o conftest -I/data/data/com.termux/files/usr/include/ruby-2.4.0/aarch64-linux-android -I/data/data/com.termux/files/usr/include/ruby-2.4.0/ruby/backward -I/data/data/com.termux/files/usr/include/ruby-2.4.0 -I. -I/data/data/com.termux/files/usr/include -I/data/data/com.termux/files/usr/include -isystem /data/data/com.termux/files/usr/include/libandroid-support    -Os -fPIC  conftest.c  -L. -L/data/data/com.termux/files/usr/lib -L. -L/data/data/com.termux/files/usr/lib -landroid-support -fstack-protector -rdynamic -Wl,-export-dynamic -L/data/data/com.termux/files/usr/lib     -lssl -lcrypto -lruby  -lssl -lcrypto -lgmp -ldl -lm   -lc"
checked program was:
/* begin */
 1: #include "ruby.h"
 2: 
 3: /*top*/
 4: extern int t(void);
 5: int main(int argc, char **argv)
 6: {
 7:   if (argc > 1000000) {
 8:     printf("%p", &t);
 9:   }
10: 
11:   return 0;
12: }
13: extern void X509_STORE_CTX_get0_store();
14: int t(void) { X509_STORE_CTX_get0_store(); return 0; }
/* end */

--------------------

have_func: checking for SSL_CTX_set_alpn_select_cb()... -------------------- yes

"aarch64-linux-android-clang -o conftest -I/data/data/com.termux/files/usr/include/ruby-2.4.0/aarch64-linux-android -I/data/data/com.termux/files/usr/include/ruby-2.4.0/ruby/backward -I/data/data/com.termux/files/usr/include/ruby-2.4.0 -I. -I/data/data/com.termux/files/usr/include -I/data/data/com.termux/files/usr/include -isystem /data/data/com.termux/files/usr/include/libandroid-support    -Os -fPIC  conftest.c  -L. -L/data/data/com.termux/files/usr/lib -L. -L/data/data/com.termux/files/usr/lib -landroid-support -fstack-protector -rdynamic -Wl,-export-dynamic -L/data/data/com.termux/files/usr/lib     -lssl -lcrypto -lruby  -lssl -lcrypto -lgmp -ldl -lm   -lc"
conftest.c:13:57: error: use of undeclared identifier 'SSL_CTX_set_alpn_select_cb'
int t(void) { void ((*volatile p)()); p = (void ((*)()))SSL_CTX_set_alpn_select_cb; return !p; }
                                                        ^
1 error generated.
checked program was:
/* begin */
 1: #include "ruby.h"
 2: 
 3: /*top*/
 4: extern int t(void);
 5: int main(int argc, char **argv)
 6: {
 7:   if (argc > 1000000) {
 8:     printf("%p", &t);
 9:   }
10: 
11:   return 0;
12: }
13: int t(void) { void ((*volatile p)()); p = (void ((*)()))SSL_CTX_set_alpn_select_cb; return !p; }
/* end */

"aarch64-linux-android-clang -o conftest -I/data/data/com.termux/files/usr/include/ruby-2.4.0/aarch64-linux-android -I/data/data/com.termux/files/usr/include/ruby-2.4.0/ruby/backward -I/data/data/com.termux/files/usr/include/ruby-2.4.0 -I. -I/data/data/com.termux/files/usr/include -I/data/data/com.termux/files/usr/include -isystem /data/data/com.termux/files/usr/include/libandroid-support    -Os -fPIC  conftest.c  -L. -L/data/data/com.termux/files/usr/lib -L. -L/data/data/com.termux/files/usr/lib -landroid-support -fstack-protector -rdynamic -Wl,-export-dynamic -L/data/data/com.termux/files/usr/lib     -lssl -lcrypto -lruby  -lssl -lcrypto -lgmp -ldl -lm   -lc"
checked program was:
/* begin */
 1: #include "ruby.h"
 2: 
 3: /*top*/
 4: extern int t(void);
 5: int main(int argc, char **argv)
 6: {
 7:   if (argc > 1000000) {
 8:     printf("%p", &t);
 9:   }
10: 
11:   return 0;
12: }
13: extern void SSL_CTX_set_alpn_select_cb();
14: int t(void) { SSL_CTX_set_alpn_select_cb(); return 0; }
/* end */

--------------------

have_func: checking for SSL_CTX_set1_curves_list() in openssl/ssl.h with -Werror=deprecated-declarations... -------------------- no

"aarch64-linux-android-clang -o conftest -I/data/data/com.termux/files/usr/include/ruby-2.4.0/aarch64-linux-android -I/data/data/com.termux/files/usr/include/ruby-2.4.0/ruby/backward -I/data/data/com.termux/files/usr/include/ruby-2.4.0 -I. -I/data/data/com.termux/files/usr/include -I/data/data/com.termux/files/usr/include -isystem /data/data/com.termux/files/usr/include/libandroid-support    -Os -fPIC  conftest.c  -L. -L/data/data/com.termux/files/usr/lib -L. -L/data/data/com.termux/files/usr/lib -landroid-support -fstack-protector -rdynamic -Wl,-export-dynamic -L/data/data/com.termux/files/usr/lib     -lssl -lcrypto -lruby -Werror=deprecated-declarations  -lssl -lcrypto -lgmp -ldl -lm   -lc"
conftest.c:15:57: error: use of undeclared identifier 'SSL_CTX_set1_curves_list'
int t(void) { void ((*volatile p)()); p = (void ((*)()))SSL_CTX_set1_curves_list; return !p; }
                                                        ^
1 error generated.
checked program was:
/* begin */
 1: #include "ruby.h"
 2: 
 3: #include <openssl/ssl.h>
 4: 
 5: /*top*/
 6: extern int t(void);
 7: int main(int argc, char **argv)
 8: {
 9:   if (argc > 1000000) {
10:     printf("%p", &t);
11:   }
12: 
13:   return 0;
14: }
15: int t(void) { void ((*volatile p)()); p = (void ((*)()))SSL_CTX_set1_curves_list; return !p; }
/* end */

"aarch64-linux-android-clang -o conftest -I/data/data/com.termux/files/usr/include/ruby-2.4.0/aarch64-linux-android -I/data/data/com.termux/files/usr/include/ruby-2.4.0/ruby/backward -I/data/data/com.termux/files/usr/include/ruby-2.4.0 -I. -I/data/data/com.termux/files/usr/include -I/data/data/com.termux/files/usr/include -isystem /data/data/com.termux/files/usr/include/libandroid-support    -Os -fPIC  conftest.c  -L. -L/data/data/com.termux/files/usr/lib -L. -L/data/data/com.termux/files/usr/lib -landroid-support -fstack-protector -rdynamic -Wl,-export-dynamic -L/data/data/com.termux/files/usr/lib     -lssl -lcrypto -lruby -Werror=deprecated-declarations  -lssl -lcrypto -lgmp -ldl -lm   -lc"
conftest.c:15:38: error: too few arguments provided to function-like macro invocation
extern void SSL_CTX_set1_curves_list();
                                     ^
/data/data/com.termux/files/usr/include/openssl/ssl.h:2078:10: note: macro 'SSL_CTX_set1_curves_list' defined here
# define SSL_CTX_set1_curves_list(ctx, s) \
         ^
conftest.c:16:40: error: too few arguments provided to function-like macro invocation
int t(void) { SSL_CTX_set1_curves_list(); return 0; }
                                       ^
/data/data/com.termux/files/usr/include/openssl/ssl.h:2078:10: note: macro 'SSL_CTX_set1_curves_list' defined here
# define SSL_CTX_set1_curves_list(ctx, s) \
         ^
2 errors generated.
checked program was:
/* begin */
 1: #include "ruby.h"
 2: 
 3: #include <openssl/ssl.h>
 4: 
 5: /*top*/
 6: extern int t(void);
 7: int main(int argc, char **argv)
 8: {
 9:   if (argc > 1000000) {
10:     printf("%p", &t);
11:   }
12: 
13:   return 0;
14: }
15: extern void SSL_CTX_set1_curves_list();
16: int t(void) { SSL_CTX_set1_curves_list(); return 0; }
/* end */

--------------------

have_macro: checking for SSL_CTX_set1_curves_list in openssl/ssl.h... -------------------- yes

"aarch64-linux-android-clang -I/data/data/com.termux/files/usr/include/ruby-2.4.0/aarch64-linux-android -I/data/data/com.termux/files/usr/include/ruby-2.4.0/ruby/backward -I/data/data/com.termux/files/usr/include/ruby-2.4.0 -I. -I/data/data/com.termux/files/usr/include -I/data/data/com.termux/files/usr/include -isystem /data/data/com.termux/files/usr/include/libandroid-support    -Os -fPIC    -c conftest.c"
checked program was:
/* begin */
1: #include "ruby.h"
2: 
3: #include <openssl/ssl.h>
4: /*top*/
5: #ifndef SSL_CTX_set1_curves_list
6: # error
7: |:/ === SSL_CTX_set1_curves_list undefined === /:|
8: #endif
/* end */

--------------------

have_func: checking for SSL_CTX_set_ecdh_auto() in openssl/ssl.h with -Werror=deprecated-declarations... -------------------- no

"aarch64-linux-android-clang -o conftest -I/data/data/com.termux/files/usr/include/ruby-2.4.0/aarch64-linux-android -I/data/data/com.termux/files/usr/include/ruby-2.4.0/ruby/backward -I/data/data/com.termux/files/usr/include/ruby-2.4.0 -I. -I/data/data/com.termux/files/usr/include -I/data/data/com.termux/files/usr/include -isystem /data/data/com.termux/files/usr/include/libandroid-support    -Os -fPIC  conftest.c  -L. -L/data/data/com.termux/files/usr/lib -L. -L/data/data/com.termux/files/usr/lib -landroid-support -fstack-protector -rdynamic -Wl,-export-dynamic -L/data/data/com.termux/files/usr/lib     -lssl -lcrypto -lruby -Werror=deprecated-declarations  -lssl -lcrypto -lgmp -ldl -lm   -lc"
conftest.c:15:57: error: use of undeclared identifier 'SSL_CTX_set_ecdh_auto'
int t(void) { void ((*volatile p)()); p = (void ((*)()))SSL_CTX_set_ecdh_auto; return !p; }
                                                        ^
1 error generated.
checked program was:
/* begin */
 1: #include "ruby.h"
 2: 
 3: #include <openssl/ssl.h>
 4: 
 5: /*top*/
 6: extern int t(void);
 7: int main(int argc, char **argv)
 8: {
 9:   if (argc > 1000000) {
10:     printf("%p", &t);
11:   }
12: 
13:   return 0;
14: }
15: int t(void) { void ((*volatile p)()); p = (void ((*)()))SSL_CTX_set_ecdh_auto; return !p; }
/* end */

"aarch64-linux-android-clang -o conftest -I/data/data/com.termux/files/usr/include/ruby-2.4.0/aarch64-linux-android -I/data/data/com.termux/files/usr/include/ruby-2.4.0/ruby/backward -I/data/data/com.termux/files/usr/include/ruby-2.4.0 -I. -I/data/data/com.termux/files/usr/include -I/data/data/com.termux/files/usr/include -isystem /data/data/com.termux/files/usr/include/libandroid-support    -Os -fPIC  conftest.c  -L. -L/data/data/com.termux/files/usr/lib -L. -L/data/data/com.termux/files/usr/lib -landroid-support -fstack-protector -rdynamic -Wl,-export-dynamic -L/data/data/com.termux/files/usr/lib     -lssl -lcrypto -lruby -Werror=deprecated-declarations  -lssl -lcrypto -lgmp -ldl -lm   -lc"
conftest.c:15:35: error: too few arguments provided to function-like macro invocation
extern void SSL_CTX_set_ecdh_auto();
                                  ^
/data/data/com.termux/files/usr/include/openssl/ssl.h:2086:10: note: macro 'SSL_CTX_set_ecdh_auto' defined here
# define SSL_CTX_set_ecdh_auto(ctx, onoff) \
         ^
conftest.c:16:37: error: too few arguments provided to function-like macro invocation
int t(void) { SSL_CTX_set_ecdh_auto(); return 0; }
                                    ^
/data/data/com.termux/files/usr/include/openssl/ssl.h:2086:10: note: macro 'SSL_CTX_set_ecdh_auto' defined here
# define SSL_CTX_set_ecdh_auto(ctx, onoff) \
         ^
2 errors generated.
checked program was:
/* begin */
 1: #include "ruby.h"
 2: 
 3: #include <openssl/ssl.h>
 4: 
 5: /*top*/
 6: extern int t(void);
 7: int main(int argc, char **argv)
 8: {
 9:   if (argc > 1000000) {
10:     printf("%p", &t);
11:   }
12: 
13:   return 0;
14: }
15: extern void SSL_CTX_set_ecdh_auto();
16: int t(void) { SSL_CTX_set_ecdh_auto(); return 0; }
/* end */

--------------------

have_macro: checking for SSL_CTX_set_ecdh_auto in openssl/ssl.h... -------------------- yes

"aarch64-linux-android-clang -I/data/data/com.termux/files/usr/include/ruby-2.4.0/aarch64-linux-android -I/data/data/com.termux/files/usr/include/ruby-2.4.0/ruby/backward -I/data/data/com.termux/files/usr/include/ruby-2.4.0 -I. -I/data/data/com.termux/files/usr/include -I/data/data/com.termux/files/usr/include -isystem /data/data/com.termux/files/usr/include/libandroid-support    -Os -fPIC    -c conftest.c"
checked program was:
/* begin */
1: #include "ruby.h"
2: 
3: #include <openssl/ssl.h>
4: /*top*/
5: #ifndef SSL_CTX_set_ecdh_auto
6: # error
7: |:/ === SSL_CTX_set_ecdh_auto undefined === /:|
8: #endif
/* end */

--------------------

have_func: checking for SSL_get_server_tmp_key() in openssl/ssl.h with -Werror=deprecated-declarations... -------------------- no

"aarch64-linux-android-clang -o conftest -I/data/data/com.termux/files/usr/include/ruby-2.4.0/aarch64-linux-android -I/data/data/com.termux/files/usr/include/ruby-2.4.0/ruby/backward -I/data/data/com.termux/files/usr/include/ruby-2.4.0 -I. -I/data/data/com.termux/files/usr/include -I/data/data/com.termux/files/usr/include -isystem /data/data/com.termux/files/usr/include/libandroid-support    -Os -fPIC  conftest.c  -L. -L/data/data/com.termux/files/usr/lib -L. -L/data/data/com.termux/files/usr/lib -landroid-support -fstack-protector -rdynamic -Wl,-export-dynamic -L/data/data/com.termux/files/usr/lib     -lssl -lcrypto -lruby -Werror=deprecated-declarations  -lssl -lcrypto -lgmp -ldl -lm   -lc"
conftest.c:15:57: error: use of undeclared identifier 'SSL_get_server_tmp_key'
int t(void) { void ((*volatile p)()); p = (void ((*)()))SSL_get_server_tmp_key; return !p; }
                                                        ^
1 error generated.
checked program was:
/* begin */
 1: #include "ruby.h"
 2: 
 3: #include <openssl/ssl.h>
 4: 
 5: /*top*/
 6: extern int t(void);
 7: int main(int argc, char **argv)
 8: {
 9:   if (argc > 1000000) {
10:     printf("%p", &t);
11:   }
12: 
13:   return 0;
14: }
15: int t(void) { void ((*volatile p)()); p = (void ((*)()))SSL_get_server_tmp_key; return !p; }
/* end */

"aarch64-linux-android-clang -o conftest -I/data/data/com.termux/files/usr/include/ruby-2.4.0/aarch64-linux-android -I/data/data/com.termux/files/usr/include/ruby-2.4.0/ruby/backward -I/data/data/com.termux/files/usr/include/ruby-2.4.0 -I. -I/data/data/com.termux/files/usr/include -I/data/data/com.termux/files/usr/include -isystem /data/data/com.termux/files/usr/include/libandroid-support    -Os -fPIC  conftest.c  -L. -L/data/data/com.termux/files/usr/lib -L. -L/data/data/com.termux/files/usr/lib -landroid-support -fstack-protector -rdynamic -Wl,-export-dynamic -L/data/data/com.termux/files/usr/lib     -lssl -lcrypto -lruby -Werror=deprecated-declarations  -lssl -lcrypto -lgmp -ldl -lm   -lc"
conftest.c:15:36: error: too few arguments provided to function-like macro invocation
extern void SSL_get_server_tmp_key();
                                   ^
/data/data/com.termux/files/usr/include/openssl/ssl.h:2114:10: note: macro 'SSL_get_server_tmp_key' defined here
# define SSL_get_server_tmp_key(s, pk) \
         ^
conftest.c:16:38: error: too few arguments provided to function-like macro invocation
int t(void) { SSL_get_server_tmp_key(); return 0; }
                                     ^
/data/data/com.termux/files/usr/include/openssl/ssl.h:2114:10: note: macro 'SSL_get_server_tmp_key' defined here
# define SSL_get_server_tmp_key(s, pk) \
         ^
2 errors generated.
checked program was:
/* begin */
 1: #include "ruby.h"
 2: 
 3: #include <openssl/ssl.h>
 4: 
 5: /*top*/
 6: extern int t(void);
 7: int main(int argc, char **argv)
 8: {
 9:   if (argc > 1000000) {
10:     printf("%p", &t);
11:   }
12: 
13:   return 0;
14: }
15: extern void SSL_get_server_tmp_key();
16: int t(void) { SSL_get_server_tmp_key(); return 0; }
/* end */

--------------------

have_macro: checking for SSL_get_server_tmp_key in openssl/ssl.h... -------------------- yes

"aarch64-linux-android-clang -I/data/data/com.termux/files/usr/include/ruby-2.4.0/aarch64-linux-android -I/data/data/com.termux/files/usr/include/ruby-2.4.0/ruby/backward -I/data/data/com.termux/files/usr/include/ruby-2.4.0 -I. -I/data/data/com.termux/files/usr/include -I/data/data/com.termux/files/usr/include -isystem /data/data/com.termux/files/usr/include/libandroid-support    -Os -fPIC    -c conftest.c"
checked program was:
/* begin */
1: #include "ruby.h"
2: 
3: #include <openssl/ssl.h>
4: /*top*/
5: #ifndef SSL_get_server_tmp_key
6: # error
7: |:/ === SSL_get_server_tmp_key undefined === /:|
8: #endif
/* end */

--------------------

have_func: checking for SSL_is_server()... -------------------- yes

"aarch64-linux-android-clang -o conftest -I/data/data/com.termux/files/usr/include/ruby-2.4.0/aarch64-linux-android -I/data/data/com.termux/files/usr/include/ruby-2.4.0/ruby/backward -I/data/data/com.termux/files/usr/include/ruby-2.4.0 -I. -I/data/data/com.termux/files/usr/include -I/data/data/com.termux/files/usr/include -isystem /data/data/com.termux/files/usr/include/libandroid-support    -Os -fPIC  conftest.c  -L. -L/data/data/com.termux/files/usr/lib -L. -L/data/data/com.termux/files/usr/lib -landroid-support -fstack-protector -rdynamic -Wl,-export-dynamic -L/data/data/com.termux/files/usr/lib     -lssl -lcrypto -lruby  -lssl -lcrypto -lgmp -ldl -lm   -lc"
conftest.c:13:57: error: use of undeclared identifier 'SSL_is_server'
int t(void) { void ((*volatile p)()); p = (void ((*)()))SSL_is_server; return !p; }
                                                        ^
1 error generated.
checked program was:
/* begin */
 1: #include "ruby.h"
 2: 
 3: /*top*/
 4: extern int t(void);
 5: int main(int argc, char **argv)
 6: {
 7:   if (argc > 1000000) {
 8:     printf("%p", &t);
 9:   }
10: 
11:   return 0;
12: }
13: int t(void) { void ((*volatile p)()); p = (void ((*)()))SSL_is_server; return !p; }
/* end */

"aarch64-linux-android-clang -o conftest -I/data/data/com.termux/files/usr/include/ruby-2.4.0/aarch64-linux-android -I/data/data/com.termux/files/usr/include/ruby-2.4.0/ruby/backward -I/data/data/com.termux/files/usr/include/ruby-2.4.0 -I. -I/data/data/com.termux/files/usr/include -I/data/data/com.termux/files/usr/include -isystem /data/data/com.termux/files/usr/include/libandroid-support    -Os -fPIC  conftest.c  -L. -L/data/data/com.termux/files/usr/lib -L. -L/data/data/com.termux/files/usr/lib -landroid-support -fstack-protector -rdynamic -Wl,-export-dynamic -L/data/data/com.termux/files/usr/lib     -lssl -lcrypto -lruby  -lssl -lcrypto -lgmp -ldl -lm   -lc"
checked program was:
/* begin */
 1: #include "ruby.h"
 2: 
 3: /*top*/
 4: extern int t(void);
 5: int main(int argc, char **argv)
 6: {
 7:   if (argc > 1000000) {
 8:     printf("%p", &t);
 9:   }
10: 
11:   return 0;
12: }
13: extern void SSL_is_server();
14: int t(void) { SSL_is_server(); return 0; }
/* end */

--------------------

have_func: checking for CRYPTO_lock()... -------------------- yes

"aarch64-linux-android-clang -o conftest -I/data/data/com.termux/files/usr/include/ruby-2.4.0/aarch64-linux-android -I/data/data/com.termux/files/usr/include/ruby-2.4.0/ruby/backward -I/data/data/com.termux/files/usr/include/ruby-2.4.0 -I. -I/data/data/com.termux/files/usr/include -I/data/data/com.termux/files/usr/include -isystem /data/data/com.termux/files/usr/include/libandroid-support    -Os -fPIC  conftest.c  -L. -L/data/data/com.termux/files/usr/lib -L. -L/data/data/com.termux/files/usr/lib -landroid-support -fstack-protector -rdynamic -Wl,-export-dynamic -L/data/data/com.termux/files/usr/lib     -lssl -lcrypto -lruby  -lssl -lcrypto -lgmp -ldl -lm   -lc"
conftest.c:13:57: error: use of undeclared identifier 'CRYPTO_lock'
int t(void) { void ((*volatile p)()); p = (void ((*)()))CRYPTO_lock; return !p; }
                                                        ^
1 error generated.
checked program was:
/* begin */
 1: #include "ruby.h"
 2: 
 3: /*top*/
 4: extern int t(void);
 5: int main(int argc, char **argv)
 6: {
 7:   if (argc > 1000000) {
 8:     printf("%p", &t);
 9:   }
10: 
11:   return 0;
12: }
13: int t(void) { void ((*volatile p)()); p = (void ((*)()))CRYPTO_lock; return !p; }
/* end */

"aarch64-linux-android-clang -o conftest -I/data/data/com.termux/files/usr/include/ruby-2.4.0/aarch64-linux-android -I/data/data/com.termux/files/usr/include/ruby-2.4.0/ruby/backward -I/data/data/com.termux/files/usr/include/ruby-2.4.0 -I. -I/data/data/com.termux/files/usr/include -I/data/data/com.termux/files/usr/include -isystem /data/data/com.termux/files/usr/include/libandroid-support    -Os -fPIC  conftest.c  -L. -L/data/data/com.termux/files/usr/lib -L. -L/data/data/com.termux/files/usr/lib -landroid-support -fstack-protector -rdynamic -Wl,-export-dynamic -L/data/data/com.termux/files/usr/lib     -lssl -lcrypto -lruby  -lssl -lcrypto -lgmp -ldl -lm   -lc"
checked program was:
/* begin */
 1: #include "ruby.h"
 2: 
 3: /*top*/
 4: extern int t(void);
 5: int main(int argc, char **argv)
 6: {
 7:   if (argc > 1000000) {
 8:     printf("%p", &t);
 9:   }
10: 
11:   return 0;
12: }
13: extern void CRYPTO_lock();
14: int t(void) { CRYPTO_lock(); return 0; }
/* end */

--------------------

have_struct_member: checking for SSL.ctx in openssl/ssl.h... -------------------- yes

"aarch64-linux-android-clang -I/data/data/com.termux/files/usr/include/ruby-2.4.0/aarch64-linux-android -I/data/data/com.termux/files/usr/include/ruby-2.4.0/ruby/backward -I/data/data/com.termux/files/usr/include/ruby-2.4.0 -I. -I/data/data/com.termux/files/usr/include -I/data/data/com.termux/files/usr/include -isystem /data/data/com.termux/files/usr/include/libandroid-support    -Os -fPIC    -c conftest.c"
checked program was:
/* begin */
 1: #include "ruby.h"
 2: 
 3: #include <openssl/ssl.h>
 4: 
 5: /*top*/
 6: int s = (char *)&((SSL*)0)->ctx - (char *)0;
 7: int main(int argc, char **argv)
 8: {
 9:   return 0;
10: }
/* end */

--------------------

have_func: checking for BN_GENCB_new()... -------------------- no

"aarch64-linux-android-clang -o conftest -I/data/data/com.termux/files/usr/include/ruby-2.4.0/aarch64-linux-android -I/data/data/com.termux/files/usr/include/ruby-2.4.0/ruby/backward -I/data/data/com.termux/files/usr/include/ruby-2.4.0 -I. -I/data/data/com.termux/files/usr/include -I/data/data/com.termux/files/usr/include -isystem /data/data/com.termux/files/usr/include/libandroid-support    -Os -fPIC  conftest.c  -L. -L/data/data/com.termux/files/usr/lib -L. -L/data/data/com.termux/files/usr/lib -landroid-support -fstack-protector -rdynamic -Wl,-export-dynamic -L/data/data/com.termux/files/usr/lib     -lssl -lcrypto -lruby  -lssl -lcrypto -lgmp -ldl -lm   -lc"
conftest.c:13:57: error: use of undeclared identifier 'BN_GENCB_new'
int t(void) { void ((*volatile p)()); p = (void ((*)()))BN_GENCB_new; return !p; }
                                                        ^
1 error generated.
checked program was:
/* begin */
 1: #include "ruby.h"
 2: 
 3: /*top*/
 4: extern int t(void);
 5: int main(int argc, char **argv)
 6: {
 7:   if (argc > 1000000) {
 8:     printf("%p", &t);
 9:   }
10: 
11:   return 0;
12: }
13: int t(void) { void ((*volatile p)()); p = (void ((*)()))BN_GENCB_new; return !p; }
/* end */

"aarch64-linux-android-clang -o conftest -I/data/data/com.termux/files/usr/include/ruby-2.4.0/aarch64-linux-android -I/data/data/com.termux/files/usr/include/ruby-2.4.0/ruby/backward -I/data/data/com.termux/files/usr/include/ruby-2.4.0 -I. -I/data/data/com.termux/files/usr/include -I/data/data/com.termux/files/usr/include -isystem /data/data/com.termux/files/usr/include/libandroid-support    -Os -fPIC  conftest.c  -L. -L/data/data/com.termux/files/usr/lib -L. -L/data/data/com.termux/files/usr/lib -landroid-support -fstack-protector -rdynamic -Wl,-export-dynamic -L/data/data/com.termux/files/usr/lib     -lssl -lcrypto -lruby  -lssl -lcrypto -lgmp -ldl -lm   -lc"
/data/data/com.termux/files/usr/tmp/conftest-f92189.o: In function `t':
conftest.c:(.text+0x40): undefined reference to `BN_GENCB_new'
clang-5.0: error: linker command failed with exit code 1 (use -v to see invocation)
checked program was:
/* begin */
 1: #include "ruby.h"
 2: 
 3: /*top*/
 4: extern int t(void);
 5: int main(int argc, char **argv)
 6: {
 7:   if (argc > 1000000) {
 8:     printf("%p", &t);
 9:   }
10: 
11:   return 0;
12: }
13: extern void BN_GENCB_new();
14: int t(void) { BN_GENCB_new(); return 0; }
/* end */

--------------------

have_func: checking for BN_GENCB_free()... -------------------- no

"aarch64-linux-android-clang -o conftest -I/data/data/com.termux/files/usr/include/ruby-2.4.0/aarch64-linux-android -I/data/data/com.termux/files/usr/include/ruby-2.4.0/ruby/backward -I/data/data/com.termux/files/usr/include/ruby-2.4.0 -I. -I/data/data/com.termux/files/usr/include -I/data/data/com.termux/files/usr/include -isystem /data/data/com.termux/files/usr/include/libandroid-support    -Os -fPIC  conftest.c  -L. -L/data/data/com.termux/files/usr/lib -L. -L/data/data/com.termux/files/usr/lib -landroid-support -fstack-protector -rdynamic -Wl,-export-dynamic -L/data/data/com.termux/files/usr/lib     -lssl -lcrypto -lruby  -lssl -lcrypto -lgmp -ldl -lm   -lc"
conftest.c:13:57: error: use of undeclared identifier 'BN_GENCB_free'
int t(void) { void ((*volatile p)()); p = (void ((*)()))BN_GENCB_free; return !p; }
                                                        ^
1 error generated.
checked program was:
/* begin */
 1: #include "ruby.h"
 2: 
 3: /*top*/
 4: extern int t(void);
 5: int main(int argc, char **argv)
 6: {
 7:   if (argc > 1000000) {
 8:     printf("%p", &t);
 9:   }
10: 
11:   return 0;
12: }
13: int t(void) { void ((*volatile p)()); p = (void ((*)()))BN_GENCB_free; return !p; }
/* end */

"aarch64-linux-android-clang -o conftest -I/data/data/com.termux/files/usr/include/ruby-2.4.0/aarch64-linux-android -I/data/data/com.termux/files/usr/include/ruby-2.4.0/ruby/backward -I/data/data/com.termux/files/usr/include/ruby-2.4.0 -I. -I/data/data/com.termux/files/usr/include -I/data/data/com.termux/files/usr/include -isystem /data/data/com.termux/files/usr/include/libandroid-support    -Os -fPIC  conftest.c  -L. -L/data/data/com.termux/files/usr/lib -L. -L/data/data/com.termux/files/usr/lib -landroid-support -fstack-protector -rdynamic -Wl,-export-dynamic -L/data/data/com.termux/files/usr/lib     -lssl -lcrypto -lruby  -lssl -lcrypto -lgmp -ldl -lm   -lc"
/data/data/com.termux/files/usr/tmp/conftest-378498.o: In function `t':
conftest.c:(.text+0x40): undefined reference to `BN_GENCB_free'
clang-5.0: error: linker command failed with exit code 1 (use -v to see invocation)
checked program was:
/* begin */
 1: #include "ruby.h"
 2: 
 3: /*top*/
 4: extern int t(void);
 5: int main(int argc, char **argv)
 6: {
 7:   if (argc > 1000000) {
 8:     printf("%p", &t);
 9:   }
10: 
11:   return 0;
12: }
13: extern void BN_GENCB_free();
14: int t(void) { BN_GENCB_free(); return 0; }
/* end */

--------------------

have_func: checking for BN_GENCB_get_arg()... -------------------- no

"aarch64-linux-android-clang -o conftest -I/data/data/com.termux/files/usr/include/ruby-2.4.0/aarch64-linux-android -I/data/data/com.termux/files/usr/include/ruby-2.4.0/ruby/backward -I/data/data/com.termux/files/usr/include/ruby-2.4.0 -I. -I/data/data/com.termux/files/usr/include -I/data/data/com.termux/files/usr/include -isystem /data/data/com.termux/files/usr/include/libandroid-support    -Os -fPIC  conftest.c  -L. -L/data/data/com.termux/files/usr/lib -L. -L/data/data/com.termux/files/usr/lib -landroid-support -fstack-protector -rdynamic -Wl,-export-dynamic -L/data/data/com.termux/files/usr/lib     -lssl -lcrypto -lruby  -lssl -lcrypto -lgmp -ldl -lm   -lc"
conftest.c:13:57: error: use of undeclared identifier 'BN_GENCB_get_arg'
int t(void) { void ((*volatile p)()); p = (void ((*)()))BN_GENCB_get_arg; return !p; }
                                                        ^
1 error generated.
checked program was:
/* begin */
 1: #include "ruby.h"
 2: 
 3: /*top*/
 4: extern int t(void);
 5: int main(int argc, char **argv)
 6: {
 7:   if (argc > 1000000) {
 8:     printf("%p", &t);
 9:   }
10: 
11:   return 0;
12: }
13: int t(void) { void ((*volatile p)()); p = (void ((*)()))BN_GENCB_get_arg; return !p; }
/* end */

"aarch64-linux-android-clang -o conftest -I/data/data/com.termux/files/usr/include/ruby-2.4.0/aarch64-linux-android -I/data/data/com.termux/files/usr/include/ruby-2.4.0/ruby/backward -I/data/data/com.termux/files/usr/include/ruby-2.4.0 -I. -I/data/data/com.termux/files/usr/include -I/data/data/com.termux/files/usr/include -isystem /data/data/com.termux/files/usr/include/libandroid-support    -Os -fPIC  conftest.c  -L. -L/data/data/com.termux/files/usr/lib -L. -L/data/data/com.termux/files/usr/lib -landroid-support -fstack-protector -rdynamic -Wl,-export-dynamic -L/data/data/com.termux/files/usr/lib     -lssl -lcrypto -lruby  -lssl -lcrypto -lgmp -ldl -lm   -lc"
/data/data/com.termux/files/usr/tmp/conftest-6e7cda.o: In function `t':
conftest.c:(.text+0x40): undefined reference to `BN_GENCB_get_arg'
clang-5.0: error: linker command failed with exit code 1 (use -v to see invocation)
checked program was:
/* begin */
 1: #include "ruby.h"
 2: 
 3: /*top*/
 4: extern int t(void);
 5: int main(int argc, char **argv)
 6: {
 7:   if (argc > 1000000) {
 8:     printf("%p", &t);
 9:   }
10: 
11:   return 0;
12: }
13: extern void BN_GENCB_get_arg();
14: int t(void) { BN_GENCB_get_arg(); return 0; }
/* end */

--------------------

have_func: checking for EVP_MD_CTX_new()... -------------------- no

"aarch64-linux-android-clang -o conftest -I/data/data/com.termux/files/usr/include/ruby-2.4.0/aarch64-linux-android -I/data/data/com.termux/files/usr/include/ruby-2.4.0/ruby/backward -I/data/data/com.termux/files/usr/include/ruby-2.4.0 -I. -I/data/data/com.termux/files/usr/include -I/data/data/com.termux/files/usr/include -isystem /data/data/com.termux/files/usr/include/libandroid-support    -Os -fPIC  conftest.c  -L. -L/data/data/com.termux/files/usr/lib -L. -L/data/data/com.termux/files/usr/lib -landroid-support -fstack-protector -rdynamic -Wl,-export-dynamic -L/data/data/com.termux/files/usr/lib     -lssl -lcrypto -lruby  -lssl -lcrypto -lgmp -ldl -lm   -lc"
conftest.c:13:57: error: use of undeclared identifier 'EVP_MD_CTX_new'
int t(void) { void ((*volatile p)()); p = (void ((*)()))EVP_MD_CTX_new; return !p; }
                                                        ^
1 error generated.
checked program was:
/* begin */
 1: #include "ruby.h"
 2: 
 3: /*top*/
 4: extern int t(void);
 5: int main(int argc, char **argv)
 6: {
 7:   if (argc > 1000000) {
 8:     printf("%p", &t);
 9:   }
10: 
11:   return 0;
12: }
13: int t(void) { void ((*volatile p)()); p = (void ((*)()))EVP_MD_CTX_new; return !p; }
/* end */

"aarch64-linux-android-clang -o conftest -I/data/data/com.termux/files/usr/include/ruby-2.4.0/aarch64-linux-android -I/data/data/com.termux/files/usr/include/ruby-2.4.0/ruby/backward -I/data/data/com.termux/files/usr/include/ruby-2.4.0 -I. -I/data/data/com.termux/files/usr/include -I/data/data/com.termux/files/usr/include -isystem /data/data/com.termux/files/usr/include/libandroid-support    -Os -fPIC  conftest.c  -L. -L/data/data/com.termux/files/usr/lib -L. -L/data/data/com.termux/files/usr/lib -landroid-support -fstack-protector -rdynamic -Wl,-export-dynamic -L/data/data/com.termux/files/usr/lib     -lssl -lcrypto -lruby  -lssl -lcrypto -lgmp -ldl -lm   -lc"
/data/data/com.termux/files/usr/tmp/conftest-091ea3.o: In function `t':
conftest.c:(.text+0x40): undefined reference to `EVP_MD_CTX_new'
clang-5.0: error: linker command failed with exit code 1 (use -v to see invocation)
checked program was:
/* begin */
 1: #include "ruby.h"
 2: 
 3: /*top*/
 4: extern int t(void);
 5: int main(int argc, char **argv)
 6: {
 7:   if (argc > 1000000) {
 8:     printf("%p", &t);
 9:   }
10: 
11:   return 0;
12: }
13: extern void EVP_MD_CTX_new();
14: int t(void) { EVP_MD_CTX_new(); return 0; }
/* end */

--------------------

have_func: checking for EVP_MD_CTX_free()... -------------------- no

"aarch64-linux-android-clang -o conftest -I/data/data/com.termux/files/usr/include/ruby-2.4.0/aarch64-linux-android -I/data/data/com.termux/files/usr/include/ruby-2.4.0/ruby/backward -I/data/data/com.termux/files/usr/include/ruby-2.4.0 -I. -I/data/data/com.termux/files/usr/include -I/data/data/com.termux/files/usr/include -isystem /data/data/com.termux/files/usr/include/libandroid-support    -Os -fPIC  conftest.c  -L. -L/data/data/com.termux/files/usr/lib -L. -L/data/data/com.termux/files/usr/lib -landroid-support -fstack-protector -rdynamic -Wl,-export-dynamic -L/data/data/com.termux/files/usr/lib     -lssl -lcrypto -lruby  -lssl -lcrypto -lgmp -ldl -lm   -lc"
conftest.c:13:57: error: use of undeclared identifier 'EVP_MD_CTX_free'
int t(void) { void ((*volatile p)()); p = (void ((*)()))EVP_MD_CTX_free; return !p; }
                                                        ^
1 error generated.
checked program was:
/* begin */
 1: #include "ruby.h"
 2: 
 3: /*top*/
 4: extern int t(void);
 5: int main(int argc, char **argv)
 6: {
 7:   if (argc > 1000000) {
 8:     printf("%p", &t);
 9:   }
10: 
11:   return 0;
12: }
13: int t(void) { void ((*volatile p)()); p = (void ((*)()))EVP_MD_CTX_free; return !p; }
/* end */

"aarch64-linux-android-clang -o conftest -I/data/data/com.termux/files/usr/include/ruby-2.4.0/aarch64-linux-android -I/data/data/com.termux/files/usr/include/ruby-2.4.0/ruby/backward -I/data/data/com.termux/files/usr/include/ruby-2.4.0 -I. -I/data/data/com.termux/files/usr/include -I/data/data/com.termux/files/usr/include -isystem /data/data/com.termux/files/usr/include/libandroid-support    -Os -fPIC  conftest.c  -L. -L/data/data/com.termux/files/usr/lib -L. -L/data/data/com.termux/files/usr/lib -landroid-support -fstack-protector -rdynamic -Wl,-export-dynamic -L/data/data/com.termux/files/usr/lib     -lssl -lcrypto -lruby  -lssl -lcrypto -lgmp -ldl -lm   -lc"
/data/data/com.termux/files/usr/tmp/conftest-2d6dc6.o: In function `t':
conftest.c:(.text+0x40): undefined reference to `EVP_MD_CTX_free'
clang-5.0: error: linker command failed with exit code 1 (use -v to see invocation)
checked program was:
/* begin */
 1: #include "ruby.h"
 2: 
 3: /*top*/
 4: extern int t(void);
 5: int main(int argc, char **argv)
 6: {
 7:   if (argc > 1000000) {
 8:     printf("%p", &t);
 9:   }
10: 
11:   return 0;
12: }
13: extern void EVP_MD_CTX_free();
14: int t(void) { EVP_MD_CTX_free(); return 0; }
/* end */

--------------------

have_func: checking for HMAC_CTX_new()... -------------------- no

"aarch64-linux-android-clang -o conftest -I/data/data/com.termux/files/usr/include/ruby-2.4.0/aarch64-linux-android -I/data/data/com.termux/files/usr/include/ruby-2.4.0/ruby/backward -I/data/data/com.termux/files/usr/include/ruby-2.4.0 -I. -I/data/data/com.termux/files/usr/include -I/data/data/com.termux/files/usr/include -isystem /data/data/com.termux/files/usr/include/libandroid-support    -Os -fPIC  conftest.c  -L. -L/data/data/com.termux/files/usr/lib -L. -L/data/data/com.termux/files/usr/lib -landroid-support -fstack-protector -rdynamic -Wl,-export-dynamic -L/data/data/com.termux/files/usr/lib     -lssl -lcrypto -lruby  -lssl -lcrypto -lgmp -ldl -lm   -lc"
conftest.c:13:57: error: use of undeclared identifier 'HMAC_CTX_new'
int t(void) { void ((*volatile p)()); p = (void ((*)()))HMAC_CTX_new; return !p; }
                                                        ^
1 error generated.
checked program was:
/* begin */
 1: #include "ruby.h"
 2: 
 3: /*top*/
 4: extern int t(void);
 5: int main(int argc, char **argv)
 6: {
 7:   if (argc > 1000000) {
 8:     printf("%p", &t);
 9:   }
10: 
11:   return 0;
12: }
13: int t(void) { void ((*volatile p)()); p = (void ((*)()))HMAC_CTX_new; return !p; }
/* end */

"aarch64-linux-android-clang -o conftest -I/data/data/com.termux/files/usr/include/ruby-2.4.0/aarch64-linux-android -I/data/data/com.termux/files/usr/include/ruby-2.4.0/ruby/backward -I/data/data/com.termux/files/usr/include/ruby-2.4.0 -I. -I/data/data/com.termux/files/usr/include -I/data/data/com.termux/files/usr/include -isystem /data/data/com.termux/files/usr/include/libandroid-support    -Os -fPIC  conftest.c  -L. -L/data/data/com.termux/files/usr/lib -L. -L/data/data/com.termux/files/usr/lib -landroid-support -fstack-protector -rdynamic -Wl,-export-dynamic -L/data/data/com.termux/files/usr/lib     -lssl -lcrypto -lruby  -lssl -lcrypto -lgmp -ldl -lm   -lc"
/data/data/com.termux/files/usr/tmp/conftest-19ccc9.o: In function `t':
conftest.c:(.text+0x40): undefined reference to `HMAC_CTX_new'
clang-5.0: error: linker command failed with exit code 1 (use -v to see invocation)
checked program was:
/* begin */
 1: #include "ruby.h"
 2: 
 3: /*top*/
 4: extern int t(void);
 5: int main(int argc, char **argv)
 6: {
 7:   if (argc > 1000000) {
 8:     printf("%p", &t);
 9:   }
10: 
11:   return 0;
12: }
13: extern void HMAC_CTX_new();
14: int t(void) { HMAC_CTX_new(); return 0; }
/* end */

--------------------

have_func: checking for HMAC_CTX_free()... -------------------- no

"aarch64-linux-android-clang -o conftest -I/data/data/com.termux/files/usr/include/ruby-2.4.0/aarch64-linux-android -I/data/data/com.termux/files/usr/include/ruby-2.4.0/ruby/backward -I/data/data/com.termux/files/usr/include/ruby-2.4.0 -I. -I/data/data/com.termux/files/usr/include -I/data/data/com.termux/files/usr/include -isystem /data/data/com.termux/files/usr/include/libandroid-support    -Os -fPIC  conftest.c  -L. -L/data/data/com.termux/files/usr/lib -L. -L/data/data/com.termux/files/usr/lib -landroid-support -fstack-protector -rdynamic -Wl,-export-dynamic -L/data/data/com.termux/files/usr/lib     -lssl -lcrypto -lruby  -lssl -lcrypto -lgmp -ldl -lm   -lc"
conftest.c:13:57: error: use of undeclared identifier 'HMAC_CTX_free'
int t(void) { void ((*volatile p)()); p = (void ((*)()))HMAC_CTX_free; return !p; }
                                                        ^
1 error generated.
checked program was:
/* begin */
 1: #include "ruby.h"
 2: 
 3: /*top*/
 4: extern int t(void);
 5: int main(int argc, char **argv)
 6: {
 7:   if (argc > 1000000) {
 8:     printf("%p", &t);
 9:   }
10: 
11:   return 0;
12: }
13: int t(void) { void ((*volatile p)()); p = (void ((*)()))HMAC_CTX_free; return !p; }
/* end */

"aarch64-linux-android-clang -o conftest -I/data/data/com.termux/files/usr/include/ruby-2.4.0/aarch64-linux-android -I/data/data/com.termux/files/usr/include/ruby-2.4.0/ruby/backward -I/data/data/com.termux/files/usr/include/ruby-2.4.0 -I. -I/data/data/com.termux/files/usr/include -I/data/data/com.termux/files/usr/include -isystem /data/data/com.termux/files/usr/include/libandroid-support    -Os -fPIC  conftest.c  -L. -L/data/data/com.termux/files/usr/lib -L. -L/data/data/com.termux/files/usr/lib -landroid-support -fstack-protector -rdynamic -Wl,-export-dynamic -L/data/data/com.termux/files/usr/lib     -lssl -lcrypto -lruby  -lssl -lcrypto -lgmp -ldl -lm   -lc"
/data/data/com.termux/files/usr/tmp/conftest-8683fe.o: In function `t':
conftest.c:(.text+0x40): undefined reference to `HMAC_CTX_free'
clang-5.0: error: linker command failed with exit code 1 (use -v to see invocation)
checked program was:
/* begin */
 1: #include "ruby.h"
 2: 
 3: /*top*/
 4: extern int t(void);
 5: int main(int argc, char **argv)
 6: {
 7:   if (argc > 1000000) {
 8:     printf("%p", &t);
 9:   }
10: 
11:   return 0;
12: }
13: extern void HMAC_CTX_free();
14: int t(void) { HMAC_CTX_free(); return 0; }
/* end */

--------------------

have_func: checking for RAND_pseudo_bytes() in openssl/rand.h with -Werror=deprecated-declarations... -------------------- yes

"aarch64-linux-android-clang -o conftest -I/data/data/com.termux/files/usr/include/ruby-2.4.0/aarch64-linux-android -I/data/data/com.termux/files/usr/include/ruby-2.4.0/ruby/backward -I/data/data/com.termux/files/usr/include/ruby-2.4.0 -I. -I/data/data/com.termux/files/usr/include -I/data/data/com.termux/files/usr/include -isystem /data/data/com.termux/files/usr/include/libandroid-support    -Os -fPIC  conftest.c  -L. -L/data/data/com.termux/files/usr/lib -L. -L/data/data/com.termux/files/usr/lib -landroid-support -fstack-protector -rdynamic -Wl,-export-dynamic -L/data/data/com.termux/files/usr/lib     -lssl -lcrypto -lruby -Werror=deprecated-declarations  -lssl -lcrypto -lgmp -ldl -lm   -lc"
checked program was:
/* begin */
 1: #include "ruby.h"
 2: 
 3: #include <openssl/rand.h>
 4: 
 5: /*top*/
 6: extern int t(void);
 7: int main(int argc, char **argv)
 8: {
 9:   if (argc > 1000000) {
10:     printf("%p", &t);
11:   }
12: 
13:   return 0;
14: }
15: int t(void) { void ((*volatile p)()); p = (void ((*)()))RAND_pseudo_bytes; return !p; }
/* end */

--------------------

have_func: checking for X509_STORE_get_ex_data()... -------------------- no

"aarch64-linux-android-clang -o conftest -I/data/data/com.termux/files/usr/include/ruby-2.4.0/aarch64-linux-android -I/data/data/com.termux/files/usr/include/ruby-2.4.0/ruby/backward -I/data/data/com.termux/files/usr/include/ruby-2.4.0 -I. -I/data/data/com.termux/files/usr/include -I/data/data/com.termux/files/usr/include -isystem /data/data/com.termux/files/usr/include/libandroid-support    -Os -fPIC  conftest.c  -L. -L/data/data/com.termux/files/usr/lib -L. -L/data/data/com.termux/files/usr/lib -landroid-support -fstack-protector -rdynamic -Wl,-export-dynamic -L/data/data/com.termux/files/usr/lib     -lssl -lcrypto -lruby  -lssl -lcrypto -lgmp -ldl -lm   -lc"
conftest.c:13:57: error: use of undeclared identifier 'X509_STORE_get_ex_data'
int t(void) { void ((*volatile p)()); p = (void ((*)()))X509_STORE_get_ex_data; return !p; }
                                                        ^
1 error generated.
checked program was:
/* begin */
 1: #include "ruby.h"
 2: 
 3: /*top*/
 4: extern int t(void);
 5: int main(int argc, char **argv)
 6: {
 7:   if (argc > 1000000) {
 8:     printf("%p", &t);
 9:   }
10: 
11:   return 0;
12: }
13: int t(void) { void ((*volatile p)()); p = (void ((*)()))X509_STORE_get_ex_data; return !p; }
/* end */

"aarch64-linux-android-clang -o conftest -I/data/data/com.termux/files/usr/include/ruby-2.4.0/aarch64-linux-android -I/data/data/com.termux/files/usr/include/ruby-2.4.0/ruby/backward -I/data/data/com.termux/files/usr/include/ruby-2.4.0 -I. -I/data/data/com.termux/files/usr/include -I/data/data/com.termux/files/usr/include -isystem /data/data/com.termux/files/usr/include/libandroid-support    -Os -fPIC  conftest.c  -L. -L/data/data/com.termux/files/usr/lib -L. -L/data/data/com.termux/files/usr/lib -landroid-support -fstack-protector -rdynamic -Wl,-export-dynamic -L/data/data/com.termux/files/usr/lib     -lssl -lcrypto -lruby  -lssl -lcrypto -lgmp -ldl -lm   -lc"
/data/data/com.termux/files/usr/tmp/conftest-18c46c.o: In function `t':
conftest.c:(.text+0x40): undefined reference to `X509_STORE_get_ex_data'
clang-5.0: error: linker command failed with exit code 1 (use -v to see invocation)
checked program was:
/* begin */
 1: #include "ruby.h"
 2: 
 3: /*top*/
 4: extern int t(void);
 5: int main(int argc, char **argv)
 6: {
 7:   if (argc > 1000000) {
 8:     printf("%p", &t);
 9:   }
10: 
11:   return 0;
12: }
13: extern void X509_STORE_get_ex_data();
14: int t(void) { X509_STORE_get_ex_data(); return 0; }
/* end */

--------------------

have_func: checking for X509_STORE_set_ex_data()... -------------------- no

"aarch64-linux-android-clang -o conftest -I/data/data/com.termux/files/usr/include/ruby-2.4.0/aarch64-linux-android -I/data/data/com.termux/files/usr/include/ruby-2.4.0/ruby/backward -I/data/data/com.termux/files/usr/include/ruby-2.4.0 -I. -I/data/data/com.termux/files/usr/include -I/data/data/com.termux/files/usr/include -isystem /data/data/com.termux/files/usr/include/libandroid-support    -Os -fPIC  conftest.c  -L. -L/data/data/com.termux/files/usr/lib -L. -L/data/data/com.termux/files/usr/lib -landroid-support -fstack-protector -rdynamic -Wl,-export-dynamic -L/data/data/com.termux/files/usr/lib     -lssl -lcrypto -lruby  -lssl -lcrypto -lgmp -ldl -lm   -lc"
conftest.c:13:57: error: use of undeclared identifier 'X509_STORE_set_ex_data'
int t(void) { void ((*volatile p)()); p = (void ((*)()))X509_STORE_set_ex_data; return !p; }
                                                        ^
1 error generated.
checked program was:
/* begin */
 1: #include "ruby.h"
 2: 
 3: /*top*/
 4: extern int t(void);
 5: int main(int argc, char **argv)
 6: {
 7:   if (argc > 1000000) {
 8:     printf("%p", &t);
 9:   }
10: 
11:   return 0;
12: }
13: int t(void) { void ((*volatile p)()); p = (void ((*)()))X509_STORE_set_ex_data; return !p; }
/* end */

"aarch64-linux-android-clang -o conftest -I/data/data/com.termux/files/usr/include/ruby-2.4.0/aarch64-linux-android -I/data/data/com.termux/files/usr/include/ruby-2.4.0/ruby/backward -I/data/data/com.termux/files/usr/include/ruby-2.4.0 -I. -I/data/data/com.termux/files/usr/include -I/data/data/com.termux/files/usr/include -isystem /data/data/com.termux/files/usr/include/libandroid-support    -Os -fPIC  conftest.c  -L. -L/data/data/com.termux/files/usr/lib -L. -L/data/data/com.termux/files/usr/lib -landroid-support -fstack-protector -rdynamic -Wl,-export-dynamic -L/data/data/com.termux/files/usr/lib     -lssl -lcrypto -lruby  -lssl -lcrypto -lgmp -ldl -lm   -lc"
/data/data/com.termux/files/usr/tmp/conftest-ad700e.o: In function `t':
conftest.c:(.text+0x40): undefined reference to `X509_STORE_set_ex_data'
clang-5.0: error: linker command failed with exit code 1 (use -v to see invocation)
checked program was:
/* begin */
 1: #include "ruby.h"
 2: 
 3: /*top*/
 4: extern int t(void);
 5: int main(int argc, char **argv)
 6: {
 7:   if (argc > 1000000) {
 8:     printf("%p", &t);
 9:   }
10: 
11:   return 0;
12: }
13: extern void X509_STORE_set_ex_data();
14: int t(void) { X509_STORE_set_ex_data(); return 0; }
/* end */

--------------------

have_func: checking for X509_CRL_get0_signature()... -------------------- no

"aarch64-linux-android-clang -o conftest -I/data/data/com.termux/files/usr/include/ruby-2.4.0/aarch64-linux-android -I/data/data/com.termux/files/usr/include/ruby-2.4.0/ruby/backward -I/data/data/com.termux/files/usr/include/ruby-2.4.0 -I. -I/data/data/com.termux/files/usr/include -I/data/data/com.termux/files/usr/include -isystem /data/data/com.termux/files/usr/include/libandroid-support    -Os -fPIC  conftest.c  -L. -L/data/data/com.termux/files/usr/lib -L. -L/data/data/com.termux/files/usr/lib -landroid-support -fstack-protector -rdynamic -Wl,-export-dynamic -L/data/data/com.termux/files/usr/lib     -lssl -lcrypto -lruby  -lssl -lcrypto -lgmp -ldl -lm   -lc"
conftest.c:13:57: error: use of undeclared identifier 'X509_CRL_get0_signature'
int t(void) { void ((*volatile p)()); p = (void ((*)()))X509_CRL_get0_signature; return !p; }
                                                        ^
1 error generated.
checked program was:
/* begin */
 1: #include "ruby.h"
 2: 
 3: /*top*/
 4: extern int t(void);
 5: int main(int argc, char **argv)
 6: {
 7:   if (argc > 1000000) {
 8:     printf("%p", &t);
 9:   }
10: 
11:   return 0;
12: }
13: int t(void) { void ((*volatile p)()); p = (void ((*)()))X509_CRL_get0_signature; return !p; }
/* end */

"aarch64-linux-android-clang -o conftest -I/data/data/com.termux/files/usr/include/ruby-2.4.0/aarch64-linux-android -I/data/data/com.termux/files/usr/include/ruby-2.4.0/ruby/backward -I/data/data/com.termux/files/usr/include/ruby-2.4.0 -I. -I/data/data/com.termux/files/usr/include -I/data/data/com.termux/files/usr/include -isystem /data/data/com.termux/files/usr/include/libandroid-support    -Os -fPIC  conftest.c  -L. -L/data/data/com.termux/files/usr/lib -L. -L/data/data/com.termux/files/usr/lib -landroid-support -fstack-protector -rdynamic -Wl,-export-dynamic -L/data/data/com.termux/files/usr/lib     -lssl -lcrypto -lruby  -lssl -lcrypto -lgmp -ldl -lm   -lc"
/data/data/com.termux/files/usr/tmp/conftest-bcb145.o: In function `t':
conftest.c:(.text+0x40): undefined reference to `X509_CRL_get0_signature'
clang-5.0: error: linker command failed with exit code 1 (use -v to see invocation)
checked program was:
/* begin */
 1: #include "ruby.h"
 2: 
 3: /*top*/
 4: extern int t(void);
 5: int main(int argc, char **argv)
 6: {
 7:   if (argc > 1000000) {
 8:     printf("%p", &t);
 9:   }
10: 
11:   return 0;
12: }
13: extern void X509_CRL_get0_signature();
14: int t(void) { X509_CRL_get0_signature(); return 0; }
/* end */

--------------------

have_func: checking for X509_REQ_get0_signature()... -------------------- no

"aarch64-linux-android-clang -o conftest -I/data/data/com.termux/files/usr/include/ruby-2.4.0/aarch64-linux-android -I/data/data/com.termux/files/usr/include/ruby-2.4.0/ruby/backward -I/data/data/com.termux/files/usr/include/ruby-2.4.0 -I. -I/data/data/com.termux/files/usr/include -I/data/data/com.termux/files/usr/include -isystem /data/data/com.termux/files/usr/include/libandroid-support    -Os -fPIC  conftest.c  -L. -L/data/data/com.termux/files/usr/lib -L. -L/data/data/com.termux/files/usr/lib -landroid-support -fstack-protector -rdynamic -Wl,-export-dynamic -L/data/data/com.termux/files/usr/lib     -lssl -lcrypto -lruby  -lssl -lcrypto -lgmp -ldl -lm   -lc"
conftest.c:13:57: error: use of undeclared identifier 'X509_REQ_get0_signature'
int t(void) { void ((*volatile p)()); p = (void ((*)()))X509_REQ_get0_signature; return !p; }
                                                        ^
1 error generated.
checked program was:
/* begin */
 1: #include "ruby.h"
 2: 
 3: /*top*/
 4: extern int t(void);
 5: int main(int argc, char **argv)
 6: {
 7:   if (argc > 1000000) {
 8:     printf("%p", &t);
 9:   }
10: 
11:   return 0;
12: }
13: int t(void) { void ((*volatile p)()); p = (void ((*)()))X509_REQ_get0_signature; return !p; }
/* end */

"aarch64-linux-android-clang -o conftest -I/data/data/com.termux/files/usr/include/ruby-2.4.0/aarch64-linux-android -I/data/data/com.termux/files/usr/include/ruby-2.4.0/ruby/backward -I/data/data/com.termux/files/usr/include/ruby-2.4.0 -I. -I/data/data/com.termux/files/usr/include -I/data/data/com.termux/files/usr/include -isystem /data/data/com.termux/files/usr/include/libandroid-support    -Os -fPIC  conftest.c  -L. -L/data/data/com.termux/files/usr/lib -L. -L/data/data/com.termux/files/usr/lib -landroid-support -fstack-protector -rdynamic -Wl,-export-dynamic -L/data/data/com.termux/files/usr/lib     -lssl -lcrypto -lruby  -lssl -lcrypto -lgmp -ldl -lm   -lc"
/data/data/com.termux/files/usr/tmp/conftest-88da65.o: In function `t':
conftest.c:(.text+0x40): undefined reference to `X509_REQ_get0_signature'
clang-5.0: error: linker command failed with exit code 1 (use -v to see invocation)
checked program was:
/* begin */
 1: #include "ruby.h"
 2: 
 3: /*top*/
 4: extern int t(void);
 5: int main(int argc, char **argv)
 6: {
 7:   if (argc > 1000000) {
 8:     printf("%p", &t);
 9:   }
10: 
11:   return 0;
12: }
13: extern void X509_REQ_get0_signature();
14: int t(void) { X509_REQ_get0_signature(); return 0; }
/* end */

--------------------

have_func: checking for X509_REVOKED_get0_serialNumber()... -------------------- no

"aarch64-linux-android-clang -o conftest -I/data/data/com.termux/files/usr/include/ruby-2.4.0/aarch64-linux-android -I/data/data/com.termux/files/usr/include/ruby-2.4.0/ruby/backward -I/data/data/com.termux/files/usr/include/ruby-2.4.0 -I. -I/data/data/com.termux/files/usr/include -I/data/data/com.termux/files/usr/include -isystem /data/data/com.termux/files/usr/include/libandroid-support    -Os -fPIC  conftest.c  -L. -L/data/data/com.termux/files/usr/lib -L. -L/data/data/com.termux/files/usr/lib -landroid-support -fstack-protector -rdynamic -Wl,-export-dynamic -L/data/data/com.termux/files/usr/lib     -lssl -lcrypto -lruby  -lssl -lcrypto -lgmp -ldl -lm   -lc"
conftest.c:13:57: error: use of undeclared identifier 'X509_REVOKED_get0_serialNumber'
int t(void) { void ((*volatile p)()); p = (void ((*)()))X509_REVOKED_get0_serialNumber; return !p; }
                                                        ^
1 error generated.
checked program was:
/* begin */
 1: #include "ruby.h"
 2: 
 3: /*top*/
 4: extern int t(void);
 5: int main(int argc, char **argv)
 6: {
 7:   if (argc > 1000000) {
 8:     printf("%p", &t);
 9:   }
10: 
11:   return 0;
12: }
13: int t(void) { void ((*volatile p)()); p = (void ((*)()))X509_REVOKED_get0_serialNumber; return !p; }
/* end */

"aarch64-linux-android-clang -o conftest -I/data/data/com.termux/files/usr/include/ruby-2.4.0/aarch64-linux-android -I/data/data/com.termux/files/usr/include/ruby-2.4.0/ruby/backward -I/data/data/com.termux/files/usr/include/ruby-2.4.0 -I. -I/data/data/com.termux/files/usr/include -I/data/data/com.termux/files/usr/include -isystem /data/data/com.termux/files/usr/include/libandroid-support    -Os -fPIC  conftest.c  -L. -L/data/data/com.termux/files/usr/lib -L. -L/data/data/com.termux/files/usr/lib -landroid-support -fstack-protector -rdynamic -Wl,-export-dynamic -L/data/data/com.termux/files/usr/lib     -lssl -lcrypto -lruby  -lssl -lcrypto -lgmp -ldl -lm   -lc"
/data/data/com.termux/files/usr/tmp/conftest-74bfff.o: In function `t':
conftest.c:(.text+0x40): undefined reference to `X509_REVOKED_get0_serialNumber'
clang-5.0: error: linker command failed with exit code 1 (use -v to see invocation)
checked program was:
/* begin */
 1: #include "ruby.h"
 2: 
 3: /*top*/
 4: extern int t(void);
 5: int main(int argc, char **argv)
 6: {
 7:   if (argc > 1000000) {
 8:     printf("%p", &t);
 9:   }
10: 
11:   return 0;
12: }
13: extern void X509_REVOKED_get0_serialNumber();
14: int t(void) { X509_REVOKED_get0_serialNumber(); return 0; }
/* end */

--------------------

have_func: checking for X509_REVOKED_get0_revocationDate()... -------------------- no

"aarch64-linux-android-clang -o conftest -I/data/data/com.termux/files/usr/include/ruby-2.4.0/aarch64-linux-android -I/data/data/com.termux/files/usr/include/ruby-2.4.0/ruby/backward -I/data/data/com.termux/files/usr/include/ruby-2.4.0 -I. -I/data/data/com.termux/files/usr/include -I/data/data/com.termux/files/usr/include -isystem /data/data/com.termux/files/usr/include/libandroid-support    -Os -fPIC  conftest.c  -L. -L/data/data/com.termux/files/usr/lib -L. -L/data/data/com.termux/files/usr/lib -landroid-support -fstack-protector -rdynamic -Wl,-export-dynamic -L/data/data/com.termux/files/usr/lib     -lssl -lcrypto -lruby  -lssl -lcrypto -lgmp -ldl -lm   -lc"
conftest.c:13:57: error: use of undeclared identifier 'X509_REVOKED_get0_revocationDate'
int t(void) { void ((*volatile p)()); p = (void ((*)()))X509_REVOKED_get0_revocationDate; return !p; }
                                                        ^
1 error generated.
checked program was:
/* begin */
 1: #include "ruby.h"
 2: 
 3: /*top*/
 4: extern int t(void);
 5: int main(int argc, char **argv)
 6: {
 7:   if (argc > 1000000) {
 8:     printf("%p", &t);
 9:   }
10: 
11:   return 0;
12: }
13: int t(void) { void ((*volatile p)()); p = (void ((*)()))X509_REVOKED_get0_revocationDate; return !p; }
/* end */

"aarch64-linux-android-clang -o conftest -I/data/data/com.termux/files/usr/include/ruby-2.4.0/aarch64-linux-android -I/data/data/com.termux/files/usr/include/ruby-2.4.0/ruby/backward -I/data/data/com.termux/files/usr/include/ruby-2.4.0 -I. -I/data/data/com.termux/files/usr/include -I/data/data/com.termux/files/usr/include -isystem /data/data/com.termux/files/usr/include/libandroid-support    -Os -fPIC  conftest.c  -L. -L/data/data/com.termux/files/usr/lib -L. -L/data/data/com.termux/files/usr/lib -landroid-support -fstack-protector -rdynamic -Wl,-export-dynamic -L/data/data/com.termux/files/usr/lib     -lssl -lcrypto -lruby  -lssl -lcrypto -lgmp -ldl -lm   -lc"
/data/data/com.termux/files/usr/tmp/conftest-bb19bf.o: In function `t':
conftest.c:(.text+0x40): undefined reference to `X509_REVOKED_get0_revocationDate'
clang-5.0: error: linker command failed with exit code 1 (use -v to see invocation)
checked program was:
/* begin */
 1: #include "ruby.h"
 2: 
 3: /*top*/
 4: extern int t(void);
 5: int main(int argc, char **argv)
 6: {
 7:   if (argc > 1000000) {
 8:     printf("%p", &t);
 9:   }
10: 
11:   return 0;
12: }
13: extern void X509_REVOKED_get0_revocationDate();
14: int t(void) { X509_REVOKED_get0_revocationDate(); return 0; }
/* end */

--------------------

have_func: checking for X509_get0_tbs_sigalg()... -------------------- no

"aarch64-linux-android-clang -o conftest -I/data/data/com.termux/files/usr/include/ruby-2.4.0/aarch64-linux-android -I/data/data/com.termux/files/usr/include/ruby-2.4.0/ruby/backward -I/data/data/com.termux/files/usr/include/ruby-2.4.0 -I. -I/data/data/com.termux/files/usr/include -I/data/data/com.termux/files/usr/include -isystem /data/data/com.termux/files/usr/include/libandroid-support    -Os -fPIC  conftest.c  -L. -L/data/data/com.termux/files/usr/lib -L. -L/data/data/com.termux/files/usr/lib -landroid-support -fstack-protector -rdynamic -Wl,-export-dynamic -L/data/data/com.termux/files/usr/lib     -lssl -lcrypto -lruby  -lssl -lcrypto -lgmp -ldl -lm   -lc"
conftest.c:13:57: error: use of undeclared identifier 'X509_get0_tbs_sigalg'
int t(void) { void ((*volatile p)()); p = (void ((*)()))X509_get0_tbs_sigalg; return !p; }
                                                        ^
1 error generated.
checked program was:
/* begin */
 1: #include "ruby.h"
 2: 
 3: /*top*/
 4: extern int t(void);
 5: int main(int argc, char **argv)
 6: {
 7:   if (argc > 1000000) {
 8:     printf("%p", &t);
 9:   }
10: 
11:   return 0;
12: }
13: int t(void) { void ((*volatile p)()); p = (void ((*)()))X509_get0_tbs_sigalg; return !p; }
/* end */

"aarch64-linux-android-clang -o conftest -I/data/data/com.termux/files/usr/include/ruby-2.4.0/aarch64-linux-android -I/data/data/com.termux/files/usr/include/ruby-2.4.0/ruby/backward -I/data/data/com.termux/files/usr/include/ruby-2.4.0 -I. -I/data/data/com.termux/files/usr/include -I/data/data/com.termux/files/usr/include -isystem /data/data/com.termux/files/usr/include/libandroid-support    -Os -fPIC  conftest.c  -L. -L/data/data/com.termux/files/usr/lib -L. -L/data/data/com.termux/files/usr/lib -landroid-support -fstack-protector -rdynamic -Wl,-export-dynamic -L/data/data/com.termux/files/usr/lib     -lssl -lcrypto -lruby  -lssl -lcrypto -lgmp -ldl -lm   -lc"
/data/data/com.termux/files/usr/tmp/conftest-56f232.o: In function `t':
conftest.c:(.text+0x40): undefined reference to `X509_get0_tbs_sigalg'
clang-5.0: error: linker command failed with exit code 1 (use -v to see invocation)
checked program was:
/* begin */
 1: #include "ruby.h"
 2: 
 3: /*top*/
 4: extern int t(void);
 5: int main(int argc, char **argv)
 6: {
 7:   if (argc > 1000000) {
 8:     printf("%p", &t);
 9:   }
10: 
11:   return 0;
12: }
13: extern void X509_get0_tbs_sigalg();
14: int t(void) { X509_get0_tbs_sigalg(); return 0; }
/* end */

--------------------

have_func: checking for X509_STORE_CTX_get0_untrusted()... -------------------- no

"aarch64-linux-android-clang -o conftest -I/data/data/com.termux/files/usr/include/ruby-2.4.0/aarch64-linux-android -I/data/data/com.termux/files/usr/include/ruby-2.4.0/ruby/backward -I/data/data/com.termux/files/usr/include/ruby-2.4.0 -I. -I/data/data/com.termux/files/usr/include -I/data/data/com.termux/files/usr/include -isystem /data/data/com.termux/files/usr/include/libandroid-support    -Os -fPIC  conftest.c  -L. -L/data/data/com.termux/files/usr/lib -L. -L/data/data/com.termux/files/usr/lib -landroid-support -fstack-protector -rdynamic -Wl,-export-dynamic -L/data/data/com.termux/files/usr/lib     -lssl -lcrypto -lruby  -lssl -lcrypto -lgmp -ldl -lm   -lc"
conftest.c:13:57: error: use of undeclared identifier 'X509_STORE_CTX_get0_untrusted'
int t(void) { void ((*volatile p)()); p = (void ((*)()))X509_STORE_CTX_get0_untrusted; return !p; }
                                                        ^
1 error generated.
checked program was:
/* begin */
 1: #include "ruby.h"
 2: 
 3: /*top*/
 4: extern int t(void);
 5: int main(int argc, char **argv)
 6: {
 7:   if (argc > 1000000) {
 8:     printf("%p", &t);
 9:   }
10: 
11:   return 0;
12: }
13: int t(void) { void ((*volatile p)()); p = (void ((*)()))X509_STORE_CTX_get0_untrusted; return !p; }
/* end */

"aarch64-linux-android-clang -o conftest -I/data/data/com.termux/files/usr/include/ruby-2.4.0/aarch64-linux-android -I/data/data/com.termux/files/usr/include/ruby-2.4.0/ruby/backward -I/data/data/com.termux/files/usr/include/ruby-2.4.0 -I. -I/data/data/com.termux/files/usr/include -I/data/data/com.termux/files/usr/include -isystem /data/data/com.termux/files/usr/include/libandroid-support    -Os -fPIC  conftest.c  -L. -L/data/data/com.termux/files/usr/lib -L. -L/data/data/com.termux/files/usr/lib -landroid-support -fstack-protector -rdynamic -Wl,-export-dynamic -L/data/data/com.termux/files/usr/lib     -lssl -lcrypto -lruby  -lssl -lcrypto -lgmp -ldl -lm   -lc"
/data/data/com.termux/files/usr/tmp/conftest-93f1b0.o: In function `t':
conftest.c:(.text+0x40): undefined reference to `X509_STORE_CTX_get0_untrusted'
clang-5.0: error: linker command failed with exit code 1 (use -v to see invocation)
checked program was:
/* begin */
 1: #include "ruby.h"
 2: 
 3: /*top*/
 4: extern int t(void);
 5: int main(int argc, char **argv)
 6: {
 7:   if (argc > 1000000) {
 8:     printf("%p", &t);
 9:   }
10: 
11:   return 0;
12: }
13: extern void X509_STORE_CTX_get0_untrusted();
14: int t(void) { X509_STORE_CTX_get0_untrusted(); return 0; }
/* end */

--------------------

have_func: checking for X509_STORE_CTX_get0_cert()... -------------------- no

"aarch64-linux-android-clang -o conftest -I/data/data/com.termux/files/usr/include/ruby-2.4.0/aarch64-linux-android -I/data/data/com.termux/files/usr/include/ruby-2.4.0/ruby/backward -I/data/data/com.termux/files/usr/include/ruby-2.4.0 -I. -I/data/data/com.termux/files/usr/include -I/data/data/com.termux/files/usr/include -isystem /data/data/com.termux/files/usr/include/libandroid-support    -Os -fPIC  conftest.c  -L. -L/data/data/com.termux/files/usr/lib -L. -L/data/data/com.termux/files/usr/lib -landroid-support -fstack-protector -rdynamic -Wl,-export-dynamic -L/data/data/com.termux/files/usr/lib     -lssl -lcrypto -lruby  -lssl -lcrypto -lgmp -ldl -lm   -lc"
conftest.c:13:57: error: use of undeclared identifier 'X509_STORE_CTX_get0_cert'
int t(void) { void ((*volatile p)()); p = (void ((*)()))X509_STORE_CTX_get0_cert; return !p; }
                                                        ^
1 error generated.
checked program was:
/* begin */
 1: #include "ruby.h"
 2: 
 3: /*top*/
 4: extern int t(void);
 5: int main(int argc, char **argv)
 6: {
 7:   if (argc > 1000000) {
 8:     printf("%p", &t);
 9:   }
10: 
11:   return 0;
12: }
13: int t(void) { void ((*volatile p)()); p = (void ((*)()))X509_STORE_CTX_get0_cert; return !p; }
/* end */

"aarch64-linux-android-clang -o conftest -I/data/data/com.termux/files/usr/include/ruby-2.4.0/aarch64-linux-android -I/data/data/com.termux/files/usr/include/ruby-2.4.0/ruby/backward -I/data/data/com.termux/files/usr/include/ruby-2.4.0 -I. -I/data/data/com.termux/files/usr/include -I/data/data/com.termux/files/usr/include -isystem /data/data/com.termux/files/usr/include/libandroid-support    -Os -fPIC  conftest.c  -L. -L/data/data/com.termux/files/usr/lib -L. -L/data/data/com.termux/files/usr/lib -landroid-support -fstack-protector -rdynamic -Wl,-export-dynamic -L/data/data/com.termux/files/usr/lib     -lssl -lcrypto -lruby  -lssl -lcrypto -lgmp -ldl -lm   -lc"
/data/data/com.termux/files/usr/tmp/conftest-7482a1.o: In function `t':
conftest.c:(.text+0x40): undefined reference to `X509_STORE_CTX_get0_cert'
clang-5.0: error: linker command failed with exit code 1 (use -v to see invocation)
checked program was:
/* begin */
 1: #include "ruby.h"
 2: 
 3: /*top*/
 4: extern int t(void);
 5: int main(int argc, char **argv)
 6: {
 7:   if (argc > 1000000) {
 8:     printf("%p", &t);
 9:   }
10: 
11:   return 0;
12: }
13: extern void X509_STORE_CTX_get0_cert();
14: int t(void) { X509_STORE_CTX_get0_cert(); return 0; }
/* end */

--------------------

have_func: checking for X509_STORE_CTX_get0_chain()... -------------------- no

"aarch64-linux-android-clang -o conftest -I/data/data/com.termux/files/usr/include/ruby-2.4.0/aarch64-linux-android -I/data/data/com.termux/files/usr/include/ruby-2.4.0/ruby/backward -I/data/data/com.termux/files/usr/include/ruby-2.4.0 -I. -I/data/data/com.termux/files/usr/include -I/data/data/com.termux/files/usr/include -isystem /data/data/com.termux/files/usr/include/libandroid-support    -Os -fPIC  conftest.c  -L. -L/data/data/com.termux/files/usr/lib -L. -L/data/data/com.termux/files/usr/lib -landroid-support -fstack-protector -rdynamic -Wl,-export-dynamic -L/data/data/com.termux/files/usr/lib     -lssl -lcrypto -lruby  -lssl -lcrypto -lgmp -ldl -lm   -lc"
conftest.c:13:57: error: use of undeclared identifier 'X509_STORE_CTX_get0_chain'
int t(void) { void ((*volatile p)()); p = (void ((*)()))X509_STORE_CTX_get0_chain; return !p; }
                                                        ^
1 error generated.
checked program was:
/* begin */
 1: #include "ruby.h"
 2: 
 3: /*top*/
 4: extern int t(void);
 5: int main(int argc, char **argv)
 6: {
 7:   if (argc > 1000000) {
 8:     printf("%p", &t);
 9:   }
10: 
11:   return 0;
12: }
13: int t(void) { void ((*volatile p)()); p = (void ((*)()))X509_STORE_CTX_get0_chain; return !p; }
/* end */

"aarch64-linux-android-clang -o conftest -I/data/data/com.termux/files/usr/include/ruby-2.4.0/aarch64-linux-android -I/data/data/com.termux/files/usr/include/ruby-2.4.0/ruby/backward -I/data/data/com.termux/files/usr/include/ruby-2.4.0 -I. -I/data/data/com.termux/files/usr/include -I/data/data/com.termux/files/usr/include -isystem /data/data/com.termux/files/usr/include/libandroid-support    -Os -fPIC  conftest.c  -L. -L/data/data/com.termux/files/usr/lib -L. -L/data/data/com.termux/files/usr/lib -landroid-support -fstack-protector -rdynamic -Wl,-export-dynamic -L/data/data/com.termux/files/usr/lib     -lssl -lcrypto -lruby  -lssl -lcrypto -lgmp -ldl -lm   -lc"
/data/data/com.termux/files/usr/tmp/conftest-ccaca9.o: In function `t':
conftest.c:(.text+0x40): undefined reference to `X509_STORE_CTX_get0_chain'
clang-5.0: error: linker command failed with exit code 1 (use -v to see invocation)
checked program was:
/* begin */
 1: #include "ruby.h"
 2: 
 3: /*top*/
 4: extern int t(void);
 5: int main(int argc, char **argv)
 6: {
 7:   if (argc > 1000000) {
 8:     printf("%p", &t);
 9:   }
10: 
11:   return 0;
12: }
13: extern void X509_STORE_CTX_get0_chain();
14: int t(void) { X509_STORE_CTX_get0_chain(); return 0; }
/* end */

--------------------

have_func: checking for OCSP_SINGLERESP_get0_id()... -------------------- no

"aarch64-linux-android-clang -o conftest -I/data/data/com.termux/files/usr/include/ruby-2.4.0/aarch64-linux-android -I/data/data/com.termux/files/usr/include/ruby-2.4.0/ruby/backward -I/data/data/com.termux/files/usr/include/ruby-2.4.0 -I. -I/data/data/com.termux/files/usr/include -I/data/data/com.termux/files/usr/include -isystem /data/data/com.termux/files/usr/include/libandroid-support    -Os -fPIC  conftest.c  -L. -L/data/data/com.termux/files/usr/lib -L. -L/data/data/com.termux/files/usr/lib -landroid-support -fstack-protector -rdynamic -Wl,-export-dynamic -L/data/data/com.termux/files/usr/lib     -lssl -lcrypto -lruby  -lssl -lcrypto -lgmp -ldl -lm   -lc"
conftest.c:13:57: error: use of undeclared identifier 'OCSP_SINGLERESP_get0_id'
int t(void) { void ((*volatile p)()); p = (void ((*)()))OCSP_SINGLERESP_get0_id; return !p; }
                                                        ^
1 error generated.
checked program was:
/* begin */
 1: #include "ruby.h"
 2: 
 3: /*top*/
 4: extern int t(void);
 5: int main(int argc, char **argv)
 6: {
 7:   if (argc > 1000000) {
 8:     printf("%p", &t);
 9:   }
10: 
11:   return 0;
12: }
13: int t(void) { void ((*volatile p)()); p = (void ((*)()))OCSP_SINGLERESP_get0_id; return !p; }
/* end */

"aarch64-linux-android-clang -o conftest -I/data/data/com.termux/files/usr/include/ruby-2.4.0/aarch64-linux-android -I/data/data/com.termux/files/usr/include/ruby-2.4.0/ruby/backward -I/data/data/com.termux/files/usr/include/ruby-2.4.0 -I. -I/data/data/com.termux/files/usr/include -I/data/data/com.termux/files/usr/include -isystem /data/data/com.termux/files/usr/include/libandroid-support    -Os -fPIC  conftest.c  -L. -L/data/data/com.termux/files/usr/lib -L. -L/data/data/com.termux/files/usr/lib -landroid-support -fstack-protector -rdynamic -Wl,-export-dynamic -L/data/data/com.termux/files/usr/lib     -lssl -lcrypto -lruby  -lssl -lcrypto -lgmp -ldl -lm   -lc"
/data/data/com.termux/files/usr/tmp/conftest-3d854c.o: In function `t':
conftest.c:(.text+0x40): undefined reference to `OCSP_SINGLERESP_get0_id'
clang-5.0: error: linker command failed with exit code 1 (use -v to see invocation)
checked program was:
/* begin */
 1: #include "ruby.h"
 2: 
 3: /*top*/
 4: extern int t(void);
 5: int main(int argc, char **argv)
 6: {
 7:   if (argc > 1000000) {
 8:     printf("%p", &t);
 9:   }
10: 
11:   return 0;
12: }
13: extern void OCSP_SINGLERESP_get0_id();
14: int t(void) { OCSP_SINGLERESP_get0_id(); return 0; }
/* end */

--------------------

have_func: checking for SSL_CTX_get_ciphers()... -------------------- no

"aarch64-linux-android-clang -o conftest -I/data/data/com.termux/files/usr/include/ruby-2.4.0/aarch64-linux-android -I/data/data/com.termux/files/usr/include/ruby-2.4.0/ruby/backward -I/data/data/com.termux/files/usr/include/ruby-2.4.0 -I. -I/data/data/com.termux/files/usr/include -I/data/data/com.termux/files/usr/include -isystem /data/data/com.termux/files/usr/include/libandroid-support    -Os -fPIC  conftest.c  -L. -L/data/data/com.termux/files/usr/lib -L. -L/data/data/com.termux/files/usr/lib -landroid-support -fstack-protector -rdynamic -Wl,-export-dynamic -L/data/data/com.termux/files/usr/lib     -lssl -lcrypto -lruby  -lssl -lcrypto -lgmp -ldl -lm   -lc"
conftest.c:13:57: error: use of undeclared identifier 'SSL_CTX_get_ciphers'
int t(void) { void ((*volatile p)()); p = (void ((*)()))SSL_CTX_get_ciphers; return !p; }
                                                        ^
1 error generated.
checked program was:
/* begin */
 1: #include "ruby.h"
 2: 
 3: /*top*/
 4: extern int t(void);
 5: int main(int argc, char **argv)
 6: {
 7:   if (argc > 1000000) {
 8:     printf("%p", &t);
 9:   }
10: 
11:   return 0;
12: }
13: int t(void) { void ((*volatile p)()); p = (void ((*)()))SSL_CTX_get_ciphers; return !p; }
/* end */

"aarch64-linux-android-clang -o conftest -I/data/data/com.termux/files/usr/include/ruby-2.4.0/aarch64-linux-android -I/data/data/com.termux/files/usr/include/ruby-2.4.0/ruby/backward -I/data/data/com.termux/files/usr/include/ruby-2.4.0 -I. -I/data/data/com.termux/files/usr/include -I/data/data/com.termux/files/usr/include -isystem /data/data/com.termux/files/usr/include/libandroid-support    -Os -fPIC  conftest.c  -L. -L/data/data/com.termux/files/usr/lib -L. -L/data/data/com.termux/files/usr/lib -landroid-support -fstack-protector -rdynamic -Wl,-export-dynamic -L/data/data/com.termux/files/usr/lib     -lssl -lcrypto -lruby  -lssl -lcrypto -lgmp -ldl -lm   -lc"
/data/data/com.termux/files/usr/tmp/conftest-bd9399.o: In function `t':
conftest.c:(.text+0x40): undefined reference to `SSL_CTX_get_ciphers'
clang-5.0: error: linker command failed with exit code 1 (use -v to see invocation)
checked program was:
/* begin */
 1: #include "ruby.h"
 2: 
 3: /*top*/
 4: extern int t(void);
 5: int main(int argc, char **argv)
 6: {
 7:   if (argc > 1000000) {
 8:     printf("%p", &t);
 9:   }
10: 
11:   return 0;
12: }
13: extern void SSL_CTX_get_ciphers();
14: int t(void) { SSL_CTX_get_ciphers(); return 0; }
/* end */

--------------------

have_func: checking for X509_up_ref()... -------------------- no

"aarch64-linux-android-clang -o conftest -I/data/data/com.termux/files/usr/include/ruby-2.4.0/aarch64-linux-android -I/data/data/com.termux/files/usr/include/ruby-2.4.0/ruby/backward -I/data/data/com.termux/files/usr/include/ruby-2.4.0 -I. -I/data/data/com.termux/files/usr/include -I/data/data/com.termux/files/usr/include -isystem /data/data/com.termux/files/usr/include/libandroid-support    -Os -fPIC  conftest.c  -L. -L/data/data/com.termux/files/usr/lib -L. -L/data/data/com.termux/files/usr/lib -landroid-support -fstack-protector -rdynamic -Wl,-export-dynamic -L/data/data/com.termux/files/usr/lib     -lssl -lcrypto -lruby  -lssl -lcrypto -lgmp -ldl -lm   -lc"
conftest.c:13:57: error: use of undeclared identifier 'X509_up_ref'
int t(void) { void ((*volatile p)()); p = (void ((*)()))X509_up_ref; return !p; }
                                                        ^
1 error generated.
checked program was:
/* begin */
 1: #include "ruby.h"
 2: 
 3: /*top*/
 4: extern int t(void);
 5: int main(int argc, char **argv)
 6: {
 7:   if (argc > 1000000) {
 8:     printf("%p", &t);
 9:   }
10: 
11:   return 0;
12: }
13: int t(void) { void ((*volatile p)()); p = (void ((*)()))X509_up_ref; return !p; }
/* end */

"aarch64-linux-android-clang -o conftest -I/data/data/com.termux/files/usr/include/ruby-2.4.0/aarch64-linux-android -I/data/data/com.termux/files/usr/include/ruby-2.4.0/ruby/backward -I/data/data/com.termux/files/usr/include/ruby-2.4.0 -I. -I/data/data/com.termux/files/usr/include -I/data/data/com.termux/files/usr/include -isystem /data/data/com.termux/files/usr/include/libandroid-support    -Os -fPIC  conftest.c  -L. -L/data/data/com.termux/files/usr/lib -L. -L/data/data/com.termux/files/usr/lib -landroid-support -fstack-protector -rdynamic -Wl,-export-dynamic -L/data/data/com.termux/files/usr/lib     -lssl -lcrypto -lruby  -lssl -lcrypto -lgmp -ldl -lm   -lc"
/data/data/com.termux/files/usr/tmp/conftest-0a2984.o: In function `t':
conftest.c:(.text+0x40): undefined reference to `X509_up_ref'
clang-5.0: error: linker command failed with exit code 1 (use -v to see invocation)
checked program was:
/* begin */
 1: #include "ruby.h"
 2: 
 3: /*top*/
 4: extern int t(void);
 5: int main(int argc, char **argv)
 6: {
 7:   if (argc > 1000000) {
 8:     printf("%p", &t);
 9:   }
10: 
11:   return 0;
12: }
13: extern void X509_up_ref();
14: int t(void) { X509_up_ref(); return 0; }
/* end */

--------------------

have_func: checking for X509_CRL_up_ref()... -------------------- no

"aarch64-linux-android-clang -o conftest -I/data/data/com.termux/files/usr/include/ruby-2.4.0/aarch64-linux-android -I/data/data/com.termux/files/usr/include/ruby-2.4.0/ruby/backward -I/data/data/com.termux/files/usr/include/ruby-2.4.0 -I. -I/data/data/com.termux/files/usr/include -I/data/data/com.termux/files/usr/include -isystem /data/data/com.termux/files/usr/include/libandroid-support    -Os -fPIC  conftest.c  -L. -L/data/data/com.termux/files/usr/lib -L. -L/data/data/com.termux/files/usr/lib -landroid-support -fstack-protector -rdynamic -Wl,-export-dynamic -L/data/data/com.termux/files/usr/lib     -lssl -lcrypto -lruby  -lssl -lcrypto -lgmp -ldl -lm   -lc"
conftest.c:13:57: error: use of undeclared identifier 'X509_CRL_up_ref'
int t(void) { void ((*volatile p)()); p = (void ((*)()))X509_CRL_up_ref; return !p; }
                                                        ^
1 error generated.
checked program was:
/* begin */
 1: #include "ruby.h"
 2: 
 3: /*top*/
 4: extern int t(void);
 5: int main(int argc, char **argv)
 6: {
 7:   if (argc > 1000000) {
 8:     printf("%p", &t);
 9:   }
10: 
11:   return 0;
12: }
13: int t(void) { void ((*volatile p)()); p = (void ((*)()))X509_CRL_up_ref; return !p; }
/* end */

"aarch64-linux-android-clang -o conftest -I/data/data/com.termux/files/usr/include/ruby-2.4.0/aarch64-linux-android -I/data/data/com.termux/files/usr/include/ruby-2.4.0/ruby/backward -I/data/data/com.termux/files/usr/include/ruby-2.4.0 -I. -I/data/data/com.termux/files/usr/include -I/data/data/com.termux/files/usr/include -isystem /data/data/com.termux/files/usr/include/libandroid-support    -Os -fPIC  conftest.c  -L. -L/data/data/com.termux/files/usr/lib -L. -L/data/data/com.termux/files/usr/lib -landroid-support -fstack-protector -rdynamic -Wl,-export-dynamic -L/data/data/com.termux/files/usr/lib     -lssl -lcrypto -lruby  -lssl -lcrypto -lgmp -ldl -lm   -lc"
/data/data/com.termux/files/usr/tmp/conftest-8ed239.o: In function `t':
conftest.c:(.text+0x40): undefined reference to `X509_CRL_up_ref'
clang-5.0: error: linker command failed with exit code 1 (use -v to see invocation)
checked program was:
/* begin */
 1: #include "ruby.h"
 2: 
 3: /*top*/
 4: extern int t(void);
 5: int main(int argc, char **argv)
 6: {
 7:   if (argc > 1000000) {
 8:     printf("%p", &t);
 9:   }
10: 
11:   return 0;
12: }
13: extern void X509_CRL_up_ref();
14: int t(void) { X509_CRL_up_ref(); return 0; }
/* end */

--------------------

have_func: checking for X509_STORE_up_ref()... -------------------- no

"aarch64-linux-android-clang -o conftest -I/data/data/com.termux/files/usr/include/ruby-2.4.0/aarch64-linux-android -I/data/data/com.termux/files/usr/include/ruby-2.4.0/ruby/backward -I/data/data/com.termux/files/usr/include/ruby-2.4.0 -I. -I/data/data/com.termux/files/usr/include -I/data/data/com.termux/files/usr/include -isystem /data/data/com.termux/files/usr/include/libandroid-support    -Os -fPIC  conftest.c  -L. -L/data/data/com.termux/files/usr/lib -L. -L/data/data/com.termux/files/usr/lib -landroid-support -fstack-protector -rdynamic -Wl,-export-dynamic -L/data/data/com.termux/files/usr/lib     -lssl -lcrypto -lruby  -lssl -lcrypto -lgmp -ldl -lm   -lc"
conftest.c:13:57: error: use of undeclared identifier 'X509_STORE_up_ref'
int t(void) { void ((*volatile p)()); p = (void ((*)()))X509_STORE_up_ref; return !p; }
                                                        ^
1 error generated.
checked program was:
/* begin */
 1: #include "ruby.h"
 2: 
 3: /*top*/
 4: extern int t(void);
 5: int main(int argc, char **argv)
 6: {
 7:   if (argc > 1000000) {
 8:     printf("%p", &t);
 9:   }
10: 
11:   return 0;
12: }
13: int t(void) { void ((*volatile p)()); p = (void ((*)()))X509_STORE_up_ref; return !p; }
/* end */

"aarch64-linux-android-clang -o conftest -I/data/data/com.termux/files/usr/include/ruby-2.4.0/aarch64-linux-android -I/data/data/com.termux/files/usr/include/ruby-2.4.0/ruby/backward -I/data/data/com.termux/files/usr/include/ruby-2.4.0 -I. -I/data/data/com.termux/files/usr/include -I/data/data/com.termux/files/usr/include -isystem /data/data/com.termux/files/usr/include/libandroid-support    -Os -fPIC  conftest.c  -L. -L/data/data/com.termux/files/usr/lib -L. -L/data/data/com.termux/files/usr/lib -landroid-support -fstack-protector -rdynamic -Wl,-export-dynamic -L/data/data/com.termux/files/usr/lib     -lssl -lcrypto -lruby  -lssl -lcrypto -lgmp -ldl -lm   -lc"
/data/data/com.termux/files/usr/tmp/conftest-7854c6.o: In function `t':
conftest.c:(.text+0x40): undefined reference to `X509_STORE_up_ref'
clang-5.0: error: linker command failed with exit code 1 (use -v to see invocation)
checked program was:
/* begin */
 1: #include "ruby.h"
 2: 
 3: /*top*/
 4: extern int t(void);
 5: int main(int argc, char **argv)
 6: {
 7:   if (argc > 1000000) {
 8:     printf("%p", &t);
 9:   }
10: 
11:   return 0;
12: }
13: extern void X509_STORE_up_ref();
14: int t(void) { X509_STORE_up_ref(); return 0; }
/* end */

--------------------

have_func: checking for SSL_SESSION_up_ref()... -------------------- no

"aarch64-linux-android-clang -o conftest -I/data/data/com.termux/files/usr/include/ruby-2.4.0/aarch64-linux-android -I/data/data/com.termux/files/usr/include/ruby-2.4.0/ruby/backward -I/data/data/com.termux/files/usr/include/ruby-2.4.0 -I. -I/data/data/com.termux/files/usr/include -I/data/data/com.termux/files/usr/include -isystem /data/data/com.termux/files/usr/include/libandroid-support    -Os -fPIC  conftest.c  -L. -L/data/data/com.termux/files/usr/lib -L. -L/data/data/com.termux/files/usr/lib -landroid-support -fstack-protector -rdynamic -Wl,-export-dynamic -L/data/data/com.termux/files/usr/lib     -lssl -lcrypto -lruby  -lssl -lcrypto -lgmp -ldl -lm   -lc"
conftest.c:13:57: error: use of undeclared identifier 'SSL_SESSION_up_ref'
int t(void) { void ((*volatile p)()); p = (void ((*)()))SSL_SESSION_up_ref; return !p; }
                                                        ^
1 error generated.
checked program was:
/* begin */
 1: #include "ruby.h"
 2: 
 3: /*top*/
 4: extern int t(void);
 5: int main(int argc, char **argv)
 6: {
 7:   if (argc > 1000000) {
 8:     printf("%p", &t);
 9:   }
10: 
11:   return 0;
12: }
13: int t(void) { void ((*volatile p)()); p = (void ((*)()))SSL_SESSION_up_ref; return !p; }
/* end */

"aarch64-linux-android-clang -o conftest -I/data/data/com.termux/files/usr/include/ruby-2.4.0/aarch64-linux-android -I/data/data/com.termux/files/usr/include/ruby-2.4.0/ruby/backward -I/data/data/com.termux/files/usr/include/ruby-2.4.0 -I. -I/data/data/com.termux/files/usr/include -I/data/data/com.termux/files/usr/include -isystem /data/data/com.termux/files/usr/include/libandroid-support    -Os -fPIC  conftest.c  -L. -L/data/data/com.termux/files/usr/lib -L. -L/data/data/com.termux/files/usr/lib -landroid-support -fstack-protector -rdynamic -Wl,-export-dynamic -L/data/data/com.termux/files/usr/lib     -lssl -lcrypto -lruby  -lssl -lcrypto -lgmp -ldl -lm   -lc"
/data/data/com.termux/files/usr/tmp/conftest-143067.o: In function `t':
conftest.c:(.text+0x40): undefined reference to `SSL_SESSION_up_ref'
clang-5.0: error: linker command failed with exit code 1 (use -v to see invocation)
checked program was:
/* begin */
 1: #include "ruby.h"
 2: 
 3: /*top*/
 4: extern int t(void);
 5: int main(int argc, char **argv)
 6: {
 7:   if (argc > 1000000) {
 8:     printf("%p", &t);
 9:   }
10: 
11:   return 0;
12: }
13: extern void SSL_SESSION_up_ref();
14: int t(void) { SSL_SESSION_up_ref(); return 0; }
/* end */

--------------------

have_func: checking for EVP_PKEY_up_ref()... -------------------- no

"aarch64-linux-android-clang -o conftest -I/data/data/com.termux/files/usr/include/ruby-2.4.0/aarch64-linux-android -I/data/data/com.termux/files/usr/include/ruby-2.4.0/ruby/backward -I/data/data/com.termux/files/usr/include/ruby-2.4.0 -I. -I/data/data/com.termux/files/usr/include -I/data/data/com.termux/files/usr/include -isystem /data/data/com.termux/files/usr/include/libandroid-support    -Os -fPIC  conftest.c  -L. -L/data/data/com.termux/files/usr/lib -L. -L/data/data/com.termux/files/usr/lib -landroid-support -fstack-protector -rdynamic -Wl,-export-dynamic -L/data/data/com.termux/files/usr/lib     -lssl -lcrypto -lruby  -lssl -lcrypto -lgmp -ldl -lm   -lc"
conftest.c:13:57: error: use of undeclared identifier 'EVP_PKEY_up_ref'
int t(void) { void ((*volatile p)()); p = (void ((*)()))EVP_PKEY_up_ref; return !p; }
                                                        ^
1 error generated.
checked program was:
/* begin */
 1: #include "ruby.h"
 2: 
 3: /*top*/
 4: extern int t(void);
 5: int main(int argc, char **argv)
 6: {
 7:   if (argc > 1000000) {
 8:     printf("%p", &t);
 9:   }
10: 
11:   return 0;
12: }
13: int t(void) { void ((*volatile p)()); p = (void ((*)()))EVP_PKEY_up_ref; return !p; }
/* end */

"aarch64-linux-android-clang -o conftest -I/data/data/com.termux/files/usr/include/ruby-2.4.0/aarch64-linux-android -I/data/data/com.termux/files/usr/include/ruby-2.4.0/ruby/backward -I/data/data/com.termux/files/usr/include/ruby-2.4.0 -I. -I/data/data/com.termux/files/usr/include -I/data/data/com.termux/files/usr/include -isystem /data/data/com.termux/files/usr/include/libandroid-support    -Os -fPIC  conftest.c  -L. -L/data/data/com.termux/files/usr/lib -L. -L/data/data/com.termux/files/usr/lib -landroid-support -fstack-protector -rdynamic -Wl,-export-dynamic -L/data/data/com.termux/files/usr/lib     -lssl -lcrypto -lruby  -lssl -lcrypto -lgmp -ldl -lm   -lc"
/data/data/com.termux/files/usr/tmp/conftest-970a19.o: In function `t':
conftest.c:(.text+0x40): undefined reference to `EVP_PKEY_up_ref'
clang-5.0: error: linker command failed with exit code 1 (use -v to see invocation)
checked program was:
/* begin */
 1: #include "ruby.h"
 2: 
 3: /*top*/
 4: extern int t(void);
 5: int main(int argc, char **argv)
 6: {
 7:   if (argc > 1000000) {
 8:     printf("%p", &t);
 9:   }
10: 
11:   return 0;
12: }
13: extern void EVP_PKEY_up_ref();
14: int t(void) { EVP_PKEY_up_ref(); return 0; }
/* end */

--------------------

have_func: checking for SSL_CTX_set_tmp_ecdh_callback() in openssl/ssl.h with -Werror=deprecated-declarations... -------------------- yes

"aarch64-linux-android-clang -o conftest -I/data/data/com.termux/files/usr/include/ruby-2.4.0/aarch64-linux-android -I/data/data/com.termux/files/usr/include/ruby-2.4.0/ruby/backward -I/data/data/com.termux/files/usr/include/ruby-2.4.0 -I. -I/data/data/com.termux/files/usr/include -I/data/data/com.termux/files/usr/include -isystem /data/data/com.termux/files/usr/include/libandroid-support    -Os -fPIC  conftest.c  -L. -L/data/data/com.termux/files/usr/lib -L. -L/data/data/com.termux/files/usr/lib -landroid-support -fstack-protector -rdynamic -Wl,-export-dynamic -L/data/data/com.termux/files/usr/lib     -lssl -lcrypto -lruby -Werror=deprecated-declarations  -lssl -lcrypto -lgmp -ldl -lm   -lc"
checked program was:
/* begin */
 1: #include "ruby.h"
 2: 
 3: #include <openssl/ssl.h>
 4: 
 5: /*top*/
 6: extern int t(void);
 7: int main(int argc, char **argv)
 8: {
 9:   if (argc > 1000000) {
10:     printf("%p", &t);
11:   }
12: 
13:   return 0;
14: }
15: int t(void) { void ((*volatile p)()); p = (void ((*)()))SSL_CTX_set_tmp_ecdh_callback; return !p; }
/* end */

--------------------

have_func: checking for SSL_CTX_set_min_proto_version() in openssl/ssl.h with -Werror=deprecated-declarations... -------------------- no

"aarch64-linux-android-clang -o conftest -I/data/data/com.termux/files/usr/include/ruby-2.4.0/aarch64-linux-android -I/data/data/com.termux/files/usr/include/ruby-2.4.0/ruby/backward -I/data/data/com.termux/files/usr/include/ruby-2.4.0 -I. -I/data/data/com.termux/files/usr/include -I/data/data/com.termux/files/usr/include -isystem /data/data/com.termux/files/usr/include/libandroid-support    -Os -fPIC  conftest.c  -L. -L/data/data/com.termux/files/usr/lib -L. -L/data/data/com.termux/files/usr/lib -landroid-support -fstack-protector -rdynamic -Wl,-export-dynamic -L/data/data/com.termux/files/usr/lib     -lssl -lcrypto -lruby -Werror=deprecated-declarations  -lssl -lcrypto -lgmp -ldl -lm   -lc"
conftest.c:15:57: error: use of undeclared identifier 'SSL_CTX_set_min_proto_version'
int t(void) { void ((*volatile p)()); p = (void ((*)()))SSL_CTX_set_min_proto_version; return !p; }
                                                        ^
1 error generated.
checked program was:
/* begin */
 1: #include "ruby.h"
 2: 
 3: #include <openssl/ssl.h>
 4: 
 5: /*top*/
 6: extern int t(void);
 7: int main(int argc, char **argv)
 8: {
 9:   if (argc > 1000000) {
10:     printf("%p", &t);
11:   }
12: 
13:   return 0;
14: }
15: int t(void) { void ((*volatile p)()); p = (void ((*)()))SSL_CTX_set_min_proto_version; return !p; }
/* end */

"aarch64-linux-android-clang -o conftest -I/data/data/com.termux/files/usr/include/ruby-2.4.0/aarch64-linux-android -I/data/data/com.termux/files/usr/include/ruby-2.4.0/ruby/backward -I/data/data/com.termux/files/usr/include/ruby-2.4.0 -I. -I/data/data/com.termux/files/usr/include -I/data/data/com.termux/files/usr/include -isystem /data/data/com.termux/files/usr/include/libandroid-support    -Os -fPIC  conftest.c  -L. -L/data/data/com.termux/files/usr/lib -L. -L/data/data/com.termux/files/usr/lib -landroid-support -fstack-protector -rdynamic -Wl,-export-dynamic -L/data/data/com.termux/files/usr/lib     -lssl -lcrypto -lruby -Werror=deprecated-declarations  -lssl -lcrypto -lgmp -ldl -lm   -lc"
/data/data/com.termux/files/usr/tmp/conftest-1ee4a2.o: In function `t':
conftest.c:(.text+0x40): undefined reference to `SSL_CTX_set_min_proto_version'
clang-5.0: error: linker command failed with exit code 1 (use -v to see invocation)
checked program was:
/* begin */
 1: #include "ruby.h"
 2: 
 3: #include <openssl/ssl.h>
 4: 
 5: /*top*/
 6: extern int t(void);
 7: int main(int argc, char **argv)
 8: {
 9:   if (argc > 1000000) {
10:     printf("%p", &t);
11:   }
12: 
13:   return 0;
14: }
15: extern void SSL_CTX_set_min_proto_version();
16: int t(void) { SSL_CTX_set_min_proto_version(); return 0; }
/* end */

--------------------

have_macro: checking for SSL_CTX_set_min_proto_version in openssl/ssl.h... -------------------- no

"aarch64-linux-android-clang -I/data/data/com.termux/files/usr/include/ruby-2.4.0/aarch64-linux-android -I/data/data/com.termux/files/usr/include/ruby-2.4.0/ruby/backward -I/data/data/com.termux/files/usr/include/ruby-2.4.0 -I. -I/data/data/com.termux/files/usr/include -I/data/data/com.termux/files/usr/include -isystem /data/data/com.termux/files/usr/include/libandroid-support    -Os -fPIC    -c conftest.c"
conftest.c:6:3: error: 
# error
  ^
conftest.c:7:1: error: expected identifier or '('
|:/ === SSL_CTX_set_min_proto_version undefined === /:|
^
2 errors generated.
checked program was:
/* begin */
1: #include "ruby.h"
2: 
3: #include <openssl/ssl.h>
4: /*top*/
5: #ifndef SSL_CTX_set_min_proto_version
6: # error
7: |:/ === SSL_CTX_set_min_proto_version undefined === /:|
8: #endif
/* end */

--------------------

have_func: checking for SSL_CTX_get_security_level()... -------------------- no

"aarch64-linux-android-clang -o conftest -I/data/data/com.termux/files/usr/include/ruby-2.4.0/aarch64-linux-android -I/data/data/com.termux/files/usr/include/ruby-2.4.0/ruby/backward -I/data/data/com.termux/files/usr/include/ruby-2.4.0 -I. -I/data/data/com.termux/files/usr/include -I/data/data/com.termux/files/usr/include -isystem /data/data/com.termux/files/usr/include/libandroid-support    -Os -fPIC  conftest.c  -L. -L/data/data/com.termux/files/usr/lib -L. -L/data/data/com.termux/files/usr/lib -landroid-support -fstack-protector -rdynamic -Wl,-export-dynamic -L/data/data/com.termux/files/usr/lib     -lssl -lcrypto -lruby  -lssl -lcrypto -lgmp -ldl -lm   -lc"
conftest.c:13:57: error: use of undeclared identifier 'SSL_CTX_get_security_level'
int t(void) { void ((*volatile p)()); p = (void ((*)()))SSL_CTX_get_security_level; return !p; }
                                                        ^
1 error generated.
checked program was:
/* begin */
 1: #include "ruby.h"
 2: 
 3: /*top*/
 4: extern int t(void);
 5: int main(int argc, char **argv)
 6: {
 7:   if (argc > 1000000) {
 8:     printf("%p", &t);
 9:   }
10: 
11:   return 0;
12: }
13: int t(void) { void ((*volatile p)()); p = (void ((*)()))SSL_CTX_get_security_level; return !p; }
/* end */

"aarch64-linux-android-clang -o conftest -I/data/data/com.termux/files/usr/include/ruby-2.4.0/aarch64-linux-android -I/data/data/com.termux/files/usr/include/ruby-2.4.0/ruby/backward -I/data/data/com.termux/files/usr/include/ruby-2.4.0 -I. -I/data/data/com.termux/files/usr/include -I/data/data/com.termux/files/usr/include -isystem /data/data/com.termux/files/usr/include/libandroid-support    -Os -fPIC  conftest.c  -L. -L/data/data/com.termux/files/usr/lib -L. -L/data/data/com.termux/files/usr/lib -landroid-support -fstack-protector -rdynamic -Wl,-export-dynamic -L/data/data/com.termux/files/usr/lib     -lssl -lcrypto -lruby  -lssl -lcrypto -lgmp -ldl -lm   -lc"
/data/data/com.termux/files/usr/tmp/conftest-960575.o: In function `t':
conftest.c:(.text+0x40): undefined reference to `SSL_CTX_get_security_level'
clang-5.0: error: linker command failed with exit code 1 (use -v to see invocation)
checked program was:
/* begin */
 1: #include "ruby.h"
 2: 
 3: /*top*/
 4: extern int t(void);
 5: int main(int argc, char **argv)
 6: {
 7:   if (argc > 1000000) {
 8:     printf("%p", &t);
 9:   }
10: 
11:   return 0;
12: }
13: extern void SSL_CTX_get_security_level();
14: int t(void) { SSL_CTX_get_security_level(); return 0; }
/* end */

--------------------

have_func: checking for X509_get0_notBefore()... -------------------- no

"aarch64-linux-android-clang -o conftest -I/data/data/com.termux/files/usr/include/ruby-2.4.0/aarch64-linux-android -I/data/data/com.termux/files/usr/include/ruby-2.4.0/ruby/backward -I/data/data/com.termux/files/usr/include/ruby-2.4.0 -I. -I/data/data/com.termux/files/usr/include -I/data/data/com.termux/files/usr/include -isystem /data/data/com.termux/files/usr/include/libandroid-support    -Os -fPIC  conftest.c  -L. -L/data/data/com.termux/files/usr/lib -L. -L/data/data/com.termux/files/usr/lib -landroid-support -fstack-protector -rdynamic -Wl,-export-dynamic -L/data/data/com.termux/files/usr/lib     -lssl -lcrypto -lruby  -lssl -lcrypto -lgmp -ldl -lm   -lc"
conftest.c:13:57: error: use of undeclared identifier 'X509_get0_notBefore'
int t(void) { void ((*volatile p)()); p = (void ((*)()))X509_get0_notBefore; return !p; }
                                                        ^
1 error generated.
checked program was:
/* begin */
 1: #include "ruby.h"
 2: 
 3: /*top*/
 4: extern int t(void);
 5: int main(int argc, char **argv)
 6: {
 7:   if (argc > 1000000) {
 8:     printf("%p", &t);
 9:   }
10: 
11:   return 0;
12: }
13: int t(void) { void ((*volatile p)()); p = (void ((*)()))X509_get0_notBefore; return !p; }
/* end */

"aarch64-linux-android-clang -o conftest -I/data/data/com.termux/files/usr/include/ruby-2.4.0/aarch64-linux-android -I/data/data/com.termux/files/usr/include/ruby-2.4.0/ruby/backward -I/data/data/com.termux/files/usr/include/ruby-2.4.0 -I. -I/data/data/com.termux/files/usr/include -I/data/data/com.termux/files/usr/include -isystem /data/data/com.termux/files/usr/include/libandroid-support    -Os -fPIC  conftest.c  -L. -L/data/data/com.termux/files/usr/lib -L. -L/data/data/com.termux/files/usr/lib -landroid-support -fstack-protector -rdynamic -Wl,-export-dynamic -L/data/data/com.termux/files/usr/lib     -lssl -lcrypto -lruby  -lssl -lcrypto -lgmp -ldl -lm   -lc"
/data/data/com.termux/files/usr/tmp/conftest-e06503.o: In function `t':
conftest.c:(.text+0x40): undefined reference to `X509_get0_notBefore'
clang-5.0: error: linker command failed with exit code 1 (use -v to see invocation)
checked program was:
/* begin */
 1: #include "ruby.h"
 2: 
 3: /*top*/
 4: extern int t(void);
 5: int main(int argc, char **argv)
 6: {
 7:   if (argc > 1000000) {
 8:     printf("%p", &t);
 9:   }
10: 
11:   return 0;
12: }
13: extern void X509_get0_notBefore();
14: int t(void) { X509_get0_notBefore(); return 0; }
/* end */

--------------------

have_func: checking for SSL_SESSION_get_protocol_version()... -------------------- no

"aarch64-linux-android-clang -o conftest -I/data/data/com.termux/files/usr/include/ruby-2.4.0/aarch64-linux-android -I/data/data/com.termux/files/usr/include/ruby-2.4.0/ruby/backward -I/data/data/com.termux/files/usr/include/ruby-2.4.0 -I. -I/data/data/com.termux/files/usr/include -I/data/data/com.termux/files/usr/include -isystem /data/data/com.termux/files/usr/include/libandroid-support    -Os -fPIC  conftest.c  -L. -L/data/data/com.termux/files/usr/lib -L. -L/data/data/com.termux/files/usr/lib -landroid-support -fstack-protector -rdynamic -Wl,-export-dynamic -L/data/data/com.termux/files/usr/lib     -lssl -lcrypto -lruby  -lssl -lcrypto -lgmp -ldl -lm   -lc"
conftest.c:13:57: error: use of undeclared identifier 'SSL_SESSION_get_protocol_version'
int t(void) { void ((*volatile p)()); p = (void ((*)()))SSL_SESSION_get_protocol_version; return !p; }
                                                        ^
1 error generated.
checked program was:
/* begin */
 1: #include "ruby.h"
 2: 
 3: /*top*/
 4: extern int t(void);
 5: int main(int argc, char **argv)
 6: {
 7:   if (argc > 1000000) {
 8:     printf("%p", &t);
 9:   }
10: 
11:   return 0;
12: }
13: int t(void) { void ((*volatile p)()); p = (void ((*)()))SSL_SESSION_get_protocol_version; return !p; }
/* end */

"aarch64-linux-android-clang -o conftest -I/data/data/com.termux/files/usr/include/ruby-2.4.0/aarch64-linux-android -I/data/data/com.termux/files/usr/include/ruby-2.4.0/ruby/backward -I/data/data/com.termux/files/usr/include/ruby-2.4.0 -I. -I/data/data/com.termux/files/usr/include -I/data/data/com.termux/files/usr/include -isystem /data/data/com.termux/files/usr/include/libandroid-support    -Os -fPIC  conftest.c  -L. -L/data/data/com.termux/files/usr/lib -L. -L/data/data/com.termux/files/usr/lib -landroid-support -fstack-protector -rdynamic -Wl,-export-dynamic -L/data/data/com.termux/files/usr/lib     -lssl -lcrypto -lruby  -lssl -lcrypto -lgmp -ldl -lm   -lc"
/data/data/com.termux/files/usr/tmp/conftest-144d16.o: In function `t':
conftest.c:(.text+0x40): undefined reference to `SSL_SESSION_get_protocol_version'
clang-5.0: error: linker command failed with exit code 1 (use -v to see invocation)
checked program was:
/* begin */
 1: #include "ruby.h"
 2: 
 3: /*top*/
 4: extern int t(void);
 5: int main(int argc, char **argv)
 6: {
 7:   if (argc > 1000000) {
 8:     printf("%p", &t);
 9:   }
10: 
11:   return 0;
12: }
13: extern void SSL_SESSION_get_protocol_version();
14: int t(void) { SSL_SESSION_get_protocol_version(); return 0; }
/* end */

--------------------

=== Checking done. ===
extconf.h is:
/* begin */
 1: #ifndef EXTCONF_H
 2: #define EXTCONF_H
 3: #define HAVE_OPENSSL_SSL_H 1
 4: #define HAVE_SSL_LIBRARY_INIT 1
 5: #define HAVE_SSLV3_METHOD 1
 6: #define HAVE_TLSV1_1_METHOD 1
 7: #define HAVE_TLSV1_2_METHOD 1
 8: #define HAVE_RAND_EGD 1
 9: #define HAVE_ENGINE_LOAD_BUILTIN_ENGINES 1
10: #define HAVE_ENGINE_LOAD_DYNAMIC 1
11: #define HAVE_ENGINE_LOAD_CRYPTODEV 1
12: #define HAVE_EVP_CIPHER_CTX_NEW 1
13: #define HAVE_EVP_CIPHER_CTX_FREE 1
14: #define HAVE_SSL_CTX_CLEAR_OPTIONS 1
15: #define HAVE_ASN1_TIME_ADJ 1
16: #define HAVE_EVP_CIPHER_CTX_COPY 1
17: #define HAVE_EVP_PKEY_BASE_ID 1
18: #define HAVE_HMAC_CTX_COPY 1
19: #define HAVE_PKCS5_PBKDF2_HMAC 1
20: #define HAVE_X509_NAME_HASH_OLD 1
21: #define HAVE_X509_STORE_CTX_GET0_CURRENT_CRL 1
22: #define HAVE_X509_STORE_SET_VERIFY_CB 1
23: #define HAVE_I2D_ASN1_SET_ANY 1
24: #define HAVE_SSL_SET_TLSEXT_HOST_NAME 1
25: #define HAVE_CRYPTO_THREADID_PTR 1
26: #define HAVE_ST_PTR 1
27: #define HAVE_EVP_PKEY_GET0 1
28: #define HAVE_SSL_CTX_SET_NEXT_PROTO_SELECT_CB 1
29: #define HAVE_AUTHENTICATED_ENCRYPTION 1
30: #define HAVE_EC_CURVE_NIST2NID 1
31: #define HAVE_X509_REVOKED_DUP 1
32: #define HAVE_X509_STORE_CTX_GET0_STORE 1
33: #define HAVE_SSL_CTX_SET_ALPN_SELECT_CB 1
34: #define HAVE_SSL_CTX_SET1_CURVES_LIST 1
35: #define HAVE_SSL_CTX_SET_ECDH_AUTO 1
36: #define HAVE_SSL_GET_SERVER_TMP_KEY 1
37: #define HAVE_SSL_IS_SERVER 1
38: #define HAVE_CRYPTO_LOCK 1
39: #define HAVE_SSL_CTX 1
40: #define HAVE_ST_CTX 1
41: #define HAVE_RAND_PSEUDO_BYTES 1
42: #define HAVE_SSL_CTX_SET_TMP_ECDH_CALLBACK 1
43: #endif
/* end */

Done.
